<?xml version="1.0" encoding="utf-8"?><testsuites name="pytest tests"><testsuite name="pytest" errors="0" failures="0" skipped="0" tests="14" time="0.652" timestamp="2026-07-01T14:40:14.299364+08:00" hostname="egg-Virtual-Machine"><testcase classname="tests.test_yield_alert_sql_runtime.TestQuerySummaryAlertScopeParity" name="test_transaction_qty_matches_tx_extra_cols_dedup_sum_of_alert_candidates" time="0.030" /><testcase classname="tests.test_yield_alert_sql_runtime.TestQuerySummaryAlertScopeParity" name="test_scrap_qty_matches_sum_of_alert_candidate_rows" time="0.021" /><testcase classname="tests.test_yield_alert_sql_runtime.TestQuerySummaryAlertScopeParity" name="test_summary_excludes_rows_failing_alert_candidate_predicate" time="0.020" /><testcase classname="tests.test_yield_alert_sql_runtime.TestQuerySummaryAlertScopeParity" name="test_multi_reason_code_group_counts_transaction_qty_once" time="0.037" /><testcase classname="tests.test_yield_alert_sql_runtime.TestQuerySummaryAlertScopeParity" name="test_naive_sum_over_reason_coded_rows_would_double_count_documents_the_trap" time="0.026" /><testcase classname="tests.test_yield_alert_sql_runtime.TestQuerySummaryAlertScopeParity" name="test_department_name_split_within_one_tx_lookup_group_does_not_break_dedup" time="0.020" /><testcase classname="tests.test_yield_alert_sql_runtime.TestQuerySummaryAlertScopeParity" name="test_summary_and_alerts_share_the_same_cte_builder" time="0.015" /><testcase classname="tests.test_yield_alert_sql_runtime.TestQuerySummaryAlertScopeParity" name="test_try_compute_view_forwards_risk_threshold_and_min_scrap_qty_to_summary" time="0.056" /><testcase classname="tests.test_yield_alert_routes" name="test_summary_route_forwards_risk_threshold_and_min_scrap_qty" time="0.049" /><testcase classname="tests.test_yield_alert_routes" name="test_summary_route_uses_default_thresholds_when_absent" time="0.038" /><testcase classname="tests.test_yield_alert_routes" name="test_view_and_summary_response_shape_unchanged_after_scope_unification" time="0.040" /><testcase classname="tests.test_yield_alert_service.TestKpiCsvReconciliation" name="test_summary_and_alerts_reconcile_end_to_end_with_multi_reason_group" time="0.059" /><testcase classname="tests.test_yield_alert_contracts.TestBusinessRuleYA13" name="test_ya13_rule_documents_kpi_scope_and_tx_extra_cols_dedup_dimension" time="0.001" /><testcase classname="tests.test_yield_alert_contracts.TestBusinessRuleYA13" name="test_changelog_has_version_entries_for_business_data_api" time="0.001" /></testsuite></testsuites>