<?xml version="1.0" encoding="utf-8"?><testsuites name="pytest tests"><testsuite name="pytest" errors="0" failures="0" skipped="0" tests="59" time="1.305" timestamp="2026-07-13T21:28:34.847830+08:00" hostname="EGG"><testcase classname="tests.test_uph_performance_sql_builder.TestChunkWindow" name="test_chunk_window_never_exceeds_6h" time="0.003" /><testcase classname="tests.test_uph_performance_sql_builder.TestChunkWindow" name="test_missing_last_update_time_raises_or_400" time="0.001" /><testcase classname="tests.test_uph_performance_sql_builder.TestChunkWindow" name="test_unbounded_date_range_rejected" time="0.000" /><testcase classname="tests.test_uph_performance_sql_builder.TestFamilyScope" name="test_family_scope_restricted_to_gdba_gwba" time="0.000" /><testcase classname="tests.test_uph_performance_sql_builder.TestFamilyScope" name="test_family_outside_gdba_gwba_returns_400" time="0.000" /><testcase classname="tests.test_uph_performance_sql_builder.TestParameterNameMapping" name="test_gdba_maps_to_bonduph_parameter_name" time="0.000" /><testcase classname="tests.test_uph_performance_sql_builder.TestParameterNameMapping" name="test_gwba_maps_to_fhcm_uph_parameter_name" time="0.000" /><testcase classname="tests.test_uph_performance_sql_builder.TestParameterNameMapping" name="test_parameter_mapping_swap_detected" time="0.000" /><testcase classname="tests.test_uph_performance_sql_builder.TestNoScaleConversion" name="test_uph_value_no_scale_conversion" time="0.000" /><testcase classname="tests.test_uph_performance_sql_builder.TestDbWbLabel" name="test_db_wb_label_via_workcenter_groups_not_prefix" time="0.001" /><testcase classname="tests.test_uph_performance_sql_builder.TestDbWbLabel" name="test_db_wb_label_null_when_workcenter_unmapped" time="0.000" /><testcase classname="tests.test_uph_performance_sql_builder.TestFullTemplateRenderNeverCorruptsHeaderComment" name="test_builder_functions_never_return_embedded_newline" time="0.000" /><testcase classname="tests.test_uph_performance_sql_builder.TestFullTemplateRenderNeverCorruptsHeaderComment" name="test_header_comment_intact_with_no_extra_filters" time="0.000" /><testcase classname="tests.test_uph_performance_sql_builder.TestFullTemplateRenderNeverCorruptsHeaderComment" name="test_header_comment_intact_with_all_extra_filters_combined" time="0.000" /><testcase classname="tests.test_uph_performance_sql_builder.TestFullTemplateRenderNeverCorruptsHeaderComment" name="test_template_prose_never_spells_out_literal_placeholder_braces" time="0.000" /><testcase classname="tests.test_uph_performance_unified_job.TestUphPerformanceJobPreQuery" name="test_pre_query_builds_time_chunks" time="0.001" /><testcase classname="tests.test_uph_performance_unified_job.TestUphPerformanceJobPreQuery" name="test_pre_query_family_filter_scoped_to_selected_family" time="0.000" /><testcase classname="tests.test_uph_performance_unified_job.TestUphPerformanceJobBuildChunkSql" name="test_build_chunk_sql_contains_family_conditional_join" time="0.001" /><testcase classname="tests.test_uph_performance_unified_job.TestUphPerformanceJobPostAggregate" name="test_post_aggregate_writes_parquet_with_correct_columns" time="0.049" /><testcase classname="tests.test_uph_performance_unified_job.TestUphPerformanceJobPostAggregate" name="test_post_aggregate_empty_chunk_dir_writes_empty_parquet" time="0.014" /><testcase classname="tests.integration.test_uph_performance_rq_async.TestUphPerformanceSpoolTrigger" name="test_enqueue_to_uph_performance_queue" time="0.037" /><testcase classname="tests.integration.test_uph_performance_rq_async.TestUphPerformanceSpoolTrigger" name="test_post_spool_missing_date_returns_400" time="0.027" /><testcase classname="tests.integration.test_uph_performance_rq_async.TestUphPerformanceSpoolTrigger" name="test_post_spool_family_outside_enum_returns_400" time="0.027" /><testcase classname="tests.integration.test_uph_performance_rq_async.TestUphPerformanceSpoolTrigger" name="test_spool_miss_returns_202_with_job_id" time="0.028" /><testcase classname="tests.integration.test_uph_performance_rq_async.TestUphPerformanceSpoolTrigger" name="test_spool_miss_worker_unavailable_returns_503_no_fallback" time="0.028" /><testcase classname="tests.integration.test_uph_performance_rq_async.TestUphPerformanceSpoolTrigger" name="test_env_flag_off_is_pure_kill_switch_503_on_miss" time="0.029" /><testcase classname="tests.integration.test_uph_performance_rq_async.TestUphPerformanceSpoolTrigger" name="test_route_forwards_families_workcenter_package_pj_type_equipment_ids_per_kwarg" time="0.064" /><testcase classname="tests.integration.test_uph_performance_rq_async.TestUphPerformanceSpoolTrigger" name="test_async_route_worker_signature_bind" time="0.000" /><testcase classname="tests.integration.test_uph_performance_rq_async.TestUphPerformanceSpoolCacheHit" name="test_spool_cache_hit_returns_200" time="0.028" /><testcase classname="tests.integration.test_uph_performance_rq_async.TestUphPerformanceWorkerBridges" name="test_worker_fn_bridges_container_and_resource_dims" time="0.024" /><testcase classname="tests.integration.test_uph_performance_rq_async.TestUphPerformanceWorkerBridges" name="test_worker_fn_time_chunks_never_exceed_6h" time="0.001" /><testcase classname="tests.integration.test_uph_performance_rq_async.TestUphPerformanceWorkerBridges" name="test_worker_fn_oracle_sql_contains_last_update_time_predicate" time="0.000" /><testcase classname="tests.integration.test_uph_performance_rq_async.TestUphPerformanceFineFilters" name="test_ranking_endpoint_pj_type_filter_independent_of_global_pj_type" time="0.030" /><testcase classname="tests.integration.test_uph_performance_rq_async.TestUphPerformanceFineFilters" name="test_ranking_pj_type_empty_while_global_pj_type_populated" time="0.027" /><testcase classname="tests.integration.test_uph_performance_rq_async.TestUphPerformanceFineFilters" name="test_ranking_sorted_ascending_by_avg_uph" time="0.012" /><testcase classname="tests.integration.test_uph_performance_rq_async.TestUphPerformanceFineFilters" name="test_ranking_avg_uph_null_not_zero_for_zero_sample" time="0.013" /><testcase classname="tests.integration.test_uph_performance_rq_async.TestUphPerformanceFineFilters" name="test_trend_group_by_default_family" time="0.027" /><testcase classname="tests.integration.test_uph_performance_rq_async.TestUphPerformanceFineFilters" name="test_trend_group_by_unknown_value_returns_400" time="0.026" /><testcase classname="tests.integration.test_uph_performance_rq_async.TestUphPerformanceFineFilters" name="test_trend_missing_hour_bucket_is_null_not_zero" time="0.011" /><testcase classname="tests.integration.test_uph_performance_rq_async.TestUphPerformanceFineFilters" name="test_detail_per_page_capped_at_200" time="0.028" /><testcase classname="tests.integration.test_uph_performance_rq_async.TestUphPerformanceResilience" name="test_oracle_fault_mid_chunk_no_partial_spool" time="0.002" /><testcase classname="tests.integration.test_uph_performance_rq_async.TestUphPerformanceResilience" name="test_redis_unavailable_returns_503_no_legacy_fallback" time="0.027" /><testcase classname="tests.integration.test_uph_performance_data_boundary.TestZeroRowEmptyState" name="test_zero_rows_for_bonduph_returns_empty_not_error" time="0.089" /><testcase classname="tests.integration.test_uph_performance_data_boundary.TestZeroRowEmptyState" name="test_zero_rows_for_fhcm_uph_returns_empty_not_error" time="0.038" /><testcase classname="tests.integration.test_uph_performance_data_boundary.TestNoParameterNameLeak" name="test_empty_state_message_is_generic_no_parameter_name_leak" time="0.066" /><testcase classname="tests.integration.test_uph_performance_data_boundary.TestStateDistinctness" name="test_empty_state_distinct_from_job_failed_state" time="0.039" /><testcase classname="tests.integration.test_uph_performance_data_boundary.TestStateDistinctness" name="test_empty_state_distinct_from_worker_unavailable_state" time="0.029" /><testcase classname="tests.integration.test_uph_performance_data_boundary.TestStateDistinctness" name="test_state_expired_410_distinct_from_state_empty" time="0.039" /><testcase classname="tests.contract.test_uph_performance_contract.TestSpoolEnvelopes" name="test_spool_202_envelope_matches_schema" time="0.030" /><testcase classname="tests.contract.test_uph_performance_contract.TestSpoolEnvelopes" name="test_spool_200_spool_hit_envelope_matches_schema" time="0.026" /><testcase classname="tests.contract.test_uph_performance_contract.TestSpoolEnvelopes" name="test_spool_503_service_unavailable_has_retry_after" time="0.070" /><testcase classname="tests.contract.test_uph_performance_contract.TestSpoolEnvelopes" name="test_spool_400_validation_error_envelope" time="0.026" /><testcase classname="tests.contract.test_uph_performance_contract.TestFilterOptionsShapes" name="test_filter_options_response_shape" time="0.039" /><testcase classname="tests.contract.test_uph_performance_contract.TestFilterOptionsShapes" name="test_product_filter_options_response_shape" time="0.028" /><testcase classname="tests.contract.test_uph_performance_contract.TestFilterOptionsShapes" name="test_product_filter_options_500_shape" time="0.027" /><testcase classname="tests.contract.test_uph_performance_contract.TestTrendRankingDetailShapes" name="test_trend_response_shape_labels_series_group_by" time="0.037" /><testcase classname="tests.contract.test_uph_performance_contract.TestTrendRankingDetailShapes" name="test_ranking_response_shape_items_pj_types" time="0.037" /><testcase classname="tests.contract.test_uph_performance_contract.TestTrendRankingDetailShapes" name="test_detail_response_shape_rows_meta" time="0.038" /><testcase classname="tests.contract.test_uph_performance_contract.TestOpenApiSchemaResolution" name="test_openapi_schema_resolves_for_all_6_endpoints" time="0.002" /></testsuite></testsuites>