<?xml version="1.0" encoding="utf-8"?><testsuites name="pytest tests"><testsuite name="pytest" errors="0" failures="0" skipped="1" tests="9" time="0.097" timestamp="2026-07-01T12:55:04.661035+08:00" hostname="egg-Virtual-Machine"><testcase classname="tests.test_eap_alarm_service.TestEquipmentFilterEmptyNoOp" name="test_empty_machines_returns_always_true_no_op" time="0.010" /><testcase classname="tests.test_eap_alarm_service.TestMachinesValidation" name="test_single_valid_eqp_type_no_error" time="0.003" /><testcase classname="tests.test_eap_alarm_service.TestMachinesValidation" name="test_multiple_valid_eqp_types_no_error" time="0.000" /><testcase classname="tests.test_eap_alarm_service.TestMachinesValidation" name="test_empty_list_raises_value_error" time="0.001" /><testcase classname="tests.test_eap_alarm_service.TestMachinesValidation" name="test_none_raises_value_error" time="0.000" /><testcase classname="tests.test_eap_alarm_service.TestMachinesValidation" name="test_empty_string_in_list_raises_value_error" time="0.000" /><testcase classname="tests.test_eap_alarm_service.TestMachinesValidation" name="test_full_equipment_id_string_no_error" time="0.000" /><testcase classname="tests.test_eap_alarm_service.TestMachinesValidation" name="test_out_of_old_enum_value_no_longer_raises" time="0.000" /><testcase classname="tests.integration.test_eap_alarm_resilience" name="test_empty_eqp_types_with_product_dims_only_builds_valid_sql" time="0.000"><skipped type="pytest.skip" message="need --run-integration option to run">/home/egg/Project/DashBoard_vite/tests/integration/test_eap_alarm_resilience.py:221: need --run-integration option to run</skipped></testcase></testsuite></testsuites>