<?xml version="1.0" encoding="utf-8"?><testsuites name="pytest tests"><testsuite name="pytest" errors="0" failures="0" skipped="0" tests="66" time="1.494" timestamp="2026-06-29T10:39:36.417780+08:00" hostname="egg-Virtual-Machine"><testcase classname="tests.test_mid_section_defect_service" name="test_query_analysis_invalid_date_format_returns_error" time="0.002" /><testcase classname="tests.test_mid_section_defect_service" name="test_query_analysis_start_after_end_returns_error" time="0.001" /><testcase classname="tests.test_mid_section_defect_service" name="test_query_analysis_exceeds_max_days_returns_error" time="0.001" /><testcase classname="tests.test_mid_section_defect_service" name="test_resolve_msd_seeds_at_station_deduplicates_results_and_uses_station_sql" time="0.006" /><testcase classname="tests.test_mid_section_defect_service" name="test_resolve_msd_seeds_at_station_rejects_unsupported_type" time="0.000" /><testcase classname="tests.test_mid_section_defect_service" name="test_query_analysis_detail_returns_sorted_first_page" time="0.001" /><testcase classname="tests.test_mid_section_defect_service" name="test_query_analysis_detail_clamps_page_to_last_page" time="0.001" /><testcase classname="tests.test_mid_section_defect_service" name="test_query_analysis_detail_returns_error_passthrough" time="0.001" /><testcase classname="tests.test_mid_section_defect_service" name="test_query_analysis_detail_returns_none_on_service_failure" time="0.001" /><testcase classname="tests.test_mid_section_defect_service" name="test_query_all_loss_reasons_cache_hit_skips_query" time="0.001" /><testcase classname="tests.test_mid_section_defect_service" name="test_query_all_loss_reasons_cache_miss_queries_and_caches_sorted_values" time="0.001" /><testcase classname="tests.test_mid_section_defect_service" name="test_query_analysis_prefers_spool_runtime" time="0.019" /><testcase classname="tests.test_mid_section_defect_service" name="test_query_analysis_returns_pending_on_spool_miss" time="0.003" /><testcase classname="tests.test_mid_section_defect_service" name="test_execute_msd_compat_job_registers_detection_stage_for_detail_queries" time="0.007" /><testcase classname="tests.test_mid_section_defect_service" name="test_query_station_options_returns_ordered_list" time="0.000" /><testcase classname="tests.test_mid_section_defect_service" name="test_normalize_upstream_event_records_ignores_metadata_side_channel_fields" time="0.001" /><testcase classname="tests.test_mid_section_defect_service" name="test_build_trace_aggregation_surfaces_non_complete_quality_meta" time="0.016" /><testcase classname="tests.test_mid_section_defect_service" name="test_attribute_materials_basic_rate_calculation" time="0.001" /><testcase classname="tests.test_mid_section_defect_service" name="test_attribute_materials_null_lot_name" time="0.000" /><testcase classname="tests.test_mid_section_defect_service" name="test_attribute_materials_with_loss_reason_filter" time="0.000" /><testcase classname="tests.test_mid_section_defect_service" name="test_attribute_wafer_roots_basic" time="0.000" /><testcase classname="tests.test_mid_section_defect_service" name="test_attribute_wafer_roots_self_root" time="0.000" /><testcase classname="tests.test_mid_section_defect_service" name="test_attribute_wafer_roots_multiple_roots" time="0.000" /><testcase classname="tests.test_mid_section_defect_service" name="test_attribute_defects_filters_stations_at_or_after_detection_station" time="0.063" /><testcase classname="tests.test_mid_section_defect_service" name="test_attribute_defects_multi_station_uses_per_lot_cutoff" time="0.002" /><testcase classname="tests.test_mid_section_defect_service" name="test_build_detail_table_structured_upstream_machines" time="0.004" /><testcase classname="tests.test_mid_section_defect_service" name="test_build_detail_table_structured_upstream_materials" time="0.003" /><testcase classname="tests.test_mid_section_defect_service" name="test_build_detail_table_wafer_root" time="0.004" /><testcase classname="tests.test_mid_section_defect_service" name="test_build_detail_table_multiple_defect_reasons_expand_rows" time="0.004" /><testcase classname="tests.test_mid_section_defect_service" name="test_build_detail_table_deduplicates_machines" time="0.004" /><testcase classname="tests.test_mid_section_defect_service" name="test_export_csv_flattens_structured_fields" time="0.001" /><testcase classname="tests.test_mid_section_defect_service.TestMsdEngineParallel" name="test_default_parallel_is_1" time="0.001" /><testcase classname="tests.test_mid_section_defect_service.TestMsdEngineParallel" name="test_parallel_2_passed_to_execute_plan" time="0.001" /><testcase classname="tests.test_mid_section_defect_service.TestMsdPartialFailure" name="test_partial_failure_warning_logged" time="0.001" /><testcase classname="tests.test_mid_section_defect_service.TestMsdPartialFailure" name="test_partial_failure_returned_in_meta" time="0.001" /><testcase classname="tests.test_mid_section_defect_service.TestMsdPartialFailure" name="test_partial_failure_propagated_to_query_analysis" time="0.001" /><testcase classname="tests.test_mid_section_defect_service" name="test_query_analysis_filter_by_pj_type_reduces_rows" time="0.004" /><testcase classname="tests.test_mid_section_defect_service" name="test_query_analysis_filter_by_package_reduces_rows" time="0.004" /><testcase classname="tests.test_mid_section_defect_service" name="test_query_analysis_filter_pj_type_and_package_and_semantics" time="0.004" /><testcase classname="tests.test_mid_section_defect_service" name="test_query_analysis_no_pj_types_packages_output_unchanged" time="0.003" /><testcase classname="tests.test_mid_section_defect_service" name="test_query_analysis_unknown_pj_type_returns_empty_detection" time="0.003" /><testcase classname="tests.test_mid_section_defect_service" name="test_query_analysis_empty_pj_types_list_no_filter" time="0.003" /><testcase classname="tests.test_mid_section_defect_service" name="test_query_analysis_null_pj_type_column_no_crash" time="0.005" /><testcase classname="tests.test_mid_section_defect_routes" name="test_analysis_success" time="0.047" /><testcase classname="tests.test_mid_section_defect_routes" name="test_analysis_with_station_and_direction" time="0.037" /><testcase classname="tests.test_mid_section_defect_routes" name="test_analysis_missing_dates_returns_400" time="0.037" /><testcase classname="tests.test_mid_section_defect_routes" name="test_analysis_service_failure_returns_500" time="0.040" /><testcase classname="tests.test_mid_section_defect_routes" name="test_analysis_rate_limited_returns_429" time="0.096" /><testcase classname="tests.test_mid_section_defect_routes" name="test_analysis_returns_sync_summary" time="0.039" /><testcase classname="tests.test_mid_section_defect_routes" name="test_detail_success" time="0.038" /><testcase classname="tests.test_mid_section_defect_routes" name="test_detail_missing_dates_returns_400" time="0.040" /><testcase classname="tests.test_mid_section_defect_routes" name="test_detail_rate_limited_returns_429" time="0.038" /><testcase classname="tests.test_mid_section_defect_routes" name="test_export_success" time="0.038" /><testcase classname="tests.test_mid_section_defect_routes" name="test_export_rate_limited_returns_429" time="0.040" /><testcase classname="tests.test_mid_section_defect_routes" name="test_station_options_success" time="0.037" /><testcase classname="tests.test_mid_section_defect_routes" name="test_detail_spool_miss_returns_410" time="0.039" /><testcase classname="tests.test_mid_section_defect_routes" name="test_detail_spool_miss_does_not_dispatch_job" time="0.114" /><testcase classname="tests.test_mid_section_defect_routes" name="test_export_spool_miss_returns_410" time="0.039" /><testcase classname="tests.test_mid_section_defect_routes" name="test_export_spool_miss_does_not_dispatch_job" time="0.039" /><testcase classname="tests.test_mid_section_defect_routes" name="test_analysis_forwards_pj_types_kwarg" time="0.042" /><testcase classname="tests.test_mid_section_defect_routes" name="test_analysis_forwards_packages_kwarg" time="0.040" /><testcase classname="tests.test_mid_section_defect_routes" name="test_analysis_absent_pj_types_forwards_unchanged" time="0.039" /><testcase classname="tests.test_mid_section_defect_routes" name="test_container_filter_options_returns_type_and_package_lists" time="0.040" /><testcase classname="tests.test_mid_section_defect_routes" name="test_container_filter_options_does_not_call_read_sql_df" time="0.036" /><testcase classname="tests.test_mid_section_defect_routes" name="test_container_filter_options_malformed_selected_returns_400" time="0.037" /><testcase classname="tests.test_mid_section_defect_routes" name="test_analysis_route_malformed_pj_types_no_5xx" time="0.105" /></testsuite></testsuites>