<?xml version="1.0" encoding="utf-8"?><testsuites name="pytest tests"><testsuite name="pytest" errors="0" failures="0" skipped="0" tests="142" time="0.621" timestamp="2026-06-19T12:32:56.737129+08:00" hostname="egg-Virtual-Machine"><testcase classname="tests.test_resource_history_service.TestValidateDateRange" name="test_date_range_exceeds_max" time="0.002" /><testcase classname="tests.test_resource_history_service.TestValidateDateRange" name="test_end_date_before_start_date" time="0.001" /><testcase classname="tests.test_resource_history_service.TestValidateDateRange" name="test_invalid_date_format" time="0.000" /><testcase classname="tests.test_resource_history_service.TestValidateDateRange" name="test_valid_date_range" time="0.000" /><testcase classname="tests.test_resource_history_service.TestGetDateTrunc" name="test_day_granularity" time="0.000" /><testcase classname="tests.test_resource_history_service.TestGetDateTrunc" name="test_month_granularity" time="0.000" /><testcase classname="tests.test_resource_history_service.TestGetDateTrunc" name="test_unknown_granularity" time="0.000" /><testcase classname="tests.test_resource_history_service.TestGetDateTrunc" name="test_week_granularity" time="0.000" /><testcase classname="tests.test_resource_history_service.TestGetDateTrunc" name="test_year_granularity" time="0.001" /><testcase classname="tests.test_resource_history_service.TestCalcOuPct" name="test_all_prd" time="0.000" /><testcase classname="tests.test_resource_history_service.TestCalcOuPct" name="test_no_prd" time="0.000" /><testcase classname="tests.test_resource_history_service.TestCalcOuPct" name="test_normal_calculation" time="0.000" /><testcase classname="tests.test_resource_history_service.TestCalcOuPct" name="test_zero_denominator" time="0.000" /><testcase classname="tests.test_resource_history_service.TestCalcAvailabilityPct" name="test_all_available" time="0.000" /><testcase classname="tests.test_resource_history_service.TestCalcAvailabilityPct" name="test_mixed_scenario" time="0.000" /><testcase classname="tests.test_resource_history_service.TestCalcAvailabilityPct" name="test_no_available_time" time="0.000" /><testcase classname="tests.test_resource_history_service.TestCalcAvailabilityPct" name="test_normal_calculation" time="0.000" /><testcase classname="tests.test_resource_history_service.TestCalcAvailabilityPct" name="test_zero_denominator" time="0.000" /><testcase classname="tests.test_resource_history_service.TestBuildKpiFromDf" name="test_empty_dataframe" time="0.001" /><testcase classname="tests.test_resource_history_service.TestBuildKpiFromDf" name="test_none_values_in_dataframe" time="0.003" /><testcase classname="tests.test_resource_history_service.TestBuildKpiFromDf" name="test_normal_dataframe" time="0.001" /><testcase classname="tests.test_resource_history_service.TestBuildDetailFromDf" name="test_empty_dataframe" time="0.001" /><testcase classname="tests.test_resource_history_service.TestBuildDetailFromDf" name="test_normal_dataframe" time="0.002" /><testcase classname="tests.test_resource_history_service.TestGetFilterOptions" name="test_cache_failure" time="0.001" /><testcase classname="tests.test_resource_history_service.TestGetFilterOptions" name="test_successful_query" time="0.019" /><testcase classname="tests.test_resource_history_service.TestQuerySummary" name="test_invalid_date_range" time="0.001" /><testcase classname="tests.test_resource_history_service.TestQuerySummary" name="test_successful_query" time="0.004" /><testcase classname="tests.test_resource_history_service.TestQueryDetail" name="test_invalid_date_range" time="0.000" /><testcase classname="tests.test_resource_history_service.TestQueryDetail" name="test_successful_query" time="0.002" /><testcase classname="tests.test_resource_history_service.TestExportCsv" name="test_invalid_date_range" time="0.000" /><testcase classname="tests.test_resource_history_service.TestExportCsv" name="test_successful_export" time="0.007" /><testcase classname="tests.test_resource_history_service.TestTtlBifurcation" name="test_historical_query_gets_long_ttl" time="0.001" /><testcase classname="tests.test_resource_history_service.TestTtlBifurcation" name="test_recent_query_keeps_short_ttl" time="0.000" /><testcase classname="tests.test_resource_history_service.TestTtlBifurcation" name="test_ttl_boundary_exactly_2_days_ago" time="0.000" /><testcase classname="tests.test_resource_history_service.TestFlagOffRegression" name="test_flag_off_behavior_unchanged" time="0.001" /><testcase classname="tests.test_resource_history_service.TestDegradedPath" name="test_flag_on_no_worker_returns_503" time="0.094" /><testcase classname="tests.test_resource_history_service.TestSyncFallbackAbsent" name="test_sync_fallback_not_present_in_unified_path" time="0.003" /><testcase classname="tests.test_resource_history_service.TestEnvDefaultPin" name="test_use_unified_job_default_is_off" time="0.001" /><testcase classname="tests.test_resource_history_unified_job.TestResourceHistoryBaseJob" name="test_requires_cross_chunk_reduction_is_false" time="0.001" /><testcase classname="tests.test_resource_history_unified_job.TestResourceHistoryBaseJob" name="test_chunk_strategy_is_time" time="0.000" /><testcase classname="tests.test_resource_history_unified_job.TestResourceHistoryBaseJob" name="test_build_chunk_sql_binds_date_range" time="0.001" /><testcase classname="tests.test_resource_history_unified_job.TestResourceHistoryBaseJob" name="test_namespace_is_resource_dataset" time="0.000" /><testcase classname="tests.test_resource_history_unified_job.TestResourceHistoryBaseJob" name="test_always_async_registered" time="0.001" /><testcase classname="tests.test_resource_history_unified_job.TestResourceHistoryOeeJob" name="test_requires_cross_chunk_reduction_is_true" time="0.001" /><testcase classname="tests.test_resource_history_unified_job.TestResourceHistoryOeeJob" name="test_build_chunk_sql_extends_reject_window_30d_before_chunk_start" time="0.001" /><testcase classname="tests.test_resource_history_unified_job.TestResourceHistoryOeeJob" name="test_build_chunk_sql_extends_reject_window_30d_after_chunk_end" time="0.001" /><testcase classname="tests.test_resource_history_unified_job.TestResourceHistoryOeeJob" name="test_namespace_is_resource_oee" time="0.000" /><testcase classname="tests.test_resource_history_unified_job.TestResourceHistoryOeeJob" name="test_always_async_registered" time="0.001" /><testcase classname="tests.test_resource_history_unified_job.TestOeeChunkSeamParity" name="test_ng_event_at_chunk_boundary_captured_in_output" time="0.001" /><testcase classname="tests.test_resource_history_unified_job.TestOeeChunkSeamParity" name="test_ng_event_within_30d_window_captured" time="0.001" /><testcase classname="tests.test_resource_history_unified_job.TestOeeChunkSeamParity" name="test_ng_event_beyond_30d_window_excluded" time="0.001" /><testcase classname="tests.test_resource_history_unified_job.TestOeeChunkSeamParity" name="test_oee_ratio_of_sums_matches_single_pass_within_1e6" time="0.041" /><testcase classname="tests.test_resource_history_unified_job.TestIterrowsReplacement" name="test_duckdb_join_output_matches_iterrows_output" time="0.012" /><testcase classname="tests.test_resource_history_unified_job.TestIterrowsReplacement" name="test_duckdb_join_handles_zero_denominator" time="0.010" /><testcase classname="tests.test_resource_history_unified_job.TestSpoolSchemaUnchanged" name="test_base_parquet_columns_match_legacy_schema" time="0.012" /><testcase classname="tests.test_resource_history_unified_job.TestSpoolSchemaUnchanged" name="test_oee_parquet_columns_match_legacy_schema" time="0.010" /><testcase classname="tests.test_resource_history_job_service.TestUnifiedJobDispatch" name="test_flag_on_enqueues_base_job" time="0.001" /><testcase classname="tests.test_resource_history_job_service.TestUnifiedJobDispatch" name="test_flag_on_enqueues_oee_job" time="0.037" /><testcase classname="tests.test_resource_history_job_service.TestUnifiedJobDispatch" name="test_flag_on_enqueues_both_jobs_in_same_call" time="0.039" /><testcase classname="tests.test_resource_history_job_service.TestUnifiedJobDispatch" name="test_flag_off_uses_legacy_path_not_unified" time="0.000" /><testcase classname="tests.test_resource_history_job_service.TestUnifiedJobDispatch" name="test_flag_patched_via_setattr_not_setenv" time="0.000" /><testcase classname="tests.test_query_cost_policy.TestL0SpoolHit" name="test_l0_spool_hit_returns_sync" time="0.001" /><testcase classname="tests.test_query_cost_policy.TestL0SpoolHit" name="test_l0_short_circuits_l1" time="0.000" /><testcase classname="tests.test_query_cost_policy.TestL0SpoolHit" name="test_l0_short_circuits_l2" time="0.000" /><testcase classname="tests.test_query_cost_policy.TestL0SpoolHit" name="test_l0_short_circuits_l3" time="0.001" /><testcase classname="tests.test_query_cost_policy.TestL1AlwaysAsyncDomain" name="test_l1_always_async_domain_returns_async[eap_alarm]" time="0.000" /><testcase classname="tests.test_query_cost_policy.TestL1AlwaysAsyncDomain" name="test_l1_always_async_domain_returns_async[trace]" time="0.000" /><testcase classname="tests.test_query_cost_policy.TestL1AlwaysAsyncDomain" name="test_l1_always_async_domain_returns_async[msd]" time="0.000" /><testcase classname="tests.test_query_cost_policy.TestL1AlwaysAsyncDomain" name="test_l1_does_not_short_circuit_when_spool_hit" time="0.000" /><testcase classname="tests.test_query_cost_policy.TestL1AlwaysAsyncDomain" name="test_l1_always_async_policy_flag" time="0.001" /><testcase classname="tests.test_query_cost_policy.TestL2DateSpan" name="test_l2_date_span_over_threshold" time="0.000" /><testcase classname="tests.test_query_cost_policy.TestL2DateSpan" name="test_l2_date_span_at_threshold" time="0.000" /><testcase classname="tests.test_query_cost_policy.TestL2DateSpan" name="test_l2_date_span_under_threshold" time="0.000" /><testcase classname="tests.test_query_cost_policy.TestL2DateSpan" name="test_l2_string_dates_accepted" time="0.000" /><testcase classname="tests.test_query_cost_policy.TestL2DateSpan" name="test_l2_missing_dates_skips_check" time="0.000" /><testcase classname="tests.test_query_cost_policy.TestL3RowCount" name="test_l3_rowcount_over_threshold" time="0.001" /><testcase classname="tests.test_query_cost_policy.TestL3RowCount" name="test_l3_rowcount_at_threshold" time="0.000" /><testcase classname="tests.test_query_cost_policy.TestL3RowCount" name="test_l3_rowcount_under_threshold" time="0.000" /><testcase classname="tests.test_query_cost_policy.TestL3RowCount" name="test_l3_row_count_fn_error_does_not_raise" time="0.000" /><testcase classname="tests.test_query_cost_policy.TestL3RowCount" name="test_l2_short_circuits_l3" time="0.000" /><testcase classname="tests.test_query_cost_policy.TestL3RowCount" name="test_all_under_threshold_returns_sync" time="0.001" /><testcase classname="tests.test_query_cost_policy.TestDeprecationWarning" name="test_deprecation_warning_for_async_threshold_env[DOWNTIME_ASYNC_DAY_THRESHOLD]" time="0.000" /><testcase classname="tests.test_query_cost_policy.TestDeprecationWarning" name="test_deprecation_warning_for_async_threshold_env[HOLD_ASYNC_DAY_THRESHOLD]" time="0.000" /><testcase classname="tests.test_query_cost_policy.TestDeprecationWarning" name="test_deprecation_warning_for_async_threshold_env[RESOURCE_ASYNC_DAY_THRESHOLD]" time="0.000" /><testcase classname="tests.test_query_cost_policy.TestDeprecationWarning" name="test_deprecation_warning_for_async_threshold_env[REJECT_ASYNC_DAY_THRESHOLD]" time="0.000" /><testcase classname="tests.test_query_cost_policy.TestDeprecationWarning" name="test_no_deprecation_warning_without_env_var" time="0.000" /><testcase classname="tests.test_query_cost_policy.TestNoPandasAndNoCallers" name="test_no_pandas_import_in_new_modules[module_path0]" time="0.001" /><testcase classname="tests.test_query_cost_policy.TestNoPandasAndNoCallers" name="test_no_pandas_import_in_new_modules[module_path1]" time="0.001" /><testcase classname="tests.test_query_cost_policy.TestNoPandasAndNoCallers" name="test_no_pandas_import_in_new_modules[module_path2]" time="0.003" /><testcase classname="tests.test_query_cost_policy.TestNoPandasAndNoCallers" name="test_no_caller_outside_tests" time="0.015" /><testcase classname="tests.test_async_query_job_service.TestIsAsyncAvailable" name="test_returns_true_when_rq_installed_redis_up_workers_exist" time="0.001" /><testcase classname="tests.test_async_query_job_service.TestIsAsyncAvailable" name="test_returns_false_when_redis_unavailable" time="0.001" /><testcase classname="tests.test_async_query_job_service.TestIsAsyncAvailable" name="test_returns_false_when_redis_ping_fails" time="0.001" /><testcase classname="tests.test_async_query_job_service.TestIsAsyncAvailable" name="test_returns_false_when_no_workers" time="0.001" /><testcase classname="tests.test_async_query_job_service.TestIsAsyncAvailable" name="test_returns_false_when_rq_not_installed" time="0.001" /><testcase classname="tests.test_async_query_job_service.TestIsAsyncAvailable" name="test_ttl_cache_returns_cached_value_within_window" time="0.001" /><testcase classname="tests.test_async_query_job_service.TestIsAsyncAvailable" name="test_ttl_cache_refreshes_after_expiry" time="0.001" /><testcase classname="tests.test_async_query_job_service.TestIsAsyncAvailable" name="test_returns_false_when_worker_query_raises" time="0.001" /><testcase classname="tests.test_async_query_job_service.TestEnqueueJob" name="test_returns_job_id_on_success" time="0.002" /><testcase classname="tests.test_async_query_job_service.TestEnqueueJob" name="test_initial_metadata_has_queued_status" time="0.002" /><testcase classname="tests.test_async_query_job_service.TestEnqueueJob" name="test_returns_none_error_when_rq_not_installed" time="0.001" /><testcase classname="tests.test_async_query_job_service.TestEnqueueJob" name="test_returns_none_error_when_redis_unavailable" time="0.001" /><testcase classname="tests.test_async_query_job_service.TestEnqueueJob" name="test_returns_none_error_when_queue_enqueue_raises" time="0.002" /><testcase classname="tests.test_async_query_job_service.TestEnqueueJob" name="test_uses_provided_job_id" time="0.003" /><testcase classname="tests.test_async_query_job_service.TestEnqueueJob" name="test_default_retry_enabled_when_not_explicitly_overridden" time="0.002" /><testcase classname="tests.test_async_query_job_service.TestEnqueueJob" name="test_retry_can_be_disabled_explicitly" time="0.002" /><testcase classname="tests.test_async_query_job_service.TestEnqueueJob" name="test_custom_retry_configuration_is_forwarded" time="0.002" /><testcase classname="tests.test_async_query_job_service.TestEnqueueJob" name="test_default_timeout_is_600_seconds" time="0.000" /><testcase classname="tests.test_async_query_job_service.TestGetJobStatus" name="test_returns_none_for_missing_job" time="0.001" /><testcase classname="tests.test_async_query_job_service.TestGetJobStatus" name="test_returns_none_when_redis_unavailable" time="0.000" /><testcase classname="tests.test_async_query_job_service.TestGetJobStatus" name="test_returns_dict_with_correct_fields_for_existing_job" time="0.001" /><testcase classname="tests.test_async_query_job_service.TestGetJobStatus" name="test_elapsed_seconds_calculated_correctly" time="0.001" /><testcase classname="tests.test_async_query_job_service.TestGetJobStatus" name="test_includes_query_id_for_completed_job" time="0.001" /><testcase classname="tests.test_async_query_job_service.TestGetJobStatus" name="test_error_field_populated_for_failed_job" time="0.001" /><testcase classname="tests.test_async_query_job_service.TestGetJobStatus" name="test_pct_omitted_when_empty" time="0.001" /><testcase classname="tests.test_async_query_job_service.TestUpdateJobProgress" name="test_writes_fields_to_redis_hset" time="0.001" /><testcase classname="tests.test_async_query_job_service.TestUpdateJobProgress" name="test_silently_returns_when_redis_unavailable" time="0.000" /><testcase classname="tests.test_async_query_job_service.TestUpdateJobProgress" name="test_silently_handles_hset_error" time="0.001" /><testcase classname="tests.test_async_query_job_service.TestCompleteJob" name="test_sets_status_completed_with_query_id" time="0.001" /><testcase classname="tests.test_async_query_job_service.TestCompleteJob" name="test_sets_status_failed_with_error_message" time="0.002" /><testcase classname="tests.test_async_query_job_service.TestCompleteJob" name="test_completed_at_is_recent_timestamp" time="0.001" /><testcase classname="tests.test_async_query_job_service.TestCompleteJob" name="test_silently_returns_when_redis_unavailable" time="0.001" /><testcase classname="tests.test_async_query_job_service.TestCompleteJob" name="test_handles_none_query_id" time="0.001" /><testcase classname="tests.test_async_query_job_service.TestCompleteJob" name="test_failure_increments_failed_job_counter_and_logs_warning" time="0.002" /><testcase classname="tests.test_async_query_job_service.TestMultiStageProgress" name="test_enqueue_job_includes_stage_fields_in_initial_meta" time="0.002" /><testcase classname="tests.test_async_query_job_service.TestMultiStageProgress" name="test_update_job_progress_with_stage_stores_correctly" time="0.001" /><testcase classname="tests.test_async_query_job_service.TestMultiStageProgress" name="test_get_job_status_returns_stage_and_completed_stages" time="0.001" /><testcase classname="tests.test_async_query_job_service.TestMultiStageProgress" name="test_get_job_status_returns_dataset_id_when_present" time="0.001" /><testcase classname="tests.test_async_query_job_service.TestMultiStageProgress" name="test_complete_job_stores_dataset_id" time="0.001" /><testcase classname="tests.test_async_query_job_service.TestMultiStageProgress" name="test_completed_stages_empty_not_in_result" time="0.001" /><testcase classname="tests.test_async_query_job_service.TestEnqueueQueryJob" name="test_always_async_unavailable_returns_503_hint" time="0.001" /><testcase classname="tests.test_async_query_job_service.TestEnqueueQueryJob" name="test_always_async_available_proceeds" time="0.001" /><testcase classname="tests.test_async_query_job_service.TestEnqueueQueryJob" name="test_sync_fallback_allowed_skips_503_even_when_unavailable" time="0.001" /><testcase classname="tests.test_async_query_job_service.TestEnqueueQueryJob" name="test_unknown_job_type_returns_none_no_503" time="0.001" /><testcase classname="tests.test_async_query_job_service.TestProductionHistoryUnifiedJobRegistry" name="test_production_history_job_registered_always_async_false" time="0.001" /><testcase classname="tests.test_async_query_job_service.TestProductionHistoryUnifiedJobRegistry" name="test_production_history_job_queue_name" time="0.001" /><testcase classname="tests.test_async_query_job_service.TestRejectHistoryUnifiedJobRegistry" name="test_reject_history_job_registered_always_async_false" time="0.001" /><testcase classname="tests.test_async_query_job_service.TestRejectHistoryUnifiedJobRegistry" name="test_reject_history_job_queue_name" time="0.001" /><testcase classname="tests.test_async_query_job_service.TestResourceHistoryBaseJobRegistry" name="test_base_job_registered_always_async_true" time="0.001" /><testcase classname="tests.test_async_query_job_service.TestResourceHistoryBaseJobRegistry" name="test_base_job_queue_name" time="0.001" /><testcase classname="tests.test_async_query_job_service.TestResourceHistoryOeeJobRegistry" name="test_oee_job_registered_always_async_true" time="0.001" /><testcase classname="tests.test_async_query_job_service.TestResourceHistoryOeeJobRegistry" name="test_oee_job_queue_name" time="0.001" /></testsuite></testsuites>