<?xml version="1.0" encoding="utf-8"?><testsuites name="pytest tests"><testsuite name="pytest" errors="0" failures="0" skipped="0" tests="62" time="0.575" timestamp="2026-06-18T20:15:07.061971+08:00" hostname="egg-Virtual-Machine"><testcase classname="tests.test_oracle_arrow_reader.TestPoolForkSafety" name="test_pool_not_created_at_import" time="0.003" /><testcase classname="tests.test_oracle_arrow_reader.TestChunkIterYieldsRecordBatches" name="test_chunk_iter_yields_record_batches" time="0.006" /><testcase classname="tests.test_oracle_arrow_reader.TestChunkIterYieldsRecordBatches" name="test_chunk_iter_correct_column_names" time="0.004" /><testcase classname="tests.test_oracle_arrow_reader.TestConnectionLifecycle" name="test_conn_closed_on_success" time="0.002" /><testcase classname="tests.test_oracle_arrow_reader.TestConnectionLifecycle" name="test_conn_closed_on_exception" time="0.002" /><testcase classname="tests.test_oracle_arrow_reader.TestConnectionLifecycle" name="test_conn_closed_on_exception_in_record_batch_build" time="0.002" /><testcase classname="tests.test_oracle_arrow_reader.TestEmptyAndNullHandling" name="test_empty_chunk_yields_no_batches" time="0.002" /><testcase classname="tests.test_oracle_arrow_reader.TestEmptyAndNullHandling" name="test_null_values_in_batch" time="0.002" /><testcase classname="tests.test_oracle_arrow_reader.TestEmptyAndNullHandling" name="test_empty_result_conn_still_closed" time="0.001" /><testcase classname="tests.test_oracle_arrow_reader.TestOracleTypeCoercion" name="test_oracle_char_strip" time="0.002" /><testcase classname="tests.test_oracle_arrow_reader.TestOracleTypeCoercion" name="test_oracle_char_strip_no_op_for_non_strings" time="0.002" /><testcase classname="tests.test_oracle_arrow_reader.TestOracleTypeCoercion" name="test_oracle_date_midnight_passthrough" time="0.002" /><testcase classname="tests.test_oracle_arrow_reader.TestOracleTypeCoercion" name="test_multiple_chunks_from_multiple_fetchmany_calls" time="0.002" /><testcase classname="tests.test_query_cost_policy.TestL0SpoolHit" name="test_l0_spool_hit_returns_sync" time="0.002" /><testcase classname="tests.test_query_cost_policy.TestL0SpoolHit" name="test_l0_short_circuits_l1" time="0.000" /><testcase classname="tests.test_query_cost_policy.TestL0SpoolHit" name="test_l0_short_circuits_l2" time="0.000" /><testcase classname="tests.test_query_cost_policy.TestL0SpoolHit" name="test_l0_short_circuits_l3" time="0.001" /><testcase classname="tests.test_query_cost_policy.TestL1AlwaysAsyncDomain" name="test_l1_always_async_domain_returns_async[eap_alarm]" time="0.000" /><testcase classname="tests.test_query_cost_policy.TestL1AlwaysAsyncDomain" name="test_l1_always_async_domain_returns_async[trace]" time="0.000" /><testcase classname="tests.test_query_cost_policy.TestL1AlwaysAsyncDomain" name="test_l1_always_async_domain_returns_async[msd]" time="0.000" /><testcase classname="tests.test_query_cost_policy.TestL1AlwaysAsyncDomain" name="test_l1_does_not_short_circuit_when_spool_hit" time="0.000" /><testcase classname="tests.test_query_cost_policy.TestL1AlwaysAsyncDomain" name="test_l1_always_async_policy_flag" time="0.000" /><testcase classname="tests.test_query_cost_policy.TestL2DateSpan" name="test_l2_date_span_over_threshold" time="0.000" /><testcase classname="tests.test_query_cost_policy.TestL2DateSpan" name="test_l2_date_span_at_threshold" time="0.000" /><testcase classname="tests.test_query_cost_policy.TestL2DateSpan" name="test_l2_date_span_under_threshold" time="0.000" /><testcase classname="tests.test_query_cost_policy.TestL2DateSpan" name="test_l2_string_dates_accepted" time="0.000" /><testcase classname="tests.test_query_cost_policy.TestL2DateSpan" name="test_l2_missing_dates_skips_check" time="0.000" /><testcase classname="tests.test_query_cost_policy.TestL3RowCount" name="test_l3_rowcount_over_threshold" time="0.001" /><testcase classname="tests.test_query_cost_policy.TestL3RowCount" name="test_l3_rowcount_at_threshold" time="0.001" /><testcase classname="tests.test_query_cost_policy.TestL3RowCount" name="test_l3_rowcount_under_threshold" time="0.001" /><testcase classname="tests.test_query_cost_policy.TestL3RowCount" name="test_l3_row_count_fn_error_does_not_raise" time="0.000" /><testcase classname="tests.test_query_cost_policy.TestL3RowCount" name="test_l2_short_circuits_l3" time="0.001" /><testcase classname="tests.test_query_cost_policy.TestL3RowCount" name="test_all_under_threshold_returns_sync" time="0.001" /><testcase classname="tests.test_query_cost_policy.TestDeprecationWarning" name="test_deprecation_warning_for_async_threshold_env[DOWNTIME_ASYNC_DAY_THRESHOLD]" time="0.000" /><testcase classname="tests.test_query_cost_policy.TestDeprecationWarning" name="test_deprecation_warning_for_async_threshold_env[HOLD_ASYNC_DAY_THRESHOLD]" time="0.000" /><testcase classname="tests.test_query_cost_policy.TestDeprecationWarning" name="test_deprecation_warning_for_async_threshold_env[RESOURCE_ASYNC_DAY_THRESHOLD]" time="0.000" /><testcase classname="tests.test_query_cost_policy.TestDeprecationWarning" name="test_deprecation_warning_for_async_threshold_env[REJECT_ASYNC_DAY_THRESHOLD]" time="0.000" /><testcase classname="tests.test_query_cost_policy.TestDeprecationWarning" name="test_no_deprecation_warning_without_env_var" time="0.000" /><testcase classname="tests.test_query_cost_policy.TestNoPandasAndNoCallers" name="test_no_pandas_import_in_new_modules[module_path0]" time="0.001" /><testcase classname="tests.test_query_cost_policy.TestNoPandasAndNoCallers" name="test_no_pandas_import_in_new_modules[module_path1]" time="0.001" /><testcase classname="tests.test_query_cost_policy.TestNoPandasAndNoCallers" name="test_no_pandas_import_in_new_modules[module_path2]" time="0.002" /><testcase classname="tests.test_query_cost_policy.TestNoPandasAndNoCallers" name="test_no_caller_outside_tests" time="0.015" /><testcase classname="tests.test_base_chunked_duckdb_job.TestHookOrder" name="test_run_hook_order" time="0.044" /><testcase classname="tests.test_base_chunked_duckdb_job.TestHookOrder" name="test_progress_brackets" time="0.001" /><testcase classname="tests.test_base_chunked_duckdb_job.TestHookOrder" name="test_all_four_chunk_strategies_dispatch[TIME]" time="0.001" /><testcase classname="tests.test_base_chunked_duckdb_job.TestHookOrder" name="test_all_four_chunk_strategies_dispatch[ID_LIST]" time="0.001" /><testcase classname="tests.test_base_chunked_duckdb_job.TestHookOrder" name="test_all_four_chunk_strategies_dispatch[ROW_COUNT]" time="0.001" /><testcase classname="tests.test_base_chunked_duckdb_job.TestHookOrder" name="test_all_four_chunk_strategies_dispatch[SINGLE]" time="0.001" /><testcase classname="tests.test_base_chunked_duckdb_job.TestReductionPaths" name="test_false_reduction_path_no_writer_lock" time="0.002" /><testcase classname="tests.test_base_chunked_duckdb_job.TestReductionPaths" name="test_true_reduction_path_uses_job_temp_duckdb" time="0.233" /><testcase classname="tests.test_base_chunked_duckdb_job.TestReductionPaths" name="test_true_reduction_path_writer_lock_serialized" time="0.012" /><testcase classname="tests.test_base_chunked_duckdb_job.TestJobTempLifecycle" name="test_job_temp_deleted_on_success" time="0.001" /><testcase classname="tests.test_base_chunked_duckdb_job.TestJobTempLifecycle" name="test_job_temp_deleted_on_error_in_post_aggregate" time="0.001" /><testcase classname="tests.test_base_chunked_duckdb_job.TestJobTempLifecycle" name="test_job_temp_not_created_for_false_reduction" time="0.001" /><testcase classname="tests.contract.test_env_duckdb_job_dir.TestDuckdbJobDirInEnvContract" name="test_duckdb_job_dir_in_env_contract" time="0.001" /><testcase classname="tests.contract.test_env_duckdb_job_dir.TestDuckdbJobDirInEnvContract" name="test_duckdb_job_dir_deprecation_notice_not_present" time="0.001" /><testcase classname="tests.contract.test_env_duckdb_job_dir.TestDuckdbJobDirInEnvExample" name="test_duckdb_job_dir_in_env_example" time="0.000" /><testcase classname="tests.contract.test_env_duckdb_job_dir.TestDuckdbJobDirInEnvExample" name="test_duckdb_job_dir_example_line_contains_default" time="0.000" /><testcase classname="tests.contract.test_env_duckdb_job_dir.TestDuckdbJobDirInEnvSchema" name="test_duckdb_job_dir_in_env_schema" time="0.000" /><testcase classname="tests.contract.test_env_duckdb_job_dir.TestDuckdbJobDirInEnvSchema" name="test_duckdb_job_dir_schema_has_string_type" time="0.001" /><testcase classname="tests.contract.test_env_duckdb_job_dir.TestDuckdbJobDirInEnvSchema" name="test_duckdb_job_dir_default_value_matches_design" time="0.000" /><testcase classname="tests.contract.test_env_duckdb_job_dir.TestDuckdbJobDirInEnvSchema" name="test_duckdb_job_dir_schema_has_description" time="0.001" /></testsuite></testsuites>