<?xml version="1.0" encoding="utf-8"?><testsuites name="pytest tests"><testsuite name="pytest" errors="0" failures="0" skipped="2" tests="205" time="1.629" timestamp="2026-07-08T11:22:55.529553+08:00" hostname="EGG"><testcase classname="tests.contract.test_env_production_achievement_unified_flag.TestProductionAchievementUnifiedFlagInEnvContract" name="test_flag_in_env_contract_md" time="0.001" /><testcase classname="tests.contract.test_env_production_achievement_unified_flag.TestProductionAchievementUnifiedFlagInEnvContract" name="test_flag_documented_with_default_on_in_contract_md" time="0.000" /><testcase classname="tests.contract.test_env_production_achievement_unified_flag.TestProductionAchievementUnifiedFlagInEnvContract" name="test_worker_queue_and_timeout_vars_documented" time="0.000" /><testcase classname="tests.contract.test_env_production_achievement_unified_flag.TestProductionAchievementUnifiedFlagInEnvExample" name="test_flag_in_env_example_template" time="0.000" /><testcase classname="tests.contract.test_env_production_achievement_unified_flag.TestProductionAchievementUnifiedFlagInEnvExample" name="test_flag_default_is_on_in_env_example_template" time="0.000" /><testcase classname="tests.contract.test_env_production_achievement_unified_flag.TestProductionAchievementUnifiedFlagInSchema" name="test_flag_in_schema_json" time="0.000" /><testcase classname="tests.contract.test_env_production_achievement_unified_flag.TestProductionAchievementUnifiedFlagInSchema" name="test_flag_default_is_on_in_schema" time="0.000" /><testcase classname="tests.contract.test_env_production_achievement_unified_flag.TestProductionAchievementUnifiedFlagInSchema" name="test_flag_enum_includes_off_and_on" time="0.000" /><testcase classname="tests.contract.test_env_production_achievement_unified_flag.TestGunicornWorkerParity" name="test_gunicorn_conf_and_rq_worker_preload_reference_same_flag_names" time="0.001" /><testcase classname="tests.integration.test_production_achievement_rq_async.TestProductionAchievementSpoolDownload" name="test_authorized_client_streams_parquet" time="0.000"><skipped type="pytest.skip" message="real-subprocess integration tests require --run-integration-real">/home/egg/Projects/DashBoard_clone/tests/integration/test_production_achievement_rq_async.py:32: real-subprocess integration tests require --run-integration-real</skipped></testcase><testcase classname="tests.integration.test_production_achievement_rq_async.TestUnifiedJobParity" name="test_worker_parquet_business_key_diff_vs_build_achievement_rows_golden" time="0.000"><skipped type="pytest.skip" message="real-subprocess integration tests require --run-integration-real">/home/egg/Projects/DashBoard_clone/tests/integration/test_production_achievement_rq_async.py:51: real-subprocess integration tests require --run-integration-real</skipped></testcase><testcase classname="tests.test_env_contract.TestNewEnvVarsDocumented" name="test_use_row_count_chunking_documented" time="0.000" /><testcase classname="tests.test_env_contract.TestNewEnvVarsDocumented" name="test_batch_query_rows_per_chunk_documented" time="0.000" /><testcase classname="tests.test_env_contract.TestNewEnvVarsDocumented" name="test_hold_engine_parallel_documented" time="0.000" /><testcase classname="tests.test_env_contract.TestNewEnvVarsDocumented" name="test_job_engine_parallel_documented" time="0.000" /><testcase classname="tests.test_env_contract.TestNewEnvVarsDocumented" name="test_msd_engine_parallel_documented" time="0.000" /><testcase classname="tests.test_env_contract.TestEngineDefaultsMatchContract" name="test_rows_per_chunk_default_is_50000" time="0.000" /><testcase classname="tests.test_env_contract.TestEngineDefaultsMatchContract" name="test_use_row_count_chunking_default_is_false" time="0.000" /><testcase classname="tests.test_env_contract.TestEngineDefaultsMatchContract" name="test_hold_engine_parallel_default_is_positive_integer" time="0.000" /><testcase classname="tests.test_env_contract.TestEngineDefaultsMatchContract" name="test_job_engine_parallel_default_is_positive_integer" time="0.000" /><testcase classname="tests.test_env_contract.TestEngineDefaultsMatchContract" name="test_msd_engine_parallel_default_is_positive_integer" time="0.000" /><testcase classname="tests.test_env_contract.TestResourceViewCacheTTLDefault" name="test_resource_view_cache_ttl_default_equals_300" time="0.000" /><testcase classname="tests.test_env_contract.TestResourceViewCacheTTLDefault" name="test_resource_view_cache_ttl_documented_in_contract" time="0.000" /><testcase classname="tests.test_env_contract.TestDuckdbPrewarmTtlDefaults" name="test_resource_history_spool_ttl_default_is_72000" time="0.000" /><testcase classname="tests.test_env_contract.TestDuckdbPrewarmTtlDefaults" name="test_downtime_analysis_cache_ttl_default_is_72000" time="0.000" /><testcase classname="tests.test_env_contract.TestDuckdbPrewarmTtlDefaults" name="test_cache_ttl_dataset_unchanged_at_7200" time="0.000" /><testcase classname="tests.test_env_contract.TestDuckdbPrewarmTtlDefaults" name="test_resource_history_spool_ttl_documented_in_contract" time="0.000" /><testcase classname="tests.test_env_contract.TestDuckdbPrewarmTtlDefaults" name="test_downtime_analysis_cache_ttl_documented_in_contract" time="0.000" /><testcase classname="tests.test_env_contract.TestDuckdbPrewarmTtlDefaults" name="test_resource_async_env_vars_pinned_defaults" time="0.001" /><testcase classname="tests.test_env_contract.TestDuckdbPrewarmTtlDefaults" name="test_resource_async_vars_documented_in_env_contract" time="0.000" /><testcase classname="tests.test_env_contract.TestDuckdbPrewarmTtlDefaults" name="test_production_achievement_async_env_vars_pinned_defaults" time="0.002" /><testcase classname="tests.test_job_registry.TestJobRegistryModule" name="test_module_exports_required_symbols" time="0.001" /><testcase classname="tests.test_job_registry.TestJobRegistryModule" name="test_register_returns_stored_config" time="0.000" /><testcase classname="tests.test_job_registry.TestJobRegistryModule" name="test_get_returns_none_for_unknown_job_type" time="0.000" /><testcase classname="tests.test_job_registry.TestJobRegistryModule" name="test_list_returns_all_registered_types" time="0.001" /><testcase classname="tests.test_job_registry.TestEnqueueJobDynamic" name="test_dispatches_registered_job_type" time="0.001" /><testcase classname="tests.test_job_registry.TestEnqueueJobDynamic" name="test_returns_error_tuple_for_unregistered_type" time="0.000" /><testcase classname="tests.test_job_registry.TestEnqueueJobDynamic" name="test_respects_should_enqueue_false" time="0.001" /><testcase classname="tests.test_job_registry.TestJobServiceRegistrations" name="test_each_service_registers_exactly_one_job_type" time="0.004" /><testcase classname="tests.test_job_registry.TestAlwaysAsyncField" name="test_job_type_config_always_async_defaults_false" time="0.000" /><testcase classname="tests.test_job_registry.TestAlwaysAsyncField" name="test_job_type_config_always_async_true" time="0.000" /><testcase classname="tests.test_job_registry.TestAlwaysAsyncField" name="test_eap_alarm_registered_with_always_async_true" time="0.001" /><testcase classname="tests.test_job_registry.TestAlwaysAsyncField" name="test_production_achievement_registered_with_always_async_true" time="0.000" /><testcase classname="tests.test_production_achievement_routes.TestReportRoute" name="test_report_requires_login" time="0.034" /><testcase classname="tests.test_production_achievement_routes.TestReportRoute" name="test_report_requires_date_range" time="0.027" /><testcase classname="tests.test_production_achievement_routes.TestReportRoute" name="test_report_rejects_over_730_day_range" time="0.027" /><testcase classname="tests.test_production_achievement_routes.TestReportRoute" name="test_report_spool_miss_enqueues_returns_202_with_job_id" time="0.061" /><testcase classname="tests.test_production_achievement_routes.TestReportRoute" name="test_report_route_never_calls_get_achievement_report_or_read_sql_df" time="0.025" /><testcase classname="tests.test_production_achievement_routes.TestReportRoute" name="test_spool_hit_response_shape_has_spool_download_url_spec_map_targets_map" time="0.027" /><testcase classname="tests.test_production_achievement_routes.TestReportRoute" name="test_spool_hit_injects_download_url_unconditionally_not_row_count_gated" time="0.026" /><testcase classname="tests.test_production_achievement_routes.TestReportRoute" name="test_report_503_when_worker_unavailable" time="0.025" /><testcase classname="tests.test_production_achievement_routes.TestReportRoute" name="test_report_503_when_enqueue_returns_none" time="0.026" /><testcase classname="tests.test_production_achievement_routes.TestFilterOptionsRoute" name="test_filter_options_requires_login" time="0.025" /><testcase classname="tests.test_production_achievement_routes.TestFilterOptionsRoute" name="test_filter_options_returns_success" time="0.027" /><testcase classname="tests.test_production_achievement_routes.TestGetTargetsRoute" name="test_get_targets_no_permission_gate" time="0.028" /><testcase classname="tests.test_production_achievement_routes.TestGetTargetsRoute" name="test_get_targets_forwards_optional_filter_kwargs" time="0.081" /><testcase classname="tests.test_production_achievement_routes.TestPutTargetsRoute" name="test_put_targets_requires_login" time="0.027" /><testcase classname="tests.test_production_achievement_routes.TestPutTargetsRoute" name="test_put_targets_403_when_not_whitelisted" time="0.026" /><testcase classname="tests.test_production_achievement_routes.TestPutTargetsRoute" name="test_put_targets_503_when_mysql_ops_disabled" time="0.027" /><testcase classname="tests.test_production_achievement_routes.TestPutTargetsRoute" name="test_put_targets_success_forwards_kwargs" time="0.026" /><testcase classname="tests.test_production_achievement_routes.TestPutTargetsRoute" name="test_put_targets_rejects_negative_qty" time="0.027" /><testcase classname="tests.test_production_achievement_routes.TestPutTargetsRoute" name="test_put_targets_rejects_non_numeric_qty" time="0.029" /><testcase classname="tests.test_production_achievement_routes.TestAdminPermissionsRoutes" name="test_admin_get_permissions_requires_admin" time="0.026" /><testcase classname="tests.test_production_achievement_routes.TestAdminPermissionsRoutes" name="test_admin_get_permissions_success" time="0.065" /><testcase classname="tests.test_production_achievement_routes.TestAdminPermissionsRoutes" name="test_admin_permissions_put_requires_admin" time="0.025" /><testcase classname="tests.test_production_achievement_routes.TestAdminPermissionsRoutes" name="test_admin_permissions_put_forwards_kwargs" time="0.028" /><testcase classname="tests.test_production_achievement_routes.TestAdminPermissionsRoutes" name="test_admin_permissions_put_503_when_ops_disabled" time="0.029" /><testcase classname="tests.test_production_achievement_unified_job.TestProductionAchievementJob" name="test_namespace_is_production_achievement" time="0.000" /><testcase classname="tests.test_production_achievement_unified_job.TestProductionAchievementJob" name="test_chunk_strategy_is_time" time="0.000" /><testcase classname="tests.test_production_achievement_unified_job.TestProductionAchievementJob" name="test_requires_cross_chunk_reduction_is_false" time="0.000" /><testcase classname="tests.test_production_achievement_unified_job.TestProductionAchievementJob" name="test_pre_query_builds_time_chunks_no_direct_read_sql_df" time="0.000" /><testcase classname="tests.test_production_achievement_unified_job.TestProductionAchievementJob" name="test_pre_query_spool_key_matches_service_canonical_helper" time="0.000" /><testcase classname="tests.test_production_achievement_unified_job.TestProductionAchievementJob" name="test_build_chunk_sql_binds_start_date_and_chunk_end_excl" time="0.000" /><testcase classname="tests.test_production_achievement_unified_job.TestProductionAchievementJob" name="test_always_async_registered" time="0.001" /><testcase classname="tests.test_production_achievement_unified_job.TestProductionAchievementJob" name="test_no_manual_heavy_query_slot_acquire_in_worker_source" time="0.000" /><testcase classname="tests.test_production_achievement_unified_job.TestChunkSeamReaggregation" name="test_midnight_seam_group_produces_one_row_not_duplicate_keys" time="0.021" /><testcase classname="tests.test_production_achievement_unified_job.TestChunkSeamReaggregation" name="test_post_aggregate_sum_merges_same_key_across_chunks" time="0.017" /><testcase classname="tests.test_production_achievement_unified_job.TestSpoolSchema" name="test_parquet_columns_are_output_date_shift_code_specname_actual_output_qty" time="0.009" /><testcase classname="tests.test_production_achievement_unified_job.TestSpoolSchema" name="test_schema_version_constant_pinned" time="0.000" /><testcase classname="tests.test_query_cost_policy.TestL0SpoolHit" name="test_l0_spool_hit_returns_sync" time="0.000" /><testcase classname="tests.test_query_cost_policy.TestL0SpoolHit" name="test_l0_short_circuits_l1" time="0.000" /><testcase classname="tests.test_query_cost_policy.TestL0SpoolHit" name="test_l0_short_circuits_l2" time="0.000" /><testcase classname="tests.test_query_cost_policy.TestL0SpoolHit" name="test_l0_short_circuits_l3" time="0.001" /><testcase classname="tests.test_query_cost_policy.TestL1AlwaysAsyncDomain" name="test_l1_always_async_domain_returns_async[eap_alarm]" time="0.000" /><testcase classname="tests.test_query_cost_policy.TestL1AlwaysAsyncDomain" name="test_l1_always_async_domain_returns_async[trace]" time="0.000" /><testcase classname="tests.test_query_cost_policy.TestL1AlwaysAsyncDomain" name="test_l1_always_async_domain_returns_async[msd]" time="0.000" /><testcase classname="tests.test_query_cost_policy.TestL1AlwaysAsyncDomain" name="test_l1_does_not_short_circuit_when_spool_hit" time="0.000" /><testcase classname="tests.test_query_cost_policy.TestL1AlwaysAsyncDomain" name="test_l1_always_async_policy_flag" time="0.000" /><testcase classname="tests.test_query_cost_policy.TestL2DateSpan" name="test_l2_date_span_over_threshold" time="0.000" /><testcase classname="tests.test_query_cost_policy.TestL2DateSpan" name="test_l2_date_span_at_threshold" time="0.000" /><testcase classname="tests.test_query_cost_policy.TestL2DateSpan" name="test_l2_date_span_under_threshold" time="0.000" /><testcase classname="tests.test_query_cost_policy.TestL2DateSpan" name="test_l2_string_dates_accepted" time="0.000" /><testcase classname="tests.test_query_cost_policy.TestL2DateSpan" name="test_l2_missing_dates_skips_check" time="0.000" /><testcase classname="tests.test_query_cost_policy.TestL3RowCount" name="test_l3_rowcount_over_threshold" time="0.000" /><testcase classname="tests.test_query_cost_policy.TestL3RowCount" name="test_l3_rowcount_at_threshold" time="0.001" /><testcase classname="tests.test_query_cost_policy.TestL3RowCount" name="test_l3_rowcount_under_threshold" time="0.000" /><testcase classname="tests.test_query_cost_policy.TestL3RowCount" name="test_l3_row_count_fn_error_does_not_raise" time="0.000" /><testcase classname="tests.test_query_cost_policy.TestL3RowCount" name="test_l2_short_circuits_l3" time="0.000" /><testcase classname="tests.test_query_cost_policy.TestL3RowCount" name="test_all_under_threshold_returns_sync" time="0.000" /><testcase classname="tests.test_query_cost_policy.TestDomainPolicyRegistry" name="test_always_async_set_is_exactly_the_three_heavy_domains" time="0.000" /><testcase classname="tests.test_query_cost_policy.TestDomainPolicyRegistry" name="test_always_async_domains_resolve_to_always_async_policy[eap_alarm]" time="0.000" /><testcase classname="tests.test_query_cost_policy.TestDomainPolicyRegistry" name="test_always_async_domains_resolve_to_always_async_policy[trace]" time="0.000" /><testcase classname="tests.test_query_cost_policy.TestDomainPolicyRegistry" name="test_always_async_domains_resolve_to_always_async_policy[msd]" time="0.000" /><testcase classname="tests.test_query_cost_policy.TestDomainPolicyRegistry" name="test_classifier_domains_are_registered[resource]" time="0.000" /><testcase classname="tests.test_query_cost_policy.TestDomainPolicyRegistry" name="test_classifier_domains_are_registered[hold]" time="0.000" /><testcase classname="tests.test_query_cost_policy.TestDomainPolicyRegistry" name="test_classifier_domains_are_registered[reject]" time="0.000" /><testcase classname="tests.test_query_cost_policy.TestDomainPolicyRegistry" name="test_classifier_domains_are_registered[downtime]" time="0.000" /><testcase classname="tests.test_query_cost_policy.TestDomainPolicyRegistry" name="test_classifier_domains_are_registered[query_tool]" time="0.000" /><testcase classname="tests.test_query_cost_policy.TestDomainPolicyRegistry" name="test_classifier_domains_are_registered[wip]" time="0.000" /><testcase classname="tests.test_query_cost_policy.TestDomainPolicyRegistry" name="test_classifier_domains_preserve_default_thresholds[resource]" time="0.000" /><testcase classname="tests.test_query_cost_policy.TestDomainPolicyRegistry" name="test_classifier_domains_preserve_default_thresholds[hold]" time="0.000" /><testcase classname="tests.test_query_cost_policy.TestDomainPolicyRegistry" name="test_classifier_domains_preserve_default_thresholds[reject]" time="0.000" /><testcase classname="tests.test_query_cost_policy.TestDomainPolicyRegistry" name="test_classifier_domains_preserve_default_thresholds[downtime]" time="0.000" /><testcase classname="tests.test_query_cost_policy.TestDomainPolicyRegistry" name="test_classifier_domains_preserve_default_thresholds[query_tool]" time="0.000" /><testcase classname="tests.test_query_cost_policy.TestDomainPolicyRegistry" name="test_classifier_domains_preserve_default_thresholds[wip]" time="0.000" /><testcase classname="tests.test_query_cost_policy.TestDomainPolicyRegistry" name="test_unregistered_domain_falls_back_to_default" time="0.000" /><testcase classname="tests.test_query_cost_policy.TestDomainPolicyRegistry" name="test_registry_resolution_matches_classify_result" time="0.000" /><testcase classname="tests.test_query_cost_policy.TestNoPandasAndNoCallers" name="test_no_pandas_import_in_new_modules[module_path0]" time="0.001" /><testcase classname="tests.test_query_cost_policy.TestNoPandasAndNoCallers" name="test_no_pandas_import_in_new_modules[module_path1]" time="0.001" /><testcase classname="tests.test_query_cost_policy.TestNoPandasAndNoCallers" name="test_no_pandas_import_in_new_modules[module_path2]" time="0.002" /><testcase classname="tests.test_query_cost_policy.TestNoPandasAndNoCallers" name="test_no_caller_outside_tests" time="0.009" /><testcase classname="tests.test_spool_routes" name="test_unknown_namespace_returns_400" time="0.026" /><testcase classname="tests.test_spool_routes" name="test_path_traversal_in_namespace_returns_400" time="0.025" /><testcase classname="tests.test_spool_routes" name="test_invalid_query_id_non_hex_returns_400" time="0.025" /><testcase classname="tests.test_spool_routes" name="test_valid_namespace_but_missing_spool_returns_410" time="0.024" /><testcase classname="tests.test_spool_routes" name="test_valid_namespace_but_file_not_on_disk_returns_410" time="0.067" /><testcase classname="tests.test_spool_routes" name="test_valid_spool_streams_parquet" time="0.025" /><testcase classname="tests.test_spool_routes" name="test_allowed_namespaces_pass_namespace_validation[yield_alert_dataset]" time="0.024" /><testcase classname="tests.test_spool_routes" name="test_allowed_namespaces_pass_namespace_validation[reject_dataset]" time="0.027" /><testcase classname="tests.test_spool_routes" name="test_allowed_namespaces_pass_namespace_validation[resource_dataset]" time="0.025" /><testcase classname="tests.test_spool_routes" name="test_allowed_namespaces_pass_namespace_validation[hold_dataset]" time="0.024" /><testcase classname="tests.test_spool_routes" name="test_allowed_namespaces_pass_namespace_validation[downtime_analysis_base_events]" time="0.027" /><testcase classname="tests.test_spool_routes" name="test_allowed_namespaces_pass_namespace_validation[downtime_analysis_job_bridge]" time="0.024" /><testcase classname="tests.test_spool_routes" name="test_allowed_namespaces_pass_namespace_validation[wip_dataset]" time="0.028" /><testcase classname="tests.test_spool_routes" name="test_allowed_namespaces_pass_namespace_validation[production_achievement]" time="0.076" /><testcase classname="tests.test_spool_routes" name="test_resource_dataset_stays_in_allowed_namespaces" time="0.000" /><testcase classname="tests.test_spool_routes" name="test_eap_alarm_in_allowed_namespaces" time="0.000" /><testcase classname="tests.test_spool_routes" name="test_wip_dataset_in_allowed_namespaces" time="0.000" /><testcase classname="tests.test_spool_routes" name="test_production_achievement_in_allowed_namespaces" time="0.000" /><testcase classname="tests.test_production_achievement_service.TestPA05PredicateSQL" name="test_pa05_predicate_excludes_shuangjing_sanjing_rows" time="0.000" /><testcase classname="tests.test_production_achievement_service.TestPA05PredicateSQL" name="test_pa05_predicate_each_specname_processtype_pairing[Epoxy D/B]" time="0.000" /><testcase classname="tests.test_production_achievement_service.TestPA05PredicateSQL" name="test_pa05_predicate_each_specname_processtype_pairing[Eutectic D/B]" time="0.000" /><testcase classname="tests.test_production_achievement_service.TestPA05PredicateSQL" name="test_pa05_predicate_each_specname_processtype_pairing[Solder Paste D/B]" time="0.000" /><testcase classname="tests.test_production_achievement_service.TestPA05PredicateSQL" name="test_pa05_predicate_each_specname_processtype_pairing[Solder D/B+E-Clip+\u56fa\u5316]" time="0.000" /><testcase classname="tests.test_production_achievement_service.TestPA05PredicateSQL" name="test_pa05_predicate_each_specname_processtype_pairing[\u91d1\u7dda\u88fd\u7a0b]" time="0.000" /><testcase classname="tests.test_production_achievement_service.TestPA05PredicateSQL" name="test_pa05_predicate_each_specname_processtype_pairing[\u9280\u7dda\u88fd\u7a0b]" time="0.000" /><testcase classname="tests.test_production_achievement_service.TestPA05PredicateSQL" name="test_pa05_predicate_each_specname_processtype_pairing[\u9285\u7dda\u88fd\u7a0b]" time="0.000" /><testcase classname="tests.test_production_achievement_service.TestPA05PredicateSQL" name="test_pa05_predicate_each_specname_processtype_pairing[\u624b\u5de5\u8df3\u7dda]" time="0.000" /><testcase classname="tests.test_production_achievement_service.TestPA05PredicateSQL" name="test_pa05_predicate_each_specname_processtype_pairing[\u96f7\u5c04\u710a\u63a5]" time="0.000" /><testcase classname="tests.test_production_achievement_service.TestPA05PredicateSQL" name="test_pa05_predicate_each_specname_processtype_pairing[\u5305\u81a0-WB]" time="0.000" /><testcase classname="tests.test_production_achievement_service.TestPA05PredicateSQL" name="test_pa05_predicate_each_specname_processtype_pairing[DWB_WB2]" time="0.000" /><testcase classname="tests.test_production_achievement_service.TestPA05PredicateSQL" name="test_pa05_predicate_each_specname_processtype_pairing[DWB_WB]" time="0.000" /><testcase classname="tests.test_production_achievement_service.TestPA05PredicateSQL" name="test_pa05_predicate_each_specname_processtype_pairing[Epoxy D/B-2]" time="0.000" /><testcase classname="tests.test_production_achievement_service.TestPA05PredicateSQL" name="test_pa05_predicate_each_specname_processtype_pairing[Eutectic D/B-\u96d9\u6676]" time="0.000" /><testcase classname="tests.test_production_achievement_service.TestPA05PredicateSQL" name="test_pa05_predicate_each_specname_processtype_pairing[Epoxy D/B-3]" time="0.000" /><testcase classname="tests.test_production_achievement_service.TestPA05PredicateSQL" name="test_pa05_predicate_each_specname_processtype_pairing[2DB_DB2]" time="0.000" /><testcase classname="tests.test_production_achievement_service.TestPA05PredicateSQL" name="test_pa05_predicate_each_specname_processtype_pairing[2DB_DB]" time="0.000" /><testcase classname="tests.test_production_achievement_service.TestPA05PredicateSQL" name="test_pa05_predicate_each_specname_processtype_pairing[DBCB_CB]" time="0.000" /><testcase classname="tests.test_production_achievement_service.TestPA05PredicateSQL" name="test_pa05_predicate_each_specname_processtype_pairing[CBA_RO]" time="0.000" /><testcase classname="tests.test_production_achievement_service.TestGroupingAndWorkcenterGroupResolution" name="test_grouping_by_output_date_shift_workcenter_group" time="0.001" /><testcase classname="tests.test_production_achievement_service.TestGroupingAndWorkcenterGroupResolution" name="test_workcenter_group_resolved_via_filter_cache_not_hardcoded" time="0.001" /><testcase classname="tests.test_production_achievement_service.TestGroupingAndWorkcenterGroupResolution" name="test_unmapped_specname_excluded_from_output" time="0.001" /><testcase classname="tests.test_production_achievement_service.TestGroupingAndWorkcenterGroupResolution" name="test_empty_qualifying_rows_yields_empty_result_not_error" time="0.001" /><testcase classname="tests.test_production_achievement_service.TestAchievementRateMath" name="test_achievement_rate_missing_target_is_null" time="0.001" /><testcase classname="tests.test_production_achievement_service.TestAchievementRateMath" name="test_achievement_rate_zero_target_is_null_not_infinity" time="0.001" /><testcase classname="tests.test_production_achievement_service.TestAchievementRateMath" name="test_achievement_rate_zero_output_nonzero_target_is_zero" time="0.001" /><testcase classname="tests.test_production_achievement_service.TestAchievementRateMath" name="test_achievement_rate_normal_division" time="0.001" /><testcase classname="tests.test_production_achievement_output_date.TestTwoShiftOutputDate" name="test_two_shift_n_tail_attributes_prev_day" time="0.001" /><testcase classname="tests.test_production_achievement_output_date.TestTwoShiftOutputDate" name="test_two_shift_d_and_late_n_attribute_same_day" time="0.000" /><testcase classname="tests.test_production_achievement_output_date.TestTwoShiftOutputDate" name="test_confirmed_0426_0427_cross_midnight_case" time="0.000" /><testcase classname="tests.test_production_achievement_output_date.TestTwoShiftOutputDate" name="test_three_shift_c_tail_assumption_documented" time="0.001" /><testcase classname="tests.test_production_achievement_shift_code.TestTwoShiftBoundarySeconds" name="test_two_shift_boundary_seconds[ts0-N]" time="0.000" /><testcase classname="tests.test_production_achievement_shift_code.TestTwoShiftBoundarySeconds" name="test_two_shift_boundary_seconds[ts1-N]" time="0.000" /><testcase classname="tests.test_production_achievement_shift_code.TestTwoShiftBoundarySeconds" name="test_two_shift_boundary_seconds[ts2-D]" time="0.000" /><testcase classname="tests.test_production_achievement_shift_code.TestTwoShiftBoundarySeconds" name="test_two_shift_boundary_seconds[ts3-D]" time="0.000" /><testcase classname="tests.test_production_achievement_shift_code.TestTwoShiftBoundarySeconds" name="test_two_shift_boundary_seconds[ts4-N]" time="0.000" /><testcase classname="tests.test_production_achievement_shift_code.TestTwoShiftBoundarySeconds" name="test_two_shift_boundary_seconds[ts5-N]" time="0.000" /><testcase classname="tests.test_production_achievement_shift_code.TestTwoShiftBoundarySeconds" name="test_two_shift_date_cutoff_inclusive_exclusive[ts0]" time="0.000" /><testcase classname="tests.test_production_achievement_shift_code.TestTwoShiftBoundarySeconds" name="test_two_shift_date_cutoff_inclusive_exclusive[ts1]" time="0.000" /><testcase classname="tests.test_production_achievement_shift_code.TestTwoShiftBoundarySeconds" name="test_two_shift_date_cutoff_inclusive_exclusive[ts2]" time="0.000" /><testcase classname="tests.test_production_achievement_shift_code.TestThreeShiftBoundarySeconds" name="test_three_shift_window_boundary_seconds[ts0-C]" time="0.000" /><testcase classname="tests.test_production_achievement_shift_code.TestThreeShiftBoundarySeconds" name="test_three_shift_window_boundary_seconds[ts1-C]" time="0.000" /><testcase classname="tests.test_production_achievement_shift_code.TestThreeShiftBoundarySeconds" name="test_three_shift_window_boundary_seconds[ts2-A]" time="0.000" /><testcase classname="tests.test_production_achievement_shift_code.TestThreeShiftBoundarySeconds" name="test_three_shift_window_boundary_seconds[ts3-A]" time="0.000" /><testcase classname="tests.test_production_achievement_shift_code.TestThreeShiftBoundarySeconds" name="test_three_shift_window_boundary_seconds[ts4-B]" time="0.000" /><testcase classname="tests.test_production_achievement_shift_code.TestThreeShiftBoundarySeconds" name="test_three_shift_window_boundary_seconds[ts5-B]" time="0.000" /><testcase classname="tests.test_production_achievement_shift_code.TestThreeShiftBoundarySeconds" name="test_three_shift_date_window_edges_20200101_20200329[ts0-A]" time="0.000" /><testcase classname="tests.test_production_achievement_shift_code.TestThreeShiftBoundarySeconds" name="test_three_shift_date_window_edges_20200101_20200329[ts1-B]" time="0.000" /><testcase classname="tests.test_production_achievement_permissions.TestCanEditTargets" name="test_whitelisted_user_allowed" time="0.001" /><testcase classname="tests.test_production_achievement_permissions.TestCanEditTargets" name="test_non_whitelisted_user_denied" time="0.001" /><testcase classname="tests.test_production_achievement_permissions.TestCanEditTargets" name="test_mysql_unreachable_fails_closed_deny" time="0.001" /><testcase classname="tests.test_production_achievement_permissions.TestCanEditTargets" name="test_ops_disabled_fails_closed_deny" time="0.001" /><testcase classname="tests.test_production_achievement_permissions.TestCanEditTargets" name="test_explicit_identifier_bypasses_session" time="0.001" /><testcase classname="tests.test_production_achievement_permissions.TestCanEditTargets" name="test_distinct_from_admin_required" time="0.001" /><testcase classname="tests.test_production_achievement_target_service.TestValidateTargetQty" name="test_negative_target_qty_rejected" time="0.000" /><testcase classname="tests.test_production_achievement_target_service.TestValidateTargetQty" name="test_non_numeric_target_qty_rejected" time="0.000" /><testcase classname="tests.test_production_achievement_target_service.TestValidateTargetQty" name="test_zero_is_valid" time="0.000" /><testcase classname="tests.test_production_achievement_target_service.TestValidateTargetQty" name="test_positive_int_is_valid" time="0.000" /><testcase classname="tests.test_production_achievement_target_service.TestValidateTargetQty" name="test_float_with_integral_value_is_valid" time="0.000" /><testcase classname="tests.test_production_achievement_target_service.TestValidateTargetQty" name="test_float_with_fractional_value_rejected" time="0.000" /><testcase classname="tests.test_production_achievement_target_service.TestValidateTargetQty" name="test_bool_rejected" time="0.000" /><testcase classname="tests.test_production_achievement_target_service.TestUpsertTarget" name="test_upsert_target_unique_key_shift_workcenter_group" time="0.001" /><testcase classname="tests.test_production_achievement_target_service.TestTargetReadNoDateDimension" name="test_target_read_no_date_dimension" time="0.001" /><testcase classname="tests.test_production_achievement_target_service.TestTargetReadNoDateDimension" name="test_read_degrades_to_empty_when_ops_disabled" time="0.000" /><testcase classname="tests.test_production_achievement_target_service.TestTargetReadNoDateDimension" name="test_read_degrades_to_empty_on_mysql_exception" time="0.001" /></testsuite></testsuites>