<?xml version="1.0" encoding="utf-8"?><testsuites name="pytest tests"><testsuite name="pytest" errors="0" failures="0" skipped="0" tests="129" time="2.997" timestamp="2026-07-01T14:40:23.384780+08:00" hostname="egg-Virtual-Machine"><testcase classname="tests.test_yield_alert_sql_runtime.TestQidHelper" name="test_simple_identifier_quoted" time="0.002" /><testcase classname="tests.test_yield_alert_sql_runtime.TestQidHelper" name="test_double_quotes_in_name_escaped" time="0.000" /><testcase classname="tests.test_yield_alert_sql_runtime.TestQidHelper" name="test_result_wrapped_in_double_quotes" time="0.000" /><testcase classname="tests.test_yield_alert_sql_runtime.TestSqlStrLiteralHelper" name="test_plain_string" time="0.000" /><testcase classname="tests.test_yield_alert_sql_runtime.TestSqlStrLiteralHelper" name="test_single_quote_escaped" time="0.000" /><testcase classname="tests.test_yield_alert_sql_runtime.TestSqlStrLiteralHelper" name="test_path_string" time="0.000" /><testcase classname="tests.test_yield_alert_sql_runtime.TestAttachSpoolView" name="test_creates_yield_alert_src_view" time="0.001" /><testcase classname="tests.test_yield_alert_sql_runtime.TestAttachSpoolView" name="test_creates_or_replaces_view" time="0.001" /><testcase classname="tests.test_yield_alert_sql_runtime.TestFallbackConstants" name="test_disabled_constant" time="0.000" /><testcase classname="tests.test_yield_alert_sql_runtime.TestFallbackConstants" name="test_dep_missing_constant" time="0.000" /><testcase classname="tests.test_yield_alert_sql_runtime.TestFallbackConstants" name="test_spool_miss_constant" time="0.000" /><testcase classname="tests.test_yield_alert_sql_runtime.TestFallbackConstants" name="test_runtime_error_constant" time="0.000" /><testcase classname="tests.test_yield_alert_sql_runtime.TestSpoolNamespace" name="test_namespace_matches_dataset" time="0.000" /><testcase classname="tests.test_yield_alert_sql_runtime.TestDeptSeqMap" name="test_seq_map_covers_all_workcenter_groups" time="0.000" /><testcase classname="tests.test_yield_alert_sql_runtime.TestDeptSeqMap" name="test_seq_map_values_are_unique_indices" time="0.000" /><testcase classname="tests.test_yield_alert_sql_runtime.TestDeptSeqMap" name="test_seq_map_starts_at_zero" time="0.000" /><testcase classname="tests.test_yield_alert_sql_runtime.TestCrossFilterOptions" name="test_compute_cross_filter_options_applies_other_dimension_filters" time="0.030" /><testcase classname="tests.test_yield_alert_sql_runtime.TestCrossFilterOptions" name="test_compute_cross_filter_options_includes_departments_dimension" time="0.021" /><testcase classname="tests.test_yield_alert_sql_runtime.TestCrossFilterOptions" name="test_departments_use_raw_department_name_not_department_group" time="0.029" /><testcase classname="tests.test_yield_alert_sql_runtime.TestCrossFilterOptions" name="test_selecting_department_narrows_lines_packages_types_functions" time="0.021" /><testcase classname="tests.test_yield_alert_sql_runtime.TestCrossFilterOptions" name="test_selecting_line_narrows_departments" time="0.027" /><testcase classname="tests.test_yield_alert_sql_runtime.TestCrossFilterOptions" name="test_workcenter_groups_change_with_process_type_query_id" time="0.041" /><testcase classname="tests.test_yield_alert_sql_runtime.TestQueryFilterOptions" name="test_query_filter_options_returns_departments_from_spool_distinct" time="0.021" /><testcase classname="tests.test_yield_alert_sql_runtime.TestQueryFilterOptions" name="test_query_filter_options_empty_spool_returns_empty_workcenter_groups" time="0.019" /><testcase classname="tests.test_yield_alert_sql_runtime.TestQuerySummaryAlertScopeParity" name="test_transaction_qty_matches_tx_extra_cols_dedup_sum_of_alert_candidates" time="0.021" /><testcase classname="tests.test_yield_alert_sql_runtime.TestQuerySummaryAlertScopeParity" name="test_scrap_qty_matches_sum_of_alert_candidate_rows" time="0.022" /><testcase classname="tests.test_yield_alert_sql_runtime.TestQuerySummaryAlertScopeParity" name="test_summary_excludes_rows_failing_alert_candidate_predicate" time="0.021" /><testcase classname="tests.test_yield_alert_sql_runtime.TestQuerySummaryAlertScopeParity" name="test_multi_reason_code_group_counts_transaction_qty_once" time="0.037" /><testcase classname="tests.test_yield_alert_sql_runtime.TestQuerySummaryAlertScopeParity" name="test_naive_sum_over_reason_coded_rows_would_double_count_documents_the_trap" time="0.026" /><testcase classname="tests.test_yield_alert_sql_runtime.TestQuerySummaryAlertScopeParity" name="test_department_name_split_within_one_tx_lookup_group_does_not_break_dedup" time="0.021" /><testcase classname="tests.test_yield_alert_sql_runtime.TestQuerySummaryAlertScopeParity" name="test_summary_and_alerts_share_the_same_cte_builder" time="0.018" /><testcase classname="tests.test_yield_alert_sql_runtime.TestQuerySummaryAlertScopeParity" name="test_try_compute_view_forwards_risk_threshold_and_min_scrap_qty_to_summary" time="0.062" /><testcase classname="tests.test_yield_alert_routes" name="test_summary_requires_date_range" time="0.050" /><testcase classname="tests.test_yield_alert_routes" name="test_query_requires_dates" time="0.039" /><testcase classname="tests.test_yield_alert_routes" name="test_query_returns_query_id" time="0.039" /><testcase classname="tests.test_yield_alert_routes" name="test_view_requires_query_id" time="0.036" /><testcase classname="tests.test_yield_alert_routes" name="test_view_returns_cache_expired_when_query_missing" time="0.038" /><testcase classname="tests.test_yield_alert_routes" name="test_view_supports_workcenter_group_filters" time="0.040" /><testcase classname="tests.test_yield_alert_routes" name="test_view_workcenter_groups_sourced_from_spool_not_filter_cache" time="0.094" /><testcase classname="tests.test_yield_alert_routes" name="test_view_new_process_type_zero_rows_returns_empty_not_error" time="0.039" /><testcase classname="tests.test_yield_alert_routes" name="test_summary_spool_path_returns_summary" time="0.037" /><testcase classname="tests.test_yield_alert_routes" name="test_alerts_rejects_invalid_sort_key" time="0.037" /><testcase classname="tests.test_yield_alert_routes" name="test_alerts_caps_per_page_and_returns_payload" time="0.039" /><testcase classname="tests.test_yield_alert_routes" name="test_alerts_supports_workcenter_group_filters" time="0.037" /><testcase classname="tests.test_yield_alert_routes" name="test_query_spool_write_error_returns_503" time="0.037" /><testcase classname="tests.test_yield_alert_routes" name="test_filter_options_returns_workcenter_groups" time="0.041" /><testcase classname="tests.test_yield_alert_routes" name="test_filter_options_still_uses_filter_cache" time="0.038" /><testcase classname="tests.test_yield_alert_routes" name="test_cross_filter_options_forwards_query_id_and_filters" time="0.113" /><testcase classname="tests.test_yield_alert_routes" name="test_cross_filter_options_workcenter_groups_from_spool" time="0.039" /><testcase classname="tests.test_yield_alert_routes" name="test_drilldown_context_returns_payload" time="0.037" /><testcase classname="tests.test_yield_alert_routes.TestJobExpiry410PollingRace" name="test_view_returns_410_when_cache_expired" time="0.038" /><testcase classname="tests.test_yield_alert_routes.TestJobExpiry410PollingRace" name="test_view_410_has_envelope_meta" time="0.037" /><testcase classname="tests.test_yield_alert_routes.TestJobExpiry410PollingRace" name="test_view_410_polling_race_after_job_complete" time="0.037" /><testcase classname="tests.test_yield_alert_routes.TestJobExpiry410PollingRace" name="test_view_missing_query_id_returns_400_not_410" time="0.038" /><testcase classname="tests.test_yield_alert_routes" name="test_query_requires_valid_process_type" time="0.037" /><testcase classname="tests.test_yield_alert_routes" name="test_query_accepts_each_new_process_type[GA%]" time="0.036" /><testcase classname="tests.test_yield_alert_routes" name="test_query_accepts_each_new_process_type[GC%]" time="0.127" /><testcase classname="tests.test_yield_alert_routes" name="test_query_accepts_each_new_process_type[GD%]" time="0.064" /><testcase classname="tests.test_yield_alert_routes" name="test_query_accepts_each_new_process_type[F%]" time="0.113" /><testcase classname="tests.test_yield_alert_routes" name="test_query_accepts_each_new_process_type[W%]" time="0.255" /><testcase classname="tests.test_yield_alert_routes" name="test_query_accepts_each_new_process_type[D%]" time="0.047" /><testcase classname="tests.test_yield_alert_routes" name="test_query_defaults_process_type_to_ga" time="0.077" /><testcase classname="tests.test_yield_alert_routes" name="test_trend_endpoint_uses_spool_not_oracle" time="0.040" /><testcase classname="tests.test_yield_alert_routes" name="test_alerts_response_includes_source_code_field" time="0.044" /><testcase classname="tests.test_yield_alert_routes" name="test_summary_route_forwards_risk_threshold_and_min_scrap_qty" time="0.109" /><testcase classname="tests.test_yield_alert_routes" name="test_summary_route_uses_default_thresholds_when_absent" time="0.043" /><testcase classname="tests.test_yield_alert_routes" name="test_view_and_summary_response_shape_unchanged_after_scope_unification" time="0.040" /><testcase classname="tests.test_yield_alert_service" name="test_normalize_reason_code_prefers_prefix_tokens" time="0.001" /><testcase classname="tests.test_yield_alert_service" name="test_normalize_reason_code_handles_textual_values_and_empty" time="0.000" /><testcase classname="tests.test_yield_alert_service" name="test_canonical_key_is_stable_and_uppercases_workorder" time="0.000" /><testcase classname="tests.test_yield_alert_service" name="test_normalize_query_payload_sorts_lists_and_drops_none" time="0.000" /><testcase classname="tests.test_yield_alert_service" name="test_query_cache_key_is_deterministic_for_equivalent_payloads" time="0.000" /><testcase classname="tests.test_yield_alert_service" name="test_drilldown_payload_contains_launch_href_and_filters" time="0.001" /><testcase classname="tests.test_yield_alert_service" name="test_query_yield_summary_raises_not_implemented_after_spool_refactor" time="0.001" /><testcase classname="tests.test_yield_alert_service" name="test_query_alert_candidates_excludes_unmapped_and_policy_reason" time="0.004" /><testcase classname="tests.test_yield_alert_service" name="test_query_alert_candidates_merges_dw_into_wb_group" time="0.003" /><testcase classname="tests.test_yield_alert_service" name="test_query_yield_trend_raises_not_implemented_after_spool_refactor" time="0.000" /><testcase classname="tests.test_yield_alert_service" name="test_expand_workcenter_groups_to_departments_merges_dw_into_wb" time="0.000" /><testcase classname="tests.test_yield_alert_service" name="test_get_yield_workcenter_group_options_applies_dw_merge" time="0.000" /><testcase classname="tests.test_yield_alert_service" name="test_query_yield_summary_oracle_path_is_dead_code" time="0.000" /><testcase classname="tests.test_yield_alert_service" name="test_query_alert_candidates_preserves_department_filter_with_exclusion_params" time="0.003" /><testcase classname="tests.test_yield_alert_service" name="test_query_yield_trend_no_longer_calls_oracle" time="0.000" /><testcase classname="tests.test_yield_alert_service" name="test_query_yield_summary_no_longer_calls_oracle" time="0.000" /><testcase classname="tests.test_yield_alert_service.TestKpiCsvReconciliation" name="test_summary_and_alerts_reconcile_end_to_end_with_multi_reason_group" time="0.070" /><testcase classname="tests.test_yield_alert_contracts.TestCacheMeta" name="test_can_create_instance" time="0.001" /><testcase classname="tests.test_yield_alert_contracts.TestCacheMeta" name="test_has_required_keys" time="0.001" /><testcase classname="tests.test_yield_alert_contracts.TestLinkageQualityMeta" name="test_can_create_full_instance" time="0.001" /><testcase classname="tests.test_yield_alert_contracts.TestLinkageQualityMeta" name="test_warning_code_can_be_string" time="0.001" /><testcase classname="tests.test_yield_alert_contracts.TestYieldSummaryItem" name="test_all_fields_numeric" time="0.001" /><testcase classname="tests.test_yield_alert_contracts.TestYieldTrendItem" name="test_includes_date_bucket" time="0.001" /><testcase classname="tests.test_yield_alert_contracts.TestYieldAlertPagination" name="test_structure" time="0.000" /><testcase classname="tests.test_yield_alert_contracts.TestYieldAlertResponse" name="test_has_items_pagination_quality" time="0.000" /><testcase classname="tests.test_yield_alert_contracts.TestLiteralTypes" name="test_match_status_values" time="0.000" /><testcase classname="tests.test_yield_alert_contracts.TestLiteralTypes" name="test_risk_level_values" time="0.000" /><testcase classname="tests.test_yield_alert_contracts.TestBusinessRuleYA13" name="test_ya13_rule_documents_kpi_scope_and_tx_extra_cols_dedup_dimension" time="0.001" /><testcase classname="tests.test_yield_alert_contracts.TestBusinessRuleYA13" name="test_changelog_has_version_entries_for_business_data_api" time="0.001" /><testcase classname="tests.test_yield_alert_dataset_cache" name="test_execute_primary_query_returns_cached_query_id" time="0.002" /><testcase classname="tests.test_yield_alert_dataset_cache" name="test_execute_primary_query_loads_and_stores_when_cache_miss" time="0.058" /><testcase classname="tests.test_yield_alert_dataset_cache" name="test_apply_view_returns_none_on_cache_miss" time="0.001" /><testcase classname="tests.test_yield_alert_dataset_cache" name="test_apply_view_duckdb_failure_returns_none" time="0.001" /><testcase classname="tests.test_yield_alert_dataset_cache" name="test_ensure_dataset_loaded_returns_cache_hit" time="0.001" /><testcase classname="tests.test_yield_alert_dataset_cache" name="test_ensure_dataset_loaded_executes_query_on_miss" time="0.001" /><testcase classname="tests.test_yield_alert_dataset_cache" name="test_prepare_detail_chunk_produces_detail_columns_schema" time="0.011" /><testcase classname="tests.test_yield_alert_dataset_cache" name="test_prepare_detail_chunk_handles_null_values" time="0.010" /><testcase classname="tests.test_yield_alert_dataset_cache" name="test_streaming_write_to_spool_precreates_temp_file" time="0.008" /><testcase classname="tests.test_yield_alert_dataset_cache" name="test_streaming_write_to_spool_survives_cleanup_race" time="0.010" /><testcase classname="tests.test_yield_alert_dataset_cache" name="test_execute_primary_query_spool_register_fail_raises_spool_write_error" time="0.001" /><testcase classname="tests.test_yield_alert_dataset_cache" name="test_execute_primary_query_empty_result_does_not_raise" time="0.001" /><testcase classname="tests.test_yield_alert_dataset_cache" name="test_apply_view_returns_empty_success_for_empty_result_marker" time="0.001" /><testcase classname="tests.test_yield_alert_dataset_cache" name="test_execute_linkage_query_returns_none_on_cache_miss" time="0.000" /><testcase classname="tests.test_yield_alert_dataset_cache" name="test_execute_linkage_query_returns_early_for_empty_result" time="0.000" /><testcase classname="tests.test_yield_alert_dataset_cache" name="test_execute_linkage_query_returns_not_ready_when_spool_missing" time="0.000" /><testcase classname="tests.test_yield_alert_dataset_cache" name="test_execute_linkage_query_computes_linkage_from_spool" time="0.020" /><testcase classname="tests.test_yield_alert_dataset_cache" name="test_execute_linkage_query_derives_dates_from_spool_when_missing" time="0.028" /><testcase classname="tests.test_yield_alert_dataset_cache" name="test_primary_query_to_spool_to_view_full_pipeline" time="0.002" /><testcase classname="tests.test_yield_alert_dataset_cache" name="test_streaming_spool_logs_latency_and_rows" time="0.002" /><testcase classname="tests.test_yield_alert_dataset_cache" name="test_empty_result_logs_latency" time="0.001" /><testcase classname="tests.test_yield_alert_dataset_cache" name="test_single_flight_wait_logs_on_lock_contention" time="0.002" /><testcase classname="tests.test_yield_alert_dataset_cache" name="test_spool_write_failure_logs_warning" time="0.001" /><testcase classname="tests.test_yield_alert_dataset_cache" name="test_linkage_spool_not_available_logs_warning" time="0.001" /><testcase classname="tests.test_yield_alert_dataset_cache" name="test_schema_version_is_5" time="0.000" /><testcase classname="tests.test_yield_alert_dataset_cache" name="test_source_code_column_in_spool_row" time="0.000" /><testcase classname="tests.test_yield_alert_dataset_cache" name="test_reject_linked_column_in_spool_row" time="0.000" /><testcase classname="tests.test_yield_alert_dataset_cache" name="test_source_code_not_null_rows_have_tx_zero" time="0.002" /><testcase classname="tests.test_yield_alert_dataset_cache" name="test_package_filter_not_applied_to_ga_percent" time="0.001" /><testcase classname="tests.test_yield_alert_dataset_cache" name="test_process_type_gc_uses_gc_pattern" time="0.001" /><testcase classname="tests.test_yield_alert_dataset_cache" name="test_primary_query_id_differs_for_each_process_type" time="0.000" /><testcase classname="tests.test_yield_alert_dataset_cache" name="test_process_type_like_patterns_mutually_exclusive" time="0.001" /><testcase classname="tests.test_yield_alert_dataset_cache" name="test_process_type_f_uses_f_pattern" time="0.001" /></testsuite></testsuites>