<?xml version="1.0" encoding="utf-8"?><testsuites name="pytest tests"><testsuite name="pytest" errors="0" failures="0" skipped="0" tests="194" time="33.837" timestamp="2026-06-19T10:02:21.272210+08:00" hostname="egg-Virtual-Machine"><testcase classname="tests.test_production_history_unified_job.TestProductionHistoryJobFlagDispatch" name="test_flag_off_routes_to_legacy_service" time="0.002" /><testcase classname="tests.test_production_history_unified_job.TestProductionHistoryJobFlagDispatch" name="test_flag_on_instantiates_production_history_job" time="0.000" /><testcase classname="tests.test_production_history_unified_job.TestProductionHistoryJobConstruction" name="test_job_class_attributes" time="0.001" /><testcase classname="tests.test_production_history_unified_job.TestProductionHistoryJobConstruction" name="test_job_always_async_false" time="0.001" /><testcase classname="tests.test_production_history_unified_job.TestProductionHistoryJobPreQuery" name="test_pre_query_populates_chunks" time="0.002" /><testcase classname="tests.test_production_history_unified_job.TestProductionHistoryJobPreQuery" name="test_pre_query_single_day" time="0.001" /><testcase classname="tests.test_production_history_unified_job.TestProductionHistoryJobSpoolParity" name="test_production_history_job_spool_parity_exact_rows" time="0.042" /><testcase classname="tests.test_production_history_unified_job.TestProductionHistoryJobSpoolParity" name="test_production_history_job_empty_chunk_window_handled" time="0.013" /><testcase classname="tests.test_production_history_unified_job.TestProductionHistoryJobProgress" name="test_production_history_job_progress_milestones" time="0.001" /><testcase classname="tests.test_reject_history_unified_job.TestRejectHistoryJobFlagDispatch" name="test_flag_off_routes_to_legacy_service" time="0.001" /><testcase classname="tests.test_reject_history_unified_job.TestRejectHistoryJobFlagDispatch" name="test_flag_on_instantiates_reject_history_job" time="0.001" /><testcase classname="tests.test_reject_history_unified_job.TestRejectHistoryJobConstruction" name="test_job_class_attributes" time="0.001" /><testcase classname="tests.test_reject_history_unified_job.TestRejectHistoryJobConstruction" name="test_job_always_async_false" time="0.001" /><testcase classname="tests.test_reject_history_unified_job.TestRejectHistoryJobPreQuery" name="test_pre_query_populates_chunks" time="0.001" /><testcase classname="tests.test_reject_history_unified_job.TestRejectHistoryJobPostAggregate" name="test_reject_history_job_groupby_parity_null_equipment" time="0.118" /><testcase classname="tests.test_reject_history_unified_job.TestRejectHistoryJobPostAggregate" name="test_reject_history_job_pareto_parity_multi_defect" time="0.064" /><testcase classname="tests.test_reject_history_unified_job.TestRejectHistoryJobPostAggregate" name="test_reject_history_job_trend_parity_tolerance" time="0.068" /><testcase classname="tests.test_reject_history_unified_job.TestRejectHistoryJobPostAggregate" name="test_reject_history_job_empty_chunk_window_no_crash" time="0.059" /><testcase classname="tests.test_reject_history_unified_job.TestOomGuardAbsence" name="test_oom_guard_patterns_absent_in_reject_history_service" time="0.015" /><testcase classname="tests.test_reject_history_unified_job.TestOomGuardAbsence" name="test_oom_guard_patterns_absent_in_reject_dataset_cache" time="0.019" /><testcase classname="tests.test_query_cost_policy.TestL0SpoolHit" name="test_l0_spool_hit_returns_sync" time="0.001" /><testcase classname="tests.test_query_cost_policy.TestL0SpoolHit" name="test_l0_short_circuits_l1" time="0.000" /><testcase classname="tests.test_query_cost_policy.TestL0SpoolHit" name="test_l0_short_circuits_l2" time="0.000" /><testcase classname="tests.test_query_cost_policy.TestL0SpoolHit" name="test_l0_short_circuits_l3" time="0.000" /><testcase classname="tests.test_query_cost_policy.TestL1AlwaysAsyncDomain" name="test_l1_always_async_domain_returns_async[eap_alarm]" time="0.000" /><testcase classname="tests.test_query_cost_policy.TestL1AlwaysAsyncDomain" name="test_l1_always_async_domain_returns_async[trace]" time="0.000" /><testcase classname="tests.test_query_cost_policy.TestL1AlwaysAsyncDomain" name="test_l1_always_async_domain_returns_async[msd]" time="0.000" /><testcase classname="tests.test_query_cost_policy.TestL1AlwaysAsyncDomain" name="test_l1_does_not_short_circuit_when_spool_hit" time="0.000" /><testcase classname="tests.test_query_cost_policy.TestL1AlwaysAsyncDomain" name="test_l1_always_async_policy_flag" time="0.000" /><testcase classname="tests.test_query_cost_policy.TestL2DateSpan" name="test_l2_date_span_over_threshold" time="0.000" /><testcase classname="tests.test_query_cost_policy.TestL2DateSpan" name="test_l2_date_span_at_threshold" time="0.000" /><testcase classname="tests.test_query_cost_policy.TestL2DateSpan" name="test_l2_date_span_under_threshold" time="0.000" /><testcase classname="tests.test_query_cost_policy.TestL2DateSpan" name="test_l2_string_dates_accepted" time="0.000" /><testcase classname="tests.test_query_cost_policy.TestL2DateSpan" name="test_l2_missing_dates_skips_check" time="0.000" /><testcase classname="tests.test_query_cost_policy.TestL3RowCount" name="test_l3_rowcount_over_threshold" time="0.000" /><testcase classname="tests.test_query_cost_policy.TestL3RowCount" name="test_l3_rowcount_at_threshold" time="0.001" /><testcase classname="tests.test_query_cost_policy.TestL3RowCount" name="test_l3_rowcount_under_threshold" time="0.000" /><testcase classname="tests.test_query_cost_policy.TestL3RowCount" name="test_l3_row_count_fn_error_does_not_raise" time="0.000" /><testcase classname="tests.test_query_cost_policy.TestL3RowCount" name="test_l2_short_circuits_l3" time="0.000" /><testcase classname="tests.test_query_cost_policy.TestL3RowCount" name="test_all_under_threshold_returns_sync" time="0.001" /><testcase classname="tests.test_query_cost_policy.TestDeprecationWarning" name="test_deprecation_warning_for_async_threshold_env[DOWNTIME_ASYNC_DAY_THRESHOLD]" time="0.001" /><testcase classname="tests.test_query_cost_policy.TestDeprecationWarning" name="test_deprecation_warning_for_async_threshold_env[HOLD_ASYNC_DAY_THRESHOLD]" time="0.000" /><testcase classname="tests.test_query_cost_policy.TestDeprecationWarning" name="test_deprecation_warning_for_async_threshold_env[RESOURCE_ASYNC_DAY_THRESHOLD]" time="0.000" /><testcase classname="tests.test_query_cost_policy.TestDeprecationWarning" name="test_deprecation_warning_for_async_threshold_env[REJECT_ASYNC_DAY_THRESHOLD]" time="0.000" /><testcase classname="tests.test_query_cost_policy.TestDeprecationWarning" name="test_no_deprecation_warning_without_env_var" time="0.000" /><testcase classname="tests.test_query_cost_policy.TestNoPandasAndNoCallers" name="test_no_pandas_import_in_new_modules[module_path0]" time="0.001" /><testcase classname="tests.test_query_cost_policy.TestNoPandasAndNoCallers" name="test_no_pandas_import_in_new_modules[module_path1]" time="0.001" /><testcase classname="tests.test_query_cost_policy.TestNoPandasAndNoCallers" name="test_no_pandas_import_in_new_modules[module_path2]" time="0.002" /><testcase classname="tests.test_query_cost_policy.TestNoPandasAndNoCallers" name="test_no_caller_outside_tests" time="0.016" /><testcase classname="tests.test_async_query_job_service.TestIsAsyncAvailable" name="test_returns_true_when_rq_installed_redis_up_workers_exist" time="0.001" /><testcase classname="tests.test_async_query_job_service.TestIsAsyncAvailable" name="test_returns_false_when_redis_unavailable" time="0.001" /><testcase classname="tests.test_async_query_job_service.TestIsAsyncAvailable" name="test_returns_false_when_redis_ping_fails" time="0.001" /><testcase classname="tests.test_async_query_job_service.TestIsAsyncAvailable" name="test_returns_false_when_no_workers" time="0.001" /><testcase classname="tests.test_async_query_job_service.TestIsAsyncAvailable" name="test_returns_false_when_rq_not_installed" time="0.001" /><testcase classname="tests.test_async_query_job_service.TestIsAsyncAvailable" name="test_ttl_cache_returns_cached_value_within_window" time="0.001" /><testcase classname="tests.test_async_query_job_service.TestIsAsyncAvailable" name="test_ttl_cache_refreshes_after_expiry" time="0.001" /><testcase classname="tests.test_async_query_job_service.TestIsAsyncAvailable" name="test_returns_false_when_worker_query_raises" time="0.001" /><testcase classname="tests.test_async_query_job_service.TestEnqueueJob" name="test_returns_job_id_on_success" time="0.002" /><testcase classname="tests.test_async_query_job_service.TestEnqueueJob" name="test_initial_metadata_has_queued_status" time="0.002" /><testcase classname="tests.test_async_query_job_service.TestEnqueueJob" name="test_returns_none_error_when_rq_not_installed" time="0.001" /><testcase classname="tests.test_async_query_job_service.TestEnqueueJob" name="test_returns_none_error_when_redis_unavailable" time="0.001" /><testcase classname="tests.test_async_query_job_service.TestEnqueueJob" name="test_returns_none_error_when_queue_enqueue_raises" time="0.002" /><testcase classname="tests.test_async_query_job_service.TestEnqueueJob" name="test_uses_provided_job_id" time="0.002" /><testcase classname="tests.test_async_query_job_service.TestEnqueueJob" name="test_default_retry_enabled_when_not_explicitly_overridden" time="0.002" /><testcase classname="tests.test_async_query_job_service.TestEnqueueJob" name="test_retry_can_be_disabled_explicitly" time="0.002" /><testcase classname="tests.test_async_query_job_service.TestEnqueueJob" name="test_custom_retry_configuration_is_forwarded" time="0.003" /><testcase classname="tests.test_async_query_job_service.TestEnqueueJob" name="test_default_timeout_is_600_seconds" time="0.000" /><testcase classname="tests.test_async_query_job_service.TestGetJobStatus" name="test_returns_none_for_missing_job" time="0.001" /><testcase classname="tests.test_async_query_job_service.TestGetJobStatus" name="test_returns_none_when_redis_unavailable" time="0.000" /><testcase classname="tests.test_async_query_job_service.TestGetJobStatus" name="test_returns_dict_with_correct_fields_for_existing_job" time="0.001" /><testcase classname="tests.test_async_query_job_service.TestGetJobStatus" name="test_elapsed_seconds_calculated_correctly" time="0.001" /><testcase classname="tests.test_async_query_job_service.TestGetJobStatus" name="test_includes_query_id_for_completed_job" time="0.001" /><testcase classname="tests.test_async_query_job_service.TestGetJobStatus" name="test_error_field_populated_for_failed_job" time="0.001" /><testcase classname="tests.test_async_query_job_service.TestGetJobStatus" name="test_pct_omitted_when_empty" time="0.001" /><testcase classname="tests.test_async_query_job_service.TestUpdateJobProgress" name="test_writes_fields_to_redis_hset" time="0.001" /><testcase classname="tests.test_async_query_job_service.TestUpdateJobProgress" name="test_silently_returns_when_redis_unavailable" time="0.000" /><testcase classname="tests.test_async_query_job_service.TestUpdateJobProgress" name="test_silently_handles_hset_error" time="0.001" /><testcase classname="tests.test_async_query_job_service.TestCompleteJob" name="test_sets_status_completed_with_query_id" time="0.001" /><testcase classname="tests.test_async_query_job_service.TestCompleteJob" name="test_sets_status_failed_with_error_message" time="0.001" /><testcase classname="tests.test_async_query_job_service.TestCompleteJob" name="test_completed_at_is_recent_timestamp" time="0.001" /><testcase classname="tests.test_async_query_job_service.TestCompleteJob" name="test_silently_returns_when_redis_unavailable" time="0.001" /><testcase classname="tests.test_async_query_job_service.TestCompleteJob" name="test_handles_none_query_id" time="0.001" /><testcase classname="tests.test_async_query_job_service.TestCompleteJob" name="test_failure_increments_failed_job_counter_and_logs_warning" time="0.001" /><testcase classname="tests.test_async_query_job_service.TestMultiStageProgress" name="test_enqueue_job_includes_stage_fields_in_initial_meta" time="0.002" /><testcase classname="tests.test_async_query_job_service.TestMultiStageProgress" name="test_update_job_progress_with_stage_stores_correctly" time="0.001" /><testcase classname="tests.test_async_query_job_service.TestMultiStageProgress" name="test_get_job_status_returns_stage_and_completed_stages" time="0.001" /><testcase classname="tests.test_async_query_job_service.TestMultiStageProgress" name="test_get_job_status_returns_dataset_id_when_present" time="0.001" /><testcase classname="tests.test_async_query_job_service.TestMultiStageProgress" name="test_complete_job_stores_dataset_id" time="0.001" /><testcase classname="tests.test_async_query_job_service.TestMultiStageProgress" name="test_completed_stages_empty_not_in_result" time="0.001" /><testcase classname="tests.test_async_query_job_service.TestEnqueueQueryJob" name="test_always_async_unavailable_returns_503_hint" time="0.001" /><testcase classname="tests.test_async_query_job_service.TestEnqueueQueryJob" name="test_always_async_available_proceeds" time="0.000" /><testcase classname="tests.test_async_query_job_service.TestEnqueueQueryJob" name="test_sync_fallback_allowed_skips_503_even_when_unavailable" time="0.000" /><testcase classname="tests.test_async_query_job_service.TestEnqueueQueryJob" name="test_unknown_job_type_returns_none_no_503" time="0.000" /><testcase classname="tests.test_async_query_job_service.TestProductionHistoryUnifiedJobRegistry" name="test_production_history_job_registered_always_async_false" time="0.001" /><testcase classname="tests.test_async_query_job_service.TestProductionHistoryUnifiedJobRegistry" name="test_production_history_job_queue_name" time="0.001" /><testcase classname="tests.test_async_query_job_service.TestRejectHistoryUnifiedJobRegistry" name="test_reject_history_job_registered_always_async_false" time="0.001" /><testcase classname="tests.test_async_query_job_service.TestRejectHistoryUnifiedJobRegistry" name="test_reject_history_job_queue_name" time="0.001" /><testcase classname="tests.test_production_history_routes" name="test_query_success_envelope" time="0.088" /><testcase classname="tests.test_production_history_routes" name="test_page_success_envelope" time="0.082" /><testcase classname="tests.test_production_history_routes" name="test_matrix_success_envelope" time="0.037" /><testcase classname="tests.test_production_history_routes" name="test_query_missing_pj_types" time="0.039" /><testcase classname="tests.test_production_history_routes" name="test_query_missing_dates" time="0.037" /><testcase classname="tests.test_production_history_routes" name="test_query_empty_pj_types" time="0.038" /><testcase classname="tests.test_production_history_routes" name="test_query_date_range_exceeded" time="0.038" /><testcase classname="tests.test_production_history_routes" name="test_page_missing_dataset_id" time="0.038" /><testcase classname="tests.test_production_history_routes" name="test_page_dataset_expired" time="0.037" /><testcase classname="tests.test_production_history_routes" name="test_matrix_dataset_expired" time="0.037" /><testcase classname="tests.test_production_history_routes" name="test_export_dataset_expired" time="0.100" /><testcase classname="tests.test_production_history_routes" name="test_query_heavy_query_overloaded" time="0.039" /><testcase classname="tests.test_production_history_routes" name="test_query_memory_guard_rejected" time="0.037" /><testcase classname="tests.test_production_history_routes" name="test_page_memory_guard_rejected" time="0.038" /><testcase classname="tests.test_production_history_routes" name="test_matrix_memory_guard_rejected" time="0.040" /><testcase classname="tests.test_production_history_routes" name="test_page_accepts_matrix_filter_fields" time="0.044" /><testcase classname="tests.test_production_history_routes" name="test_matrix_accepts_same_filter_schema" time="0.040" /><testcase classname="tests.test_production_history_routes" name="test_export_accepts_filter_query_params" time="0.038" /><testcase classname="tests.test_production_history_routes.TestLotTraceGuards" name="test_validate_lot_trace_same_cid_continues" time="0.001" /><testcase classname="tests.test_production_history_routes.TestLotTraceGuards" name="test_validate_lot_trace_cross_lot_cycle_raises_valueerror" time="0.001" /><testcase classname="tests.test_production_history_routes.TestLotTraceGuards" name="test_validate_query_params_missing_pj_types" time="0.000" /><testcase classname="tests.test_production_history_routes.TestLotTraceGuards" name="test_validate_query_params_max_date_range" time="0.000" /><testcase classname="tests.test_production_history_routes.TestLotTraceGuards" name="test_validate_query_params_bad_date_format" time="0.000" /><testcase classname="tests.test_production_history_routes.TestLotTraceGuards" name="test_end_date_exclusive_semantics" time="0.000" /><testcase classname="tests.test_production_history_routes.TestProductionHistory730dBoundary" name="test_730d_boundary_is_valid" time="0.000" /><testcase classname="tests.test_production_history_routes.TestProductionHistory730dBoundary" name="test_731d_returns_validation_error" time="0.037" /><testcase classname="tests.test_production_history_routes.TestProductionHistory730dBoundary" name="test_missing_pj_types_returns_validation_error" time="0.104" /><testcase classname="tests.test_production_history_routes.TestProductionHistory730dBoundary" name="test_empty_pj_types_returns_validation_error" time="0.037" /><testcase classname="tests.test_production_history_routes.TestProductionHistory730dBoundary" name="test_dataset_id_hash_stability" time="0.000" /><testcase classname="tests.test_production_history_routes.TestProductionHistory730dBoundary" name="test_dataset_id_different_for_different_params" time="0.000" /><testcase classname="tests.test_production_history_routes.TestFilterOptionsEndpoint" name="test_filter_options_endpoint_empty_selection" time="0.036" /><testcase classname="tests.test_production_history_routes.TestFilterOptionsEndpoint" name="test_filter_options_endpoint_with_selected_package" time="0.036" /><testcase classname="tests.test_production_history_routes.TestFilterOptionsEndpoint" name="test_filter_options_rejects_unknown_keys_is_fail_open" time="0.036" /><testcase classname="tests.test_production_history_routes.TestFilterOptionsEndpoint" name="test_filter_options_invalid_json_returns_400" time="0.038" /><testcase classname="tests.test_production_history_routes.TestFilterOptionsEndpoint" name="test_filter_options_response_shape_matches_data_2_7" time="0.036" /><testcase classname="tests.test_production_history_routes.TestQueryModeSplitRoutes" name="test_query_identifier_only_no_dates_returns_results" time="0.036" /><testcase classname="tests.test_production_history_routes.TestQueryModeSplitRoutes" name="test_query_classification_only_no_dates_returns_validation_error" time="0.037" /><testcase classname="tests.test_production_history_routes.TestQueryModeSplitRoutes" name="test_query_identifier_wide_window_bounded" time="0.100" /><testcase classname="tests.test_production_history_routes.TestRssFallbackAbsence" name="test_rss_pandas_fallback_branch_absent_in_ast" time="0.004" /><testcase classname="tests.test_production_history_async_routes.TestProductionHistoryQueryRoute" name="test_async_enqueue_failure_returns_503" time="0.039" /><testcase classname="tests.test_production_history_async_routes.TestProductionHistoryQueryRoute" name="test_rq_unavailable_returns_503" time="0.037" /><testcase classname="tests.test_production_history_async_routes.TestProductionHistoryQueryRoute" name="test_spool_hit_returns_sync_200" time="0.037" /><testcase classname="tests.test_production_history_async_routes.TestProductionHistoryQueryRoute" name="test_spool_miss_returns_async_202" time="0.038" /><testcase classname="tests.test_production_history_async_routes.TestProductionHistoryJobStatusRoute" name="test_completed_job_returns_query_id" time="0.036" /><testcase classname="tests.test_production_history_async_routes.TestProductionHistoryJobStatusRoute" name="test_job_found_returns_200_with_status" time="0.035" /><testcase classname="tests.test_production_history_async_routes.TestProductionHistoryJobStatusRoute" name="test_job_not_found_returns_404" time="0.036" /><testcase classname="tests.test_api_contract.TestWipRoutesContractCompliance" name="test_wip_routes_has_no_manual_jsonify" time="0.004" /><testcase classname="tests.test_api_contract.TestJsonifyBaselineRegression" name="test_jsonify_count_does_not_exceed_baseline" time="0.125" /><testcase classname="tests.test_api_contract.TestHealthEndpointContractException" name="test_health_frontend_shell_returns_top_level_status" time="0.037" /><testcase classname="tests.test_api_contract.TestHealthEndpointContractException" name="test_health_returns_services_at_top_level" time="0.070" /><testcase classname="tests.test_api_contract.TestHealthEndpointContractException" name="test_health_returns_top_level_status_not_envelope" time="0.103" /><testcase classname="tests.test_api_contract.TestStandardJsonEnvelopeShape" name="test_internal_error_has_standard_error_envelope" time="0.037" /><testcase classname="tests.test_api_contract.TestStandardJsonEnvelopeShape" name="test_not_found_error_has_standard_error_envelope" time="0.037" /><testcase classname="tests.test_api_contract.TestStandardJsonEnvelopeShape" name="test_success_response_has_standard_envelope" time="0.036" /><testcase classname="tests.test_api_contract.TestStandardJsonEnvelopeShape" name="test_validation_error_has_standard_error_envelope" time="0.036" /><testcase classname="tests.test_api_contract.TestEnvelopeRuntimeSweep" name="test_envelope_runtime_sweep" time="30.160" /><testcase classname="tests.test_api_contract.TestRouteMatrixComplete" name="test_route_matrix_complete" time="0.035" /><testcase classname="tests.test_api_contract.TestErrorEnvelopeCodesInAllowlist" name="test_error_codes_are_defined_constants" time="0.040" /><testcase classname="tests.test_api_contract.TestErrorEnvelopeCodesInAllowlist" name="test_internal_error_code_in_envelope" time="0.104" /><testcase classname="tests.test_api_contract.TestErrorEnvelopeCodesInAllowlist" name="test_not_found_error_code_in_envelope" time="0.039" /><testcase classname="tests.test_api_contract.TestErrorEnvelopeCodesInAllowlist" name="test_validation_error_code_in_envelope" time="0.035" /><testcase classname="tests.test_api_contract.TestResourceHistoryProgressContract" name="test_resource_history_progress_endpoint_in_inventory" time="0.001" /><testcase classname="tests.test_api_contract.TestResourceHistoryProgressContract" name="test_resource_history_progress_response_matches_data_shape_contract" time="0.001" /><testcase classname="tests.test_api_contract.TestProductionHistoryQueryModeContract" name="test_query_payload_classification_mode_still_requires_dates" time="0.036" /><testcase classname="tests.test_api_contract.TestProductionHistoryQueryModeContract" name="test_query_payload_dates_optional_with_identifier_tokens" time="0.036" /><testcase classname="tests.test_api_contract.TestProductionHistoryPartialMergeContract" name="test_detail_row_schema_has_partial_count_integer" time="0.037" /><testcase classname="tests.test_api_contract.TestProductionHistoryPartialMergeContract" name="test_production_history_detail_pagination_total_rows_post_aggregation" time="0.035" /><testcase classname="tests.test_api_contract.TestDowntimeSummaryShape" name="test_avg_event_min_is_float" time="0.003" /><testcase classname="tests.test_api_contract.TestDowntimeSummaryShape" name="test_empty_df_returns_zeros" time="0.001" /><testcase classname="tests.test_api_contract.TestDowntimeSummaryShape" name="test_event_count_is_integer" time="0.002" /><testcase classname="tests.test_api_contract.TestDowntimeSummaryShape" name="test_nst_excluded_from_totals" time="0.002" /><testcase classname="tests.test_api_contract.TestDowntimeSummaryShape" name="test_total_hours_present_and_float" time="0.002" /><testcase classname="tests.test_api_contract.TestDowntimeSummaryShape" name="test_udt_sdt_egt_hours_present" time="0.002" /><testcase classname="tests.test_api_contract.TestDailyTrendShape" name="test_date_is_string" time="0.004" /><testcase classname="tests.test_api_contract.TestDailyTrendShape" name="test_hours_are_floats" time="0.003" /><testcase classname="tests.test_api_contract.TestDailyTrendShape" name="test_rows_have_required_fields" time="0.003" /><testcase classname="tests.test_api_contract.TestBigCategoryShape" name="test_category_is_string" time="0.002" /><testcase classname="tests.test_api_contract.TestBigCategoryShape" name="test_pct_sums_to_100" time="0.002" /><testcase classname="tests.test_api_contract.TestBigCategoryShape" name="test_rows_have_required_fields" time="0.002" /><testcase classname="tests.test_api_contract.TestBigCategoryShape" name="test_sorted_by_hours_desc" time="0.002" /><testcase classname="tests.test_api_contract.TestTopReasonsShape" name="test_avg_min_is_float" time="0.003" /><testcase classname="tests.test_api_contract.TestTopReasonsShape" name="test_null_reason_becomes_unfilled" time="0.003" /><testcase classname="tests.test_api_contract.TestTopReasonsShape" name="test_rows_have_required_fields" time="0.003" /><testcase classname="tests.test_api_contract.TestTopReasonsShape" name="test_sorted_by_hours_desc" time="0.003" /><testcase classname="tests.test_api_contract.TestTopReasonsShape" name="test_top_n_respected" time="0.003" /><testcase classname="tests.test_api_contract.TestEquipmentDetailShape" name="test_resource_name_nullable" time="0.006" /><testcase classname="tests.test_api_contract.TestEquipmentDetailShape" name="test_rows_have_required_fields" time="0.006" /><testcase classname="tests.test_api_contract.TestEquipmentDetailShape" name="test_sorted_by_total_hours_desc" time="0.006" /><testcase classname="tests.test_api_contract.TestEventDetailShape" name="test_event_detail_page_has_pagination" time="0.020" /><testcase classname="tests.test_api_contract.TestEventDetailShape" name="test_event_detail_row_has_required_fields" time="0.019" /><testcase classname="tests.test_api_contract.TestEventDetailShape" name="test_job_is_null_when_no_match" time="0.021" /><testcase classname="tests.test_api_contract.TestEventDetailShape" name="test_match_source_closed_enum" time="0.019" /><testcase classname="tests.test_api_contract.TestJobEnrichmentShape" name="test_job_enrichment_fields_present" time="0.047" /><testcase classname="tests.test_api_contract.TestJobEnrichmentShape" name="test_match_ambiguous_is_boolean" time="0.065" /><testcase classname="tests.test_api_contract.TestJobEnrichmentShape" name="test_wait_min_nullable" time="0.040" /><testcase classname="tests.test_api_contract.TestResourceHistoryAsyncContract" name="test_202_response_shape_has_job_id_and_status_url" time="0.040" /><testcase classname="tests.test_api_contract.TestResourceHistoryAsyncContract" name="test_resource_history_query_short_span_returns_200_not_202" time="0.036" /></testsuite></testsuites>