<?xml version="1.0" encoding="utf-8"?><testsuites name="pytest tests"><testsuite name="pytest" errors="0" failures="0" skipped="10" tests="116" time="32.947" timestamp="2026-06-15T17:18:04.881747+08:00" hostname="egg-Virtual-Machine"><testcase classname="tests.integration.test_resource_history_rq_async.TestResourceHistoryAsyncDispatch" name="test_enqueue_to_resource_history_queue" time="0.000"><skipped type="pytest.skip" message="real-subprocess integration tests require --run-integration-real">/home/egg/Project/DashBoard_vite/tests/integration/test_resource_history_rq_async.py:61: real-subprocess integration tests require --run-integration-real</skipped></testcase><testcase classname="tests.integration.test_resource_history_rq_async.TestResourceHistoryAsyncDispatch" name="test_enqueue_payload_owner_inside_params_dict" time="0.000"><skipped type="pytest.skip" message="real-subprocess integration tests require --run-integration-real">/home/egg/Project/DashBoard_vite/tests/integration/test_resource_history_rq_async.py:118: real-subprocess integration tests require --run-integration-real</skipped></testcase><testcase classname="tests.integration.test_resource_history_rq_async.TestResourceHistoryAsyncDispatch" name="test_resource_worker_queue_default_is_resource_history_query" time="0.000"><skipped type="pytest.skip" message="real-subprocess integration tests require --run-integration-real">/home/egg/Project/DashBoard_vite/tests/integration/test_resource_history_rq_async.py:175: real-subprocess integration tests require --run-integration-real</skipped></testcase><testcase classname="tests.integration.test_resource_history_rq_async.TestResourceHistoryAsyncDispatch" name="test_resource_job_timeout_default_is_1800" time="0.000"><skipped type="pytest.skip" message="real-subprocess integration tests require --run-integration-real">/home/egg/Project/DashBoard_vite/tests/integration/test_resource_history_rq_async.py:191: real-subprocess integration tests require --run-integration-real</skipped></testcase><testcase classname="tests.integration.test_resource_history_rq_async.TestResourceHistoryAsyncParity" name="test_worker_fn_parity_vs_sync" time="0.000"><skipped type="pytest.skip" message="real-subprocess integration tests require --run-integration-real">/home/egg/Project/DashBoard_vite/tests/integration/test_resource_history_rq_async.py:225: real-subprocess integration tests require --run-integration-real</skipped></testcase><testcase classname="tests.integration.test_resource_history_rq_async.TestResourceHistoryAsyncParity" name="test_coarse_milestones_fire_in_order" time="0.000"><skipped type="pytest.skip" message="real-subprocess integration tests require --run-integration-real">/home/egg/Project/DashBoard_vite/tests/integration/test_resource_history_rq_async.py:345: real-subprocess integration tests require --run-integration-real</skipped></testcase><testcase classname="tests.integration.test_resource_history_rq_async.TestResourceHistoryAsyncParity" name="test_pct_envelope_never_decreases" time="0.000"><skipped type="pytest.skip" message="real-subprocess integration tests require --run-integration-real">/home/egg/Project/DashBoard_vite/tests/integration/test_resource_history_rq_async.py:397: real-subprocess integration tests require --run-integration-real</skipped></testcase><testcase classname="tests.integration.test_resource_history_rq_async.TestResourceHistoryAsyncParity" name="test_worker_exception_calls_complete_job_with_error" time="0.001"><skipped type="pytest.skip" message="real-subprocess integration tests require --run-integration-real">/home/egg/Project/DashBoard_vite/tests/integration/test_resource_history_rq_async.py:438: real-subprocess integration tests require --run-integration-real</skipped></testcase><testcase classname="tests.integration.test_resource_history_rq_async.TestResourceHistoryAsyncParity" name="test_job_timeout_produces_terminal_error_status" time="0.000"><skipped type="pytest.skip" message="real-subprocess integration tests require --run-integration-real">/home/egg/Project/DashBoard_vite/tests/integration/test_resource_history_rq_async.py:495: real-subprocess integration tests require --run-integration-real</skipped></testcase><testcase classname="tests.integration.test_resource_history_rq_async.TestResourceHistoryAsyncParity" name="test_worker_fn_does_not_forward_owner_to_execute_primary_query" time="0.000"><skipped type="pytest.skip" message="real-subprocess integration tests require --run-integration-real">/home/egg/Project/DashBoard_vite/tests/integration/test_resource_history_rq_async.py:547: real-subprocess integration tests require --run-integration-real</skipped></testcase><testcase classname="tests.test_api_contract.TestWipRoutesContractCompliance" name="test_wip_routes_has_no_manual_jsonify" time="0.008" /><testcase classname="tests.test_api_contract.TestJsonifyBaselineRegression" name="test_jsonify_count_does_not_exceed_baseline" time="0.063" /><testcase classname="tests.test_api_contract.TestHealthEndpointContractException" name="test_health_frontend_shell_returns_top_level_status" time="0.088" /><testcase classname="tests.test_api_contract.TestHealthEndpointContractException" name="test_health_returns_services_at_top_level" time="0.122" /><testcase classname="tests.test_api_contract.TestHealthEndpointContractException" name="test_health_returns_top_level_status_not_envelope" time="0.056" /><testcase classname="tests.test_api_contract.TestStandardJsonEnvelopeShape" name="test_internal_error_has_standard_error_envelope" time="0.052" /><testcase classname="tests.test_api_contract.TestStandardJsonEnvelopeShape" name="test_not_found_error_has_standard_error_envelope" time="0.040" /><testcase classname="tests.test_api_contract.TestStandardJsonEnvelopeShape" name="test_success_response_has_standard_envelope" time="0.037" /><testcase classname="tests.test_api_contract.TestStandardJsonEnvelopeShape" name="test_validation_error_has_standard_error_envelope" time="0.037" /><testcase classname="tests.test_api_contract.TestEnvelopeRuntimeSweep" name="test_envelope_runtime_sweep" time="30.228" /><testcase classname="tests.test_api_contract.TestRouteMatrixComplete" name="test_route_matrix_complete" time="0.101" /><testcase classname="tests.test_api_contract.TestErrorEnvelopeCodesInAllowlist" name="test_error_codes_are_defined_constants" time="0.039" /><testcase classname="tests.test_api_contract.TestErrorEnvelopeCodesInAllowlist" name="test_internal_error_code_in_envelope" time="0.041" /><testcase classname="tests.test_api_contract.TestErrorEnvelopeCodesInAllowlist" name="test_not_found_error_code_in_envelope" time="0.035" /><testcase classname="tests.test_api_contract.TestErrorEnvelopeCodesInAllowlist" name="test_validation_error_code_in_envelope" time="0.041" /><testcase classname="tests.test_api_contract.TestResourceHistoryProgressContract" name="test_resource_history_progress_endpoint_in_inventory" time="0.001" /><testcase classname="tests.test_api_contract.TestResourceHistoryProgressContract" name="test_resource_history_progress_response_matches_data_shape_contract" time="0.001" /><testcase classname="tests.test_api_contract.TestProductionHistoryQueryModeContract" name="test_query_payload_classification_mode_still_requires_dates" time="0.039" /><testcase classname="tests.test_api_contract.TestProductionHistoryQueryModeContract" name="test_query_payload_dates_optional_with_identifier_tokens" time="0.036" /><testcase classname="tests.test_api_contract.TestProductionHistoryPartialMergeContract" name="test_detail_row_schema_has_partial_count_integer" time="0.074" /><testcase classname="tests.test_api_contract.TestProductionHistoryPartialMergeContract" name="test_production_history_detail_pagination_total_rows_post_aggregation" time="0.035" /><testcase classname="tests.test_api_contract.TestDowntimeSummaryShape" name="test_avg_event_min_is_float" time="0.004" /><testcase classname="tests.test_api_contract.TestDowntimeSummaryShape" name="test_empty_df_returns_zeros" time="0.001" /><testcase classname="tests.test_api_contract.TestDowntimeSummaryShape" name="test_event_count_is_integer" time="0.003" /><testcase classname="tests.test_api_contract.TestDowntimeSummaryShape" name="test_nst_excluded_from_totals" time="0.002" /><testcase classname="tests.test_api_contract.TestDowntimeSummaryShape" name="test_total_hours_present_and_float" time="0.003" /><testcase classname="tests.test_api_contract.TestDowntimeSummaryShape" name="test_udt_sdt_egt_hours_present" time="0.002" /><testcase classname="tests.test_api_contract.TestDailyTrendShape" name="test_date_is_string" time="0.007" /><testcase classname="tests.test_api_contract.TestDailyTrendShape" name="test_hours_are_floats" time="0.005" /><testcase classname="tests.test_api_contract.TestDailyTrendShape" name="test_rows_have_required_fields" time="0.004" /><testcase classname="tests.test_api_contract.TestBigCategoryShape" name="test_category_is_string" time="0.002" /><testcase classname="tests.test_api_contract.TestBigCategoryShape" name="test_pct_sums_to_100" time="0.003" /><testcase classname="tests.test_api_contract.TestBigCategoryShape" name="test_rows_have_required_fields" time="0.002" /><testcase classname="tests.test_api_contract.TestBigCategoryShape" name="test_sorted_by_hours_desc" time="0.002" /><testcase classname="tests.test_api_contract.TestTopReasonsShape" name="test_avg_min_is_float" time="0.004" /><testcase classname="tests.test_api_contract.TestTopReasonsShape" name="test_null_reason_becomes_unfilled" time="0.005" /><testcase classname="tests.test_api_contract.TestTopReasonsShape" name="test_rows_have_required_fields" time="0.005" /><testcase classname="tests.test_api_contract.TestTopReasonsShape" name="test_sorted_by_hours_desc" time="0.004" /><testcase classname="tests.test_api_contract.TestTopReasonsShape" name="test_top_n_respected" time="0.004" /><testcase classname="tests.test_api_contract.TestEquipmentDetailShape" name="test_resource_name_nullable" time="0.008" /><testcase classname="tests.test_api_contract.TestEquipmentDetailShape" name="test_rows_have_required_fields" time="0.007" /><testcase classname="tests.test_api_contract.TestEquipmentDetailShape" name="test_sorted_by_total_hours_desc" time="0.006" /><testcase classname="tests.test_api_contract.TestEventDetailShape" name="test_event_detail_page_has_pagination" time="0.023" /><testcase classname="tests.test_api_contract.TestEventDetailShape" name="test_event_detail_row_has_required_fields" time="0.023" /><testcase classname="tests.test_api_contract.TestEventDetailShape" name="test_job_is_null_when_no_match" time="0.020" /><testcase classname="tests.test_api_contract.TestEventDetailShape" name="test_match_source_closed_enum" time="0.019" /><testcase classname="tests.test_api_contract.TestJobEnrichmentShape" name="test_job_enrichment_fields_present" time="0.041" /><testcase classname="tests.test_api_contract.TestJobEnrichmentShape" name="test_match_ambiguous_is_boolean" time="0.046" /><testcase classname="tests.test_api_contract.TestJobEnrichmentShape" name="test_wait_min_nullable" time="0.043" /><testcase classname="tests.test_api_contract.TestResourceHistoryAsyncContract" name="test_202_response_shape_has_job_id_and_status_url" time="0.039" /><testcase classname="tests.test_api_contract.TestResourceHistoryAsyncContract" name="test_resource_history_query_short_span_returns_200_not_202" time="0.104" /><testcase classname="tests.test_env_contract.TestNewEnvVarsDocumented" name="test_use_row_count_chunking_documented" time="0.001" /><testcase classname="tests.test_env_contract.TestNewEnvVarsDocumented" name="test_batch_query_rows_per_chunk_documented" time="0.000" /><testcase classname="tests.test_env_contract.TestNewEnvVarsDocumented" name="test_hold_engine_parallel_documented" time="0.001" /><testcase classname="tests.test_env_contract.TestNewEnvVarsDocumented" name="test_job_engine_parallel_documented" time="0.001" /><testcase classname="tests.test_env_contract.TestNewEnvVarsDocumented" name="test_msd_engine_parallel_documented" time="0.001" /><testcase classname="tests.test_env_contract.TestEngineDefaultsMatchContract" name="test_rows_per_chunk_default_is_50000" time="0.001" /><testcase classname="tests.test_env_contract.TestEngineDefaultsMatchContract" name="test_use_row_count_chunking_default_is_false" time="0.001" /><testcase classname="tests.test_env_contract.TestEngineDefaultsMatchContract" name="test_hold_engine_parallel_default_is_positive_integer" time="0.000" /><testcase classname="tests.test_env_contract.TestEngineDefaultsMatchContract" name="test_job_engine_parallel_default_is_positive_integer" time="0.001" /><testcase classname="tests.test_env_contract.TestEngineDefaultsMatchContract" name="test_msd_engine_parallel_default_is_positive_integer" time="0.000" /><testcase classname="tests.test_env_contract.TestResourceViewCacheTTLDefault" name="test_resource_view_cache_ttl_default_equals_300" time="0.000" /><testcase classname="tests.test_env_contract.TestResourceViewCacheTTLDefault" name="test_resource_view_cache_ttl_documented_in_contract" time="0.001" /><testcase classname="tests.test_env_contract.TestDuckdbPrewarmTtlDefaults" name="test_resource_history_spool_ttl_default_is_72000" time="0.000" /><testcase classname="tests.test_env_contract.TestDuckdbPrewarmTtlDefaults" name="test_downtime_analysis_cache_ttl_default_is_72000" time="0.001" /><testcase classname="tests.test_env_contract.TestDuckdbPrewarmTtlDefaults" name="test_cache_ttl_dataset_unchanged_at_7200" time="0.000" /><testcase classname="tests.test_env_contract.TestDuckdbPrewarmTtlDefaults" name="test_resource_history_spool_ttl_documented_in_contract" time="0.001" /><testcase classname="tests.test_env_contract.TestDuckdbPrewarmTtlDefaults" name="test_downtime_analysis_cache_ttl_documented_in_contract" time="0.000" /><testcase classname="tests.test_env_contract.TestDuckdbPrewarmTtlDefaults" name="test_resource_async_env_vars_pinned_defaults" time="0.001" /><testcase classname="tests.test_env_contract.TestDuckdbPrewarmTtlDefaults" name="test_resource_async_vars_documented_in_env_contract" time="0.001" /><testcase classname="tests.test_resource_history_rq_async_route.TestResourceHistoryAsyncRoute" name="test_enqueue_exception_falls_through_to_sync" time="0.039" /><testcase classname="tests.test_resource_history_rq_async_route.TestResourceHistoryAsyncRoute" name="test_enqueue_failure_falls_through_to_sync" time="0.069" /><testcase classname="tests.test_resource_history_rq_async_route.TestResourceHistoryAsyncRoute" name="test_owner_in_params_dict" time="0.037" /><testcase classname="tests.test_resource_history_rq_async_route.TestResourceHistoryAsyncRoute" name="test_query_async_flag_false_returns_200_sync" time="0.037" /><testcase classname="tests.test_resource_history_rq_async_route.TestResourceHistoryAsyncRoute" name="test_query_long_span_returns_202" time="0.042" /><testcase classname="tests.test_resource_history_rq_async_route.TestResourceHistoryAsyncRoute" name="test_query_short_span_returns_200_sync" time="0.037" /><testcase classname="tests.test_resource_history_rq_async_route.TestResourceHistoryAsyncRoute" name="test_redis_unavailable_falls_back_to_sync" time="0.036" /><testcase classname="tests.test_resource_history_rq_async_route.TestResourceHistoryAsyncRoute" name="test_resource_async_day_threshold_default_is_90" time="0.039" /><testcase classname="tests.test_resource_history_rq_async_route.TestResourceHistoryAsyncRoute" name="test_resource_async_enabled_default_is_true" time="0.114" /><testcase classname="tests.test_resource_query_job_service.TestResourceQueryJobService" name="test_should_use_async_above_threshold" time="0.001" /><testcase classname="tests.test_resource_query_job_service.TestResourceQueryJobService" name="test_should_use_async_at_exact_threshold" time="0.000" /><testcase classname="tests.test_resource_query_job_service.TestResourceQueryJobService" name="test_should_use_async_below_threshold_is_false" time="0.001" /><testcase classname="tests.test_resource_query_job_service.TestResourceQueryJobService" name="test_should_use_async_flag_false_returns_false" time="0.000" /><testcase classname="tests.test_resource_query_job_service.TestResourceQueryJobService" name="test_should_use_async_missing_dates_returns_false" time="0.000" /><testcase classname="tests.test_resource_query_job_service.TestResourceQueryJobService" name="test_should_use_async_invalid_date_format_returns_false" time="0.000" /><testcase classname="tests.test_resource_query_job_service.TestResourceQueryJobService" name="test_worker_fn_failure_reraises_and_sets_error" time="0.003" /><testcase classname="tests.test_resource_query_job_service.TestResourceQueryJobService" name="test_worker_fn_success_calls_complete_job_with_query_id" time="0.001" /><testcase classname="tests.test_resource_query_job_service.TestResourceQueryJobService" name="test_register_job_type_fires_at_import" time="0.000" /><testcase classname="tests.test_resource_query_job_service.TestResourceQueryJobService" name="test_register_job_type_reruns_after_reload" time="0.001" /><testcase classname="tests.test_resource_query_job_service.TestResourceQueryJobService" name="test_resource_async_enabled_defaults_to_true" time="0.001" /><testcase classname="tests.test_resource_query_job_service.TestResourceQueryJobService" name="test_resource_async_day_threshold_defaults_to_90" time="0.001" /><testcase classname="tests.test_resource_query_job_service.TestResourceQueryJobService" name="test_resource_worker_queue_defaults_to_resource_history_query" time="0.001" /><testcase classname="tests.test_resource_query_job_service.TestResourceQueryJobService" name="test_resource_job_timeout_defaults_to_1800" time="0.001" /><testcase classname="tests.test_spool_routes" name="test_unknown_namespace_returns_400" time="0.037" /><testcase classname="tests.test_spool_routes" name="test_path_traversal_in_namespace_returns_400" time="0.065" /><testcase classname="tests.test_spool_routes" name="test_invalid_query_id_non_hex_returns_400" time="0.058" /><testcase classname="tests.test_spool_routes" name="test_valid_namespace_but_missing_spool_returns_410" time="0.051" /><testcase classname="tests.test_spool_routes" name="test_valid_namespace_but_file_not_on_disk_returns_410" time="0.038" /><testcase classname="tests.test_spool_routes" name="test_valid_spool_streams_parquet" time="0.040" /><testcase classname="tests.test_spool_routes" name="test_allowed_namespaces_pass_namespace_validation[yield_alert_dataset]" time="0.038" /><testcase classname="tests.test_spool_routes" name="test_allowed_namespaces_pass_namespace_validation[reject_dataset]" time="0.035" /><testcase classname="tests.test_spool_routes" name="test_allowed_namespaces_pass_namespace_validation[resource_dataset]" time="0.113" /><testcase classname="tests.test_spool_routes" name="test_allowed_namespaces_pass_namespace_validation[hold_dataset]" time="0.043" /><testcase classname="tests.test_spool_routes" name="test_allowed_namespaces_pass_namespace_validation[downtime_analysis_base_events]" time="0.037" /><testcase classname="tests.test_spool_routes" name="test_allowed_namespaces_pass_namespace_validation[downtime_analysis_job_bridge]" time="0.036" /><testcase classname="tests.test_spool_routes" name="test_resource_dataset_stays_in_allowed_namespaces" time="0.001" /></testsuite></testsuites>