<?xml version="1.0" encoding="utf-8"?><testsuites name="pytest tests"><testsuite name="pytest" errors="0" failures="1" skipped="0" tests="1" time="0.253" timestamp="2026-07-01T14:23:24.541248+08:00" hostname="egg-Virtual-Machine"><testcase classname="tests.test_yield_alert_sql_runtime.TestQuerySummaryAlertScopeParity" name="test_transaction_qty_matches_tx_extra_cols_dedup_sum_of_alert_candidates" time="0.022"><failure message="TypeError: _query_summary() got an unexpected keyword argument 'risk_threshold'">tests/test_yield_alert_sql_runtime.py:446: in test_transaction_qty_matches_tx_extra_cols_dedup_sum_of_alert_candidates
    summary = _query_summary(
E   TypeError: _query_summary() got an unexpected keyword argument 'risk_threshold'</failure></testcase></testsuite></testsuites>