<?xml version="1.0" encoding="utf-8"?><testsuites name="pytest tests"><testsuite name="pytest" errors="0" failures="1" skipped="0" tests="3" time="4.945" timestamp="2026-06-18T09:45:43.785586+08:00" hostname="egg-Virtual-Machine"><testcase classname="tests.contract.test_capture_samples.TestCaptureSamples" name="test_capture_script_exists" time="0.001" /><testcase classname="tests.contract.test_capture_samples.TestCaptureSamples" name="test_auth_endpoints_get_session_cookie" time="0.127" /><testcase classname="tests.contract.test_capture_samples.TestCaptureSamples" name="test_capture_runs_without_error" time="1.037"><failure message="AssertionError: capture_samples.py exited with 1&#10;  stdout: &#10;  stderr: 2026-06-18 09:45:48 [INFO] mes_dashboard.log_store: Log store initialized at logs/admin_logs.sqlite&#10;  2026-06-18 09:45:48 [DEBUG] mes_dashboard: SQLite log handler registered&#10;  2026-06-18 09:45:48 [WARNING] mes_dashboard: QUERY_SPOOL_DIR is a relative path ('tmp/query_spool' → /home/egg/Project/DashBoard_vite/tmp/query_spool).  Relative paths resolve against the process working directory, which may differ across Gunicorn workers or Docker containers.  Set QUERY_SPOOL_DIR to a shared absolute mount path for multi-worker deployments.&#10;  Traceback (most recent call last):&#10;    File &quot;/home/egg/Project/DashBoard_vite/tests/contract/capture_samples.py&quot;, line 638, in &lt;module&gt;&#10;      main()&#10;    File &quot;/home/egg/Project/DashBoard_vite/tests/contract/capture_samples.py&quot;, line 535, in main&#10;      app = create_app(&quot;testing&quot;)&#10;            ^^^^^^^^^^^^^^^^^^^^^&#10;    File &quot;/home/egg/Project/DashBoard_vite/src/mes_dashboard/app.py&quot;, line 789, in create_app&#10;      _validate_in_scope_asset_readiness(app)&#10;    File &quot;/home/egg/Project/DashBoard_vite/src/mes_dashboard/app.py&quot;, line 429, in _validate_in_scope_asset_readiness&#10;      raise RuntimeError(message)&#10;  RuntimeError: In-scope asset readiness check failed: /eap-alarm:eap-alarm.js&#10;  &#10;assert 1 == 0&#10; +  where 1 = CompletedProcess(args=['/home/egg/miniconda3/envs/mes-dashboard/bin/python3.11', '/home/egg/Project/DashBoard_vite/tests/contract/capture_samples.py'], returncode=1, stdout='', stderr='2026-06-18 09:45:48 [INFO] mes_dashboard.log_store: Log store initialized at logs/admin_logs.sqlite\n2026-06-18 09:45:48 [DEBUG] mes_dashboard: SQLite log handler registered\n2026-06-18 09:45:48 [WARNING] mes_dashboard: QUERY_SPOOL_DIR is a relative path (\'tmp/query_spool\' → /home/egg/Project/DashBoard_vite/tmp/query_spool).  Relative paths resolve against the process working directory, which may differ across Gunicorn workers or Docker containers.  Set QUERY_SPOOL_DIR to a shared absolute mount path for multi-worker deployments.\nTraceback (most recent call last):\n  File &quot;/home/egg/Project/DashBoard_vite/tests/contract/capture_samples.py&quot;, line 638, in &lt;module&gt;\n    main()\n  File &quot;/home/egg/Project/DashBoard_vite/tests/contract/capture_samples.py&quot;, line 535, in main\n    app = create_app(&quot;testing&quot;)\n          ^^^^^^^^^^^^^^^^^^^^^\n  File &quot;/home/egg/Project/DashBoard_vite/src/mes_dashboard/app.py&quot;, line 789, in create_app\n    _validate_in_scope_asset_readiness(app)\n  File &quot;/home/egg/Project/DashBoard_vite/src/mes_dashboard/app.py&quot;, line 429, in _validate_in_scope_asset_readiness\n    raise RuntimeError(message)\nRuntimeError: In-scope asset readiness check failed: /eap-alarm:eap-alarm.js\n').returncode">tests/contract/test_capture_samples.py:118: in test_capture_runs_without_error
    assert result.returncode == 0, (
E   AssertionError: capture_samples.py exited with 1
E     stdout: 
E     stderr: 2026-06-18 09:45:48 [INFO] mes_dashboard.log_store: Log store initialized at logs/admin_logs.sqlite
E     2026-06-18 09:45:48 [DEBUG] mes_dashboard: SQLite log handler registered
E     2026-06-18 09:45:48 [WARNING] mes_dashboard: QUERY_SPOOL_DIR is a relative path ('tmp/query_spool' → /home/egg/Project/DashBoard_vite/tmp/query_spool).  Relative paths resolve against the process working directory, which may differ across Gunicorn workers or Docker containers.  Set QUERY_SPOOL_DIR to a shared absolute mount path for multi-worker deployments.
E     Traceback (most recent call last):
E       File "/home/egg/Project/DashBoard_vite/tests/contract/capture_samples.py", line 638, in &lt;module&gt;
E         main()
E       File "/home/egg/Project/DashBoard_vite/tests/contract/capture_samples.py", line 535, in main
E         app = create_app("testing")
E               ^^^^^^^^^^^^^^^^^^^^^
E       File "/home/egg/Project/DashBoard_vite/src/mes_dashboard/app.py", line 789, in create_app
E         _validate_in_scope_asset_readiness(app)
E       File "/home/egg/Project/DashBoard_vite/src/mes_dashboard/app.py", line 429, in _validate_in_scope_asset_readiness
E         raise RuntimeError(message)
E     RuntimeError: In-scope asset readiness check failed: /eap-alarm:eap-alarm.js
E     
E   assert 1 == 0
E    +  where 1 = CompletedProcess(args=['/home/egg/miniconda3/envs/mes-dashboard/bin/python3.11', '/home/egg/Project/DashBoard_vite/tests/contract/capture_samples.py'], returncode=1, stdout='', stderr='2026-06-18 09:45:48 [INFO] mes_dashboard.log_store: Log store initialized at logs/admin_logs.sqlite\n2026-06-18 09:45:48 [DEBUG] mes_dashboard: SQLite log handler registered\n2026-06-18 09:45:48 [WARNING] mes_dashboard: QUERY_SPOOL_DIR is a relative path (\'tmp/query_spool\' → /home/egg/Project/DashBoard_vite/tmp/query_spool).  Relative paths resolve against the process working directory, which may differ across Gunicorn workers or Docker containers.  Set QUERY_SPOOL_DIR to a shared absolute mount path for multi-worker deployments.\nTraceback (most recent call last):\n  File "/home/egg/Project/DashBoard_vite/tests/contract/capture_samples.py", line 638, in &lt;module&gt;\n    main()\n  File "/home/egg/Project/DashBoard_vite/tests/contract/capture_samples.py", line 535, in main\n    app = create_app("testing")\n          ^^^^^^^^^^^^^^^^^^^^^\n  File "/home/egg/Project/DashBoard_vite/src/mes_dashboard/app.py", line 789, in create_app\n    _validate_in_scope_asset_readiness(app)\n  File "/home/egg/Project/DashBoard_vite/src/mes_dashboard/app.py", line 429, in _validate_in_scope_asset_readiness\n    raise RuntimeError(message)\nRuntimeError: In-scope asset readiness check failed: /eap-alarm:eap-alarm.js\n').returncode</failure></testcase></testsuite></testsuites>