<?xml version="1.0" encoding="utf-8"?><testsuites name="pytest tests"><testsuite name="pytest" errors="0" failures="1" skipped="0" tests="16" time="2.510" timestamp="2026-06-19T16:41:06.177108+08:00" hostname="egg-Virtual-Machine"><testcase classname="tests.test_downtime_unified_job.TestDowntimeJobPreQuery" name="test_pre_query_returns_base_and_job_chunks" time="0.084" /><testcase classname="tests.test_downtime_unified_job.TestDowntimeJobPreQuery" name="test_pre_query_sets_spool_key" time="0.001" /><testcase classname="tests.test_downtime_unified_job.TestDowntimeJobPreQuery" name="test_pre_query_chunks_have_date_range" time="0.000" /><testcase classname="tests.test_downtime_unified_job.TestDowntimeJobChunkToDb" name="test_base_chunk_routes_to_base_raw_table" time="1.168" /><testcase classname="tests.test_downtime_unified_job.TestDowntimeJobChunkToDb" name="test_job_chunk_routes_to_job_raw_table" time="0.049" /><testcase classname="tests.test_downtime_unified_job.TestDowntimeJobChunkToDb" name="test_multiple_base_chunks_accumulate" time="0.081" /><testcase classname="tests.test_downtime_unified_job.TestDowntimeJobChunkToDb" name="test_unknown_kind_raises_value_error" time="0.001" /><testcase classname="tests.test_downtime_unified_job.TestDowntimeJobChunkToDb" name="test_chunk_to_duckdb_raises_runtime_error" time="0.001" /><testcase classname="tests.test_downtime_unified_job.TestDowntimeJobPostAggregate" name="test_winner_selection_largest_overlap" time="0.140" /><testcase classname="tests.test_downtime_unified_job.TestDowntimeJobPostAggregate" name="test_match_ambiguous_false_when_runner_up_lt_80pct" time="0.140" /><testcase classname="tests.test_downtime_unified_job.TestDowntimeJobPostAggregate" name="test_match_ambiguous_true_when_runner_up_gte_80pct" time="0.138" /><testcase classname="tests.test_downtime_unified_job.TestDowntimeJobPostAggregate" name="test_orphan_event_match_source_none" time="0.137" /><testcase classname="tests.test_downtime_unified_job.TestDowntimeJobPostAggregate" name="test_path_a_jobid_direct_match" time="0.129" /><testcase classname="tests.test_downtime_unified_job.TestDowntimeJobPostAggregate" name="test_cross_shift_merge_59s_gap_merges" time="0.121" /><testcase classname="tests.test_downtime_unified_job.TestDowntimeJobPostAggregate" name="test_cross_shift_merge_61s_gap_stays_separate" time="0.108" /><testcase classname="tests.test_downtime_unified_job.TestDowntimeFlagDispatch" name="test_flag_off_calls_legacy_path" time="0.100"><failure message="AssertionError: Expected 'query_downtime_dataset' to have been called once. Called 0 times.">tests/test_downtime_unified_job.py:722: in test_flag_off_calls_legacy_path
    mock_legacy.assert_called_once()
../../miniconda3/lib/python3.13/unittest/mock.py:958: in assert_called_once
    raise AssertionError(msg)
E   AssertionError: Expected 'query_downtime_dataset' to have been called once. Called 0 times.</failure></testcase></testsuite></testsuites>