<?xml version="1.0" encoding="utf-8"?><testsuites name="pytest tests"><testsuite name="pytest" errors="0" failures="0" skipped="0" tests="22" time="1.147" timestamp="2026-07-01T10:20:55.680640+08:00" hostname="egg-Virtual-Machine"><testcase classname="tests.test_yield_alert_routes" name="test_query_accepts_each_new_process_type[GA%]" time="0.055" /><testcase classname="tests.test_yield_alert_routes" name="test_query_accepts_each_new_process_type[GC%]" time="0.043" /><testcase classname="tests.test_yield_alert_routes" name="test_query_accepts_each_new_process_type[GD%]" time="0.054" /><testcase classname="tests.test_yield_alert_routes" name="test_query_accepts_each_new_process_type[F%]" time="0.066" /><testcase classname="tests.test_yield_alert_routes" name="test_query_accepts_each_new_process_type[W%]" time="0.059" /><testcase classname="tests.test_yield_alert_routes" name="test_query_accepts_each_new_process_type[D%]" time="0.055" /><testcase classname="tests.test_yield_alert_routes" name="test_query_requires_valid_process_type" time="0.098" /><testcase classname="tests.test_yield_alert_dataset_cache" name="test_primary_query_id_differs_for_each_process_type" time="0.002" /><testcase classname="tests.test_yield_alert_dataset_cache" name="test_process_type_like_patterns_mutually_exclusive" time="0.001" /><testcase classname="tests.test_yield_alert_dataset_cache" name="test_process_type_f_uses_f_pattern" time="0.003" /><testcase classname="tests.test_yield_alert_sql_runtime.TestQueryFilterOptions" name="test_query_filter_options_returns_departments_from_spool_distinct" time="0.042" /><testcase classname="tests.test_yield_alert_sql_runtime.TestQueryFilterOptions" name="test_query_filter_options_empty_spool_returns_empty_workcenter_groups" time="0.023" /><testcase classname="tests.test_yield_alert_sql_runtime.TestCrossFilterOptions" name="test_compute_cross_filter_options_applies_other_dimension_filters" time="0.029" /><testcase classname="tests.test_yield_alert_sql_runtime.TestCrossFilterOptions" name="test_compute_cross_filter_options_includes_departments_dimension" time="0.029" /><testcase classname="tests.test_yield_alert_sql_runtime.TestCrossFilterOptions" name="test_departments_use_raw_department_name_not_department_group" time="0.034" /><testcase classname="tests.test_yield_alert_sql_runtime.TestCrossFilterOptions" name="test_selecting_department_narrows_lines_packages_types_functions" time="0.036" /><testcase classname="tests.test_yield_alert_sql_runtime.TestCrossFilterOptions" name="test_selecting_line_narrows_departments" time="0.038" /><testcase classname="tests.test_yield_alert_sql_runtime.TestCrossFilterOptions" name="test_workcenter_groups_change_with_process_type_query_id" time="0.055" /><testcase classname="tests.test_yield_alert_routes" name="test_view_workcenter_groups_sourced_from_spool_not_filter_cache" time="0.129" /><testcase classname="tests.test_yield_alert_routes" name="test_cross_filter_options_workcenter_groups_from_spool" time="0.060" /><testcase classname="tests.test_yield_alert_routes" name="test_view_new_process_type_zero_rows_returns_empty_not_error" time="0.044" /><testcase classname="tests.test_yield_alert_routes" name="test_filter_options_still_uses_filter_cache" time="0.065" /></testsuite></testsuites>