<?xml version="1.0" encoding="utf-8"?><testsuites name="pytest tests"><testsuite name="pytest" errors="0" failures="0" skipped="0" tests="3" time="0.109" timestamp="2026-07-13T22:56:16.739454+08:00" hostname="EGG"><testcase classname="tests.acceptance.test_add_uph_performance_page_acceptance" name="test_bonduph_raw_value_no_scale_conversion" time="0.031" /><testcase classname="tests.acceptance.test_add_uph_performance_page_acceptance" name="test_rule_uph_value_always_raw" time="0.005" /><testcase classname="tests.acceptance.test_add_uph_performance_page_acceptance" name="test_rule_family_parameter_mapping_fixed" time="0.000" /></testsuite></testsuites>