<?xml version="1.0" encoding="utf-8"?><testsuites name="pytest tests"><testsuite name="pytest" errors="0" failures="0" skipped="11" tests="103" time="1.070" timestamp="2026-07-01T12:56:41.074950+08:00" hostname="egg-Virtual-Machine"><testcase classname="tests.test_eap_alarm_service.TestSpoolKeyComposition" name="test_key_format" time="0.003" /><testcase classname="tests.test_eap_alarm_service.TestSpoolKeyComposition" name="test_hash_is_8_chars" time="0.001" /><testcase classname="tests.test_eap_alarm_service.TestSpoolKeyComposition" name="test_sorted_eqp_types_gives_same_key" time="0.001" /><testcase classname="tests.test_eap_alarm_service.TestSpoolKeyComposition" name="test_different_eqp_types_give_different_key" time="0.001" /><testcase classname="tests.test_eap_alarm_service.TestSpoolKeyComposition" name="test_different_dates_give_different_key" time="0.001" /><testcase classname="tests.test_eap_alarm_service.TestSpoolKeyComposition" name="test_schema_version_in_key" time="0.000" /><testcase classname="tests.test_eap_alarm_service.TestSpoolKeyComposition" name="test_same_full_params_give_same_key" time="0.000" /><testcase classname="tests.test_eap_alarm_service.TestSpoolKeyComposition" name="test_lot_ids_dim_produces_different_key" time="0.000" /><testcase classname="tests.test_eap_alarm_service.TestSpoolKeyComposition" name="test_pj_types_dim_produces_different_key" time="0.000" /><testcase classname="tests.test_eap_alarm_service.TestSpoolKeyComposition" name="test_product_lines_dim_produces_different_key" time="0.000" /><testcase classname="tests.test_eap_alarm_service.TestSpoolKeyComposition" name="test_pj_bops_dim_produces_different_key" time="0.000" /><testcase classname="tests.test_eap_alarm_service.TestSpoolKeyComposition" name="test_empty_dims_do_not_collide_across_axes" time="0.000" /><testcase classname="tests.test_eap_alarm_service.TestMissingDateRangeRaisesValueError" name="test_missing_date_from_spool_key" time="0.001" /><testcase classname="tests.test_eap_alarm_service.TestMissingDateRangeRaisesValueError" name="test_missing_date_to_spool_key" time="0.001" /><testcase classname="tests.test_eap_alarm_service.TestMissingDateRangeRaisesValueError" name="test_empty_date_from_spool_key" time="0.000" /><testcase classname="tests.test_eap_alarm_service.TestMissingDateRangeRaisesValueError" name="test_missing_date_from_validate" time="0.001" /><testcase classname="tests.test_eap_alarm_service.TestMissingDateRangeRaisesValueError" name="test_missing_date_to_validate" time="0.000" /><testcase classname="tests.test_eap_alarm_service.TestMissingDateRangeRaisesValueError" name="test_both_dates_missing_validate" time="0.000" /><testcase classname="tests.test_eap_alarm_service.TestMachinesValidation" name="test_single_valid_eqp_type_no_error" time="0.000" /><testcase classname="tests.test_eap_alarm_service.TestMachinesValidation" name="test_multiple_valid_eqp_types_no_error" time="0.000" /><testcase classname="tests.test_eap_alarm_service.TestMachinesValidation" name="test_empty_list_raises_value_error" time="0.001" /><testcase classname="tests.test_eap_alarm_service.TestMachinesValidation" name="test_none_raises_value_error" time="0.001" /><testcase classname="tests.test_eap_alarm_service.TestMachinesValidation" name="test_empty_string_in_list_raises_value_error" time="0.001" /><testcase classname="tests.test_eap_alarm_service.TestMachinesValidation" name="test_full_equipment_id_string_no_error" time="0.000" /><testcase classname="tests.test_eap_alarm_service.TestMachinesValidation" name="test_out_of_old_enum_value_no_longer_raises" time="0.001" /><testcase classname="tests.test_eap_alarm_service.TestAlarmCategoryDecode" name="test_all_nine_known_codes" time="0.000" /><testcase classname="tests.test_eap_alarm_service.TestAlarmCategoryDecode" name="test_unknown_code_99_returns_unknown" time="0.000" /><testcase classname="tests.test_eap_alarm_service.TestAlarmCategoryDecode" name="test_unknown_code_255_returns_unknown" time="0.001" /><testcase classname="tests.test_eap_alarm_service.TestAlarmCategoryDecode" name="test_none_returns_unknown" time="0.000" /><testcase classname="tests.test_eap_alarm_service.TestAlarmCategoryDecode" name="test_string_code_coerced" time="0.000" /><testcase classname="tests.test_eap_alarm_service.TestAlarmCategoryDecode" name="test_string_unknown_code_returns_unknown" time="0.001" /><testcase classname="tests.test_eap_alarm_service.TestAlarmCategoryDecode" name="test_float_code_coerced" time="0.000" /><testcase classname="tests.test_eap_alarm_service.TestAlarmCategoryDecode" name="test_negative_code_returns_unknown" time="0.000" /><testcase classname="tests.test_eap_alarm_service.TestAlarmCategoryDecode" name="test_service_decode_matches_cache_decode" time="0.000" /><testcase classname="tests.test_eap_alarm_service.TestSchemaVersionIsPinned" name="test_schema_version_is_integer" time="0.000" /><testcase classname="tests.test_eap_alarm_service.TestSchemaVersionIsPinned" name="test_schema_version_equals_three" time="0.001" /><testcase classname="tests.test_eap_alarm_service.TestAtLeastOneFilterRequired" name="test_all_empty_raises" time="0.000" /><testcase classname="tests.test_eap_alarm_service.TestAtLeastOneFilterRequired" name="test_all_none_raises" time="0.001" /><testcase classname="tests.test_eap_alarm_service.TestAtLeastOneFilterRequired" name="test_eqp_types_only_ok" time="0.001" /><testcase classname="tests.test_eap_alarm_service.TestAtLeastOneFilterRequired" name="test_lot_ids_only_ok" time="0.001" /><testcase classname="tests.test_eap_alarm_service.TestAtLeastOneFilterRequired" name="test_pj_types_only_ok" time="0.000" /><testcase classname="tests.test_eap_alarm_service.TestAtLeastOneFilterRequired" name="test_product_lines_only_ok" time="0.001" /><testcase classname="tests.test_eap_alarm_service.TestAtLeastOneFilterRequired" name="test_pj_bops_only_ok" time="0.001" /><testcase classname="tests.test_eap_alarm_service.TestAtLeastOneFilterRequired" name="test_mixed_ok" time="0.001" /><testcase classname="tests.test_eap_alarm_service.TestAtLeastOneFilterRequired" name="test_whitespace_only_lot_ids_treated_as_empty" time="0.001" /><testcase classname="tests.test_eap_alarm_service.TestLotIdNormalization" name="test_whitespace_stripped_in_key" time="0.000" /><testcase classname="tests.test_eap_alarm_service.TestLotIdNormalization" name="test_whitespace_only_strings_dropped" time="0.000" /><testcase classname="tests.test_eap_alarm_service.TestLotIdNormalization" name="test_duplicates_deduped_by_validation_before_key" time="0.000" /><testcase classname="tests.test_eap_alarm_service.TestLotIdNormalization" name="test_max_200_cap_exactly_200_ok" time="0.000" /><testcase classname="tests.test_eap_alarm_service.TestLotIdNormalization" name="test_max_200_cap_exceeded_201_raises" time="0.001" /><testcase classname="tests.test_eap_alarm_service.TestLotIdNormalization" name="test_char_padding_stripped_at_key_build" time="0.000" /><testcase classname="tests.test_eap_alarm_service.TestProductDimsFilter" name="test_no_dims_returns_empty" time="0.002" /><testcase classname="tests.test_eap_alarm_service.TestProductDimsFilter" name="test_pj_types_generates_exists_clause" time="0.000" /><testcase classname="tests.test_eap_alarm_service.TestProductDimsFilter" name="test_product_lines_generates_exists_clause" time="0.001" /><testcase classname="tests.test_eap_alarm_service.TestProductDimsFilter" name="test_pj_bops_generates_exists_clause" time="0.000" /><testcase classname="tests.test_eap_alarm_service.TestProductDimsFilter" name="test_multiple_dims_and_semantics" time="0.000" /><testcase classname="tests.test_eap_alarm_service.TestProductDimsFilter" name="test_absent_dim_produces_no_clause" time="0.000" /><testcase classname="tests.test_eap_alarm_service.TestProductDimsFilter" name="test_whitespace_stripped_from_values" time="0.000" /><testcase classname="tests.test_eap_alarm_service.TestEquipmentFilterEmptyNoOp" name="test_empty_machines_returns_always_true_no_op" time="0.000" /><testcase classname="tests.integration.test_eap_alarm_resilience" name="test_oracle_failure_during_spool" time="0.030" /><testcase classname="tests.integration.test_eap_alarm_resilience" name="test_redis_failure_returns_503" time="0.043" /><testcase classname="tests.integration.test_eap_alarm_resilience" name="test_spool_miss_fine_filter_returns_410[/api/eap-alarm/filter-options?query_id=expired_key]" time="0.040" /><testcase classname="tests.integration.test_eap_alarm_resilience" name="test_spool_miss_fine_filter_returns_410[/api/eap-alarm/summary?query_id=expired_key]" time="0.055" /><testcase classname="tests.integration.test_eap_alarm_resilience" name="test_spool_miss_fine_filter_returns_410[/api/eap-alarm/pareto?query_id=expired_key]" time="0.037" /><testcase classname="tests.integration.test_eap_alarm_resilience" name="test_spool_miss_fine_filter_returns_410[/api/eap-alarm/trend?query_id=expired_key]" time="0.038" /><testcase classname="tests.integration.test_eap_alarm_resilience" name="test_spool_miss_fine_filter_returns_410[/api/eap-alarm/detail?query_id=expired_key]" time="0.041" /><testcase classname="tests.integration.test_eap_alarm_resilience" name="test_oracle_error_during_exists_semijoin" time="0.002" /><testcase classname="tests.integration.test_eap_alarm_resilience" name="test_container_filter_cache_miss_returns_empty_arrays" time="0.039" /><testcase classname="tests.integration.test_eap_alarm_resilience" name="test_all_filters_empty_returns_400" time="0.096" /><testcase classname="tests.integration.test_eap_alarm_resilience" name="test_empty_eqp_types_with_product_dims_only_builds_valid_sql" time="0.002" /><testcase classname="tests.integration.test_eap_alarm_resilience" name="test_inflight_abort" time="0.038" /><testcase classname="tests.integration.test_eap_alarm_rq_async.TestEapAlarmSpoolTrigger" name="test_enqueue_to_eap_alarm_queue" time="0.000"><skipped type="pytest.skip" message="real-subprocess integration tests require --run-integration-real">/home/egg/Project/DashBoard_vite/tests/integration/test_eap_alarm_rq_async.py:60: real-subprocess integration tests require --run-integration-real</skipped></testcase><testcase classname="tests.integration.test_eap_alarm_rq_async.TestEapAlarmSpoolTrigger" name="test_post_spool_missing_date_returns_400" time="0.000"><skipped type="pytest.skip" message="real-subprocess integration tests require --run-integration-real">/home/egg/Project/DashBoard_vite/tests/integration/test_eap_alarm_rq_async.py:119: real-subprocess integration tests require --run-integration-real</skipped></testcase><testcase classname="tests.integration.test_eap_alarm_rq_async.TestEapAlarmSpoolTrigger" name="test_post_spool_invalid_eqp_type_returns_400" time="0.000"><skipped type="pytest.skip" message="real-subprocess integration tests require --run-integration-real">/home/egg/Project/DashBoard_vite/tests/integration/test_eap_alarm_rq_async.py:133: real-subprocess integration tests require --run-integration-real</skipped></testcase><testcase classname="tests.integration.test_eap_alarm_rq_async.TestEapAlarmSpoolTrigger" name="test_post_spool_empty_eqp_types_returns_400" time="0.000"><skipped type="pytest.skip" message="real-subprocess integration tests require --run-integration-real">/home/egg/Project/DashBoard_vite/tests/integration/test_eap_alarm_rq_async.py:148: real-subprocess integration tests require --run-integration-real</skipped></testcase><testcase classname="tests.integration.test_eap_alarm_rq_async.TestEapAlarmWorkerFn" name="test_worker_fn_writes_parquet_with_correct_columns" time="0.000"><skipped type="pytest.skip" message="real-subprocess integration tests require --run-integration-real">/home/egg/Project/DashBoard_vite/tests/integration/test_eap_alarm_rq_async.py:202: real-subprocess integration tests require --run-integration-real</skipped></testcase><testcase classname="tests.integration.test_eap_alarm_rq_async.TestEapAlarmWorkerFn" name="test_worker_fn_decodes_alarm_category" time="0.000"><skipped type="pytest.skip" message="real-subprocess integration tests require --run-integration-real">/home/egg/Project/DashBoard_vite/tests/integration/test_eap_alarm_rq_async.py:262: real-subprocess integration tests require --run-integration-real</skipped></testcase><testcase classname="tests.integration.test_eap_alarm_rq_async.TestEapAlarmWorkerFn" name="test_worker_fn_progress_milestones" time="0.000"><skipped type="pytest.skip" message="real-subprocess integration tests require --run-integration-real">/home/egg/Project/DashBoard_vite/tests/integration/test_eap_alarm_rq_async.py:293: real-subprocess integration tests require --run-integration-real</skipped></testcase><testcase classname="tests.integration.test_eap_alarm_rq_async.TestEapAlarmWorkerFn" name="test_worker_fn_oracle_sql_contains_last_update_time_predicate" time="0.000"><skipped type="pytest.skip" message="real-subprocess integration tests require --run-integration-real">/home/egg/Project/DashBoard_vite/tests/integration/test_eap_alarm_rq_async.py:327: real-subprocess integration tests require --run-integration-real</skipped></testcase><testcase classname="tests.integration.test_eap_alarm_rq_async.TestEapAlarmSpoolCacheHit" name="test_spool_cache_hit_returns_200" time="0.000"><skipped type="pytest.skip" message="real-subprocess integration tests require --run-integration-real">/home/egg/Project/DashBoard_vite/tests/integration/test_eap_alarm_rq_async.py:362: real-subprocess integration tests require --run-integration-real</skipped></testcase><testcase classname="tests.integration.test_eap_alarm_rq_async" name="test_spool_miss_returns_410" time="0.000"><skipped type="pytest.skip" message="real-subprocess integration tests require --run-integration-real">/home/egg/Project/DashBoard_vite/tests/integration/test_eap_alarm_rq_async.py:392: real-subprocess integration tests require --run-integration-real</skipped></testcase><testcase classname="tests.integration.test_eap_alarm_rq_async" name="test_detail_no_extra_oracle_query" time="0.000"><skipped type="pytest.skip" message="real-subprocess integration tests require --run-integration-real">/home/egg/Project/DashBoard_vite/tests/integration/test_eap_alarm_rq_async.py:412: real-subprocess integration tests require --run-integration-real</skipped></testcase><testcase classname="tests.integration.test_eap_alarm_data_boundary" name="test_unknown_alarm_category_code_fallback" time="0.021" /><testcase classname="tests.integration.test_eap_alarm_data_boundary" name="test_null_detail_params" time="0.017" /><testcase classname="tests.integration.test_eap_alarm_data_boundary" name="test_null_lot_id" time="0.016" /><testcase classname="tests.integration.test_eap_alarm_data_boundary" name="test_empty_alarm_text_rows" time="0.018" /><testcase classname="tests.integration.test_eap_alarm_data_boundary" name="test_null_alarm_text_excluded_from_filter_options" time="0.019" /><testcase classname="tests.integration.test_eap_alarm_data_boundary" name="test_large_alarm_text" time="0.023" /><testcase classname="tests.integration.test_eap_alarm_data_boundary" name="test_zero_row_spool" time="0.050" /><testcase classname="tests.integration.test_eap_alarm_data_boundary" name="test_detail_params_json_object" time="0.016" /><testcase classname="tests.integration.test_eap_alarm_data_boundary" name="test_summary_affected_equipment_count" time="0.017" /><testcase classname="tests.integration.test_eap_alarm_data_boundary" name="test_per_page_capped_at_200" time="0.021" /><testcase classname="tests.integration.test_eap_alarm_data_boundary" name="test_lot_ids_whitespace_stripped" time="0.000" /><testcase classname="tests.integration.test_eap_alarm_data_boundary" name="test_lot_ids_deduped_before_oracle" time="0.000" /><testcase classname="tests.integration.test_eap_alarm_data_boundary" name="test_lot_ids_max200_cap_exceeded" time="0.000" /><testcase classname="tests.integration.test_eap_alarm_data_boundary" name="test_char_padded_containername_matches" time="0.000" /><testcase classname="tests.integration.test_eap_alarm_data_boundary" name="test_empty_product_dims_no_exists_clause" time="0.000" /><testcase classname="tests.integration.test_eap_alarm_coarse_filter.TestEapAlarmWorkerFnNewDims" name="test_lot_ids_in_clause_present_in_sql" time="0.029" /><testcase classname="tests.integration.test_eap_alarm_coarse_filter.TestEapAlarmWorkerFnNewDims" name="test_exists_clause_present_in_sql_for_pj_types" time="0.022" /><testcase classname="tests.integration.test_eap_alarm_coarse_filter.TestEapAlarmWorkerFnNewDims" name="test_exists_clause_present_in_sql_for_product_lines" time="0.024" /><testcase classname="tests.integration.test_eap_alarm_coarse_filter.TestEapAlarmWorkerFnNewDims" name="test_exists_clause_present_in_sql_for_pj_bops" time="0.020" /><testcase classname="tests.integration.test_eap_alarm_coarse_filter.TestEapAlarmWorkerFnNewDims" name="test_multiple_dims_produce_multiple_exists_clauses" time="0.019" /><testcase classname="tests.integration.test_eap_alarm_coarse_filter.TestEapAlarmWorkerFnNewDims" name="test_route_forwards_lot_ids_per_kwarg" time="0.038" /></testsuite></testsuites>