<?xml version="1.0" encoding="utf-8"?><testsuites name="pytest tests"><testsuite name="pytest" errors="0" failures="0" skipped="0" tests="31" time="102.329" timestamp="2026-06-18T20:17:09.158537+08:00" hostname="egg-Virtual-Machine"><testcase classname="tests.contract.test_capture_samples.TestCaptureSamples" name="test_capture_script_exists" time="0.002" /><testcase classname="tests.contract.test_capture_samples.TestCaptureSamples" name="test_auth_endpoints_get_session_cookie" time="0.053" /><testcase classname="tests.contract.test_capture_samples.TestCaptureSamples" name="test_capture_runs_without_error" time="99.356" /><testcase classname="tests.contract.test_capture_samples.TestCaptureSamples" name="test_samples_dir_has_158_files" time="0.001" /><testcase classname="tests.contract.test_capture_samples.TestCaptureSamples" name="test_manifest_exists_after_capture" time="0.001" /><testcase classname="tests.contract.test_doctor_clean.TestDoctorClean" name="test_doctor_response_shape_zero_warnings" time="2.712" /><testcase classname="tests.contract.test_env_duckdb_job_dir.TestDuckdbJobDirInEnvContract" name="test_duckdb_job_dir_in_env_contract" time="0.001" /><testcase classname="tests.contract.test_env_duckdb_job_dir.TestDuckdbJobDirInEnvContract" name="test_duckdb_job_dir_deprecation_notice_not_present" time="0.001" /><testcase classname="tests.contract.test_env_duckdb_job_dir.TestDuckdbJobDirInEnvExample" name="test_duckdb_job_dir_in_env_example" time="0.000" /><testcase classname="tests.contract.test_env_duckdb_job_dir.TestDuckdbJobDirInEnvExample" name="test_duckdb_job_dir_example_line_contains_default" time="0.000" /><testcase classname="tests.contract.test_env_duckdb_job_dir.TestDuckdbJobDirInEnvSchema" name="test_duckdb_job_dir_in_env_schema" time="0.000" /><testcase classname="tests.contract.test_env_duckdb_job_dir.TestDuckdbJobDirInEnvSchema" name="test_duckdb_job_dir_schema_has_string_type" time="0.001" /><testcase classname="tests.contract.test_env_duckdb_job_dir.TestDuckdbJobDirInEnvSchema" name="test_duckdb_job_dir_default_value_matches_design" time="0.001" /><testcase classname="tests.contract.test_env_duckdb_job_dir.TestDuckdbJobDirInEnvSchema" name="test_duckdb_job_dir_schema_has_description" time="0.000" /><testcase classname="tests.contract.test_gate_wiring.TestGateWiring" name="test_ci_yml_contains_validate_contracts_step" time="0.001" /><testcase classname="tests.contract.test_gate_wiring.TestGateWiring" name="test_ci_yml_has_validate_contracts_in_jobs" time="0.000" /><testcase classname="tests.contract.test_manifest_completeness.TestManifestCompleteness" name="test_manifest_exists" time="0.000" /><testcase classname="tests.contract.test_manifest_completeness.TestManifestCompleteness" name="test_manifest_has_at_least_158_entries" time="0.000" /><testcase classname="tests.contract.test_manifest_completeness.TestManifestCompleteness" name="test_manifest_keys_match_known_endpoints" time="0.001" /><testcase classname="tests.contract.test_manifest_completeness.TestManifestCompleteness" name="test_all_sample_files_exist_on_disk" time="0.001" /><testcase classname="tests.contract.test_manifest_completeness.TestManifestCompleteness" name="test_all_sample_files_are_valid_json" time="0.012" /><testcase classname="tests.contract.test_openapi_schema_resolution.TestOpenApiSchemaResolution" name="test_openapi_json_exists" time="0.000" /><testcase classname="tests.contract.test_openapi_schema_resolution.TestOpenApiSchemaResolution" name="test_openapi_json_valid" time="0.002" /><testcase classname="tests.contract.test_openapi_schema_resolution.TestOpenApiSchemaResolution" name="test_openapi_json_no_unresolved_refs" time="0.002" /><testcase classname="tests.contract.test_openapi_schema_resolution.TestOpenApiSchemaResolution" name="test_openapi_operation_count_at_least_158" time="0.002" /><testcase classname="tests.contract.test_openapi_schema_resolution.TestOpenApiSchemaResolution" name="test_operations_have_response_ref_linkages" time="0.001" /><testcase classname="tests.contract.test_openapi_schema_resolution.TestOpenApiSchemaResolution" name="test_response_refs_resolve_to_component_schemas" time="0.002" /><testcase classname="tests.contract.test_schema_coverage.TestSchemaCoverage" name="test_all_endpoints_have_typed_schema_ref" time="0.001" /><testcase classname="tests.contract.test_schema_coverage.TestSchemaCoverage" name="test_no_arrow_prefix_in_table" time="0.001" /><testcase classname="tests.contract.test_schema_coverage.TestSchemaCoverage" name="test_endpoint_count_at_least_158" time="0.001" /><testcase classname="tests.contract.test_schema_coverage.TestSchemaCoverage" name="test_no_prose_success_response_in_table" time="0.001" /></testsuite></testsuites>