<?xml version="1.0" encoding="utf-8"?><testsuites name="pytest tests"><testsuite name="pytest" errors="0" failures="0" skipped="0" tests="12" time="0.084" timestamp="2026-07-01T14:40:33.020702+08:00" hostname="egg-Virtual-Machine"><testcase classname="tests.test_yield_alert_contracts.TestCacheMeta" name="test_can_create_instance" time="0.002" /><testcase classname="tests.test_yield_alert_contracts.TestCacheMeta" name="test_has_required_keys" time="0.000" /><testcase classname="tests.test_yield_alert_contracts.TestLinkageQualityMeta" name="test_can_create_full_instance" time="0.000" /><testcase classname="tests.test_yield_alert_contracts.TestLinkageQualityMeta" name="test_warning_code_can_be_string" time="0.000" /><testcase classname="tests.test_yield_alert_contracts.TestYieldSummaryItem" name="test_all_fields_numeric" time="0.000" /><testcase classname="tests.test_yield_alert_contracts.TestYieldTrendItem" name="test_includes_date_bucket" time="0.000" /><testcase classname="tests.test_yield_alert_contracts.TestYieldAlertPagination" name="test_structure" time="0.000" /><testcase classname="tests.test_yield_alert_contracts.TestYieldAlertResponse" name="test_has_items_pagination_quality" time="0.000" /><testcase classname="tests.test_yield_alert_contracts.TestLiteralTypes" name="test_match_status_values" time="0.000" /><testcase classname="tests.test_yield_alert_contracts.TestLiteralTypes" name="test_risk_level_values" time="0.000" /><testcase classname="tests.test_yield_alert_contracts.TestBusinessRuleYA13" name="test_ya13_rule_documents_kpi_scope_and_tx_extra_cols_dedup_dimension" time="0.001" /><testcase classname="tests.test_yield_alert_contracts.TestBusinessRuleYA13" name="test_changelog_has_version_entries_for_business_data_api" time="0.001" /></testsuite></testsuites>