<?xml version="1.0" encoding="utf-8"?><testsuites name="pytest tests"><testsuite name="pytest" errors="0" failures="0" skipped="0" tests="9" time="0.121" timestamp="2026-07-09T09:31:14.394952+08:00" hostname="EGG"><testcase classname="tests.test_query_tool_service.TestGetEquipmentLots" name="test_equipment_lots_sql_trims_containername_like_productlinename" time="0.002" /><testcase classname="tests.test_query_tool_service.TestGetEquipmentLots" name="test_equipment_lots_containername_trimmed_char_padded" time="0.008" /><testcase classname="tests.test_query_tool_service.TestGetEquipmentLots" name="test_equipment_lots_char_padded_fixture_returns_nonempty_rows" time="0.003" /><testcase classname="tests.test_query_tool_service.TestGetEquipmentLots" name="test_equipment_lots_container_names_filters_via_upper_trim_in" time="0.003" /><testcase classname="tests.test_query_tool_service.TestGetEquipmentLots" name="test_equipment_lots_container_names_applied_in_sql_where_not_python_postfilter" time="0.003" /><testcase classname="tests.test_query_tool_service.TestGetEquipmentLots" name="test_equipment_lots_omitted_container_names_unchanged_behavior" time="0.003" /><testcase classname="tests.test_query_tool_routes.TestEquipmentPeriodEndpoint" name="test_equipment_lots_forwards_container_names_kwarg" time="0.036" /><testcase classname="tests.integration.test_query_tool_rq_async.TestEquipmentPeriodLotsParity" name="test_async_job_forwards_container_names_same_as_sync_route" time="0.029" /><testcase classname="tests.integration.test_query_tool_rq_async.TestEquipmentPeriodLotsParity" name="test_execute_query_tool_job_lots_branch_binds_container_names_kwarg" time="0.002" /></testsuite></testsuites>