<?xml version="1.0" encoding="utf-8"?><testsuites name="pytest tests"><testsuite name="pytest" errors="0" failures="0" skipped="10" tests="33" time="0.672" timestamp="2026-06-15T17:17:56.323951+08:00" hostname="egg-Virtual-Machine"><testcase classname="tests.test_resource_history_rq_async_route.TestResourceHistoryAsyncRoute" name="test_enqueue_exception_falls_through_to_sync" time="0.091" /><testcase classname="tests.test_resource_history_rq_async_route.TestResourceHistoryAsyncRoute" name="test_enqueue_failure_falls_through_to_sync" time="0.040" /><testcase classname="tests.test_resource_history_rq_async_route.TestResourceHistoryAsyncRoute" name="test_owner_in_params_dict" time="0.041" /><testcase classname="tests.test_resource_history_rq_async_route.TestResourceHistoryAsyncRoute" name="test_query_async_flag_false_returns_200_sync" time="0.038" /><testcase classname="tests.test_resource_history_rq_async_route.TestResourceHistoryAsyncRoute" name="test_query_long_span_returns_202" time="0.037" /><testcase classname="tests.test_resource_history_rq_async_route.TestResourceHistoryAsyncRoute" name="test_query_short_span_returns_200_sync" time="0.039" /><testcase classname="tests.test_resource_history_rq_async_route.TestResourceHistoryAsyncRoute" name="test_redis_unavailable_falls_back_to_sync" time="0.040" /><testcase classname="tests.test_resource_history_rq_async_route.TestResourceHistoryAsyncRoute" name="test_resource_async_day_threshold_default_is_90" time="0.099" /><testcase classname="tests.test_resource_history_rq_async_route.TestResourceHistoryAsyncRoute" name="test_resource_async_enabled_default_is_true" time="0.038" /><testcase classname="tests.test_resource_query_job_service.TestResourceQueryJobService" name="test_should_use_async_above_threshold" time="0.001" /><testcase classname="tests.test_resource_query_job_service.TestResourceQueryJobService" name="test_should_use_async_at_exact_threshold" time="0.001" /><testcase classname="tests.test_resource_query_job_service.TestResourceQueryJobService" name="test_should_use_async_below_threshold_is_false" time="0.001" /><testcase classname="tests.test_resource_query_job_service.TestResourceQueryJobService" name="test_should_use_async_flag_false_returns_false" time="0.000" /><testcase classname="tests.test_resource_query_job_service.TestResourceQueryJobService" name="test_should_use_async_missing_dates_returns_false" time="0.001" /><testcase classname="tests.test_resource_query_job_service.TestResourceQueryJobService" name="test_should_use_async_invalid_date_format_returns_false" time="0.001" /><testcase classname="tests.test_resource_query_job_service.TestResourceQueryJobService" name="test_worker_fn_failure_reraises_and_sets_error" time="0.003" /><testcase classname="tests.test_resource_query_job_service.TestResourceQueryJobService" name="test_worker_fn_success_calls_complete_job_with_query_id" time="0.002" /><testcase classname="tests.test_resource_query_job_service.TestResourceQueryJobService" name="test_register_job_type_fires_at_import" time="0.001" /><testcase classname="tests.test_resource_query_job_service.TestResourceQueryJobService" name="test_register_job_type_reruns_after_reload" time="0.001" /><testcase classname="tests.test_resource_query_job_service.TestResourceQueryJobService" name="test_resource_async_enabled_defaults_to_true" time="0.001" /><testcase classname="tests.test_resource_query_job_service.TestResourceQueryJobService" name="test_resource_async_day_threshold_defaults_to_90" time="0.001" /><testcase classname="tests.test_resource_query_job_service.TestResourceQueryJobService" name="test_resource_worker_queue_defaults_to_resource_history_query" time="0.002" /><testcase classname="tests.test_resource_query_job_service.TestResourceQueryJobService" name="test_resource_job_timeout_defaults_to_1800" time="0.001" /><testcase classname="tests.integration.test_resource_history_rq_async.TestResourceHistoryAsyncDispatch" name="test_enqueue_to_resource_history_queue" time="0.000"><skipped type="pytest.skip" message="real-subprocess integration tests require --run-integration-real">/home/egg/Project/DashBoard_vite/tests/integration/test_resource_history_rq_async.py:61: real-subprocess integration tests require --run-integration-real</skipped></testcase><testcase classname="tests.integration.test_resource_history_rq_async.TestResourceHistoryAsyncDispatch" name="test_enqueue_payload_owner_inside_params_dict" time="0.000"><skipped type="pytest.skip" message="real-subprocess integration tests require --run-integration-real">/home/egg/Project/DashBoard_vite/tests/integration/test_resource_history_rq_async.py:118: real-subprocess integration tests require --run-integration-real</skipped></testcase><testcase classname="tests.integration.test_resource_history_rq_async.TestResourceHistoryAsyncDispatch" name="test_resource_worker_queue_default_is_resource_history_query" time="0.000"><skipped type="pytest.skip" message="real-subprocess integration tests require --run-integration-real">/home/egg/Project/DashBoard_vite/tests/integration/test_resource_history_rq_async.py:175: real-subprocess integration tests require --run-integration-real</skipped></testcase><testcase classname="tests.integration.test_resource_history_rq_async.TestResourceHistoryAsyncDispatch" name="test_resource_job_timeout_default_is_1800" time="0.000"><skipped type="pytest.skip" message="real-subprocess integration tests require --run-integration-real">/home/egg/Project/DashBoard_vite/tests/integration/test_resource_history_rq_async.py:191: real-subprocess integration tests require --run-integration-real</skipped></testcase><testcase classname="tests.integration.test_resource_history_rq_async.TestResourceHistoryAsyncParity" name="test_worker_fn_parity_vs_sync" time="0.000"><skipped type="pytest.skip" message="real-subprocess integration tests require --run-integration-real">/home/egg/Project/DashBoard_vite/tests/integration/test_resource_history_rq_async.py:225: real-subprocess integration tests require --run-integration-real</skipped></testcase><testcase classname="tests.integration.test_resource_history_rq_async.TestResourceHistoryAsyncParity" name="test_coarse_milestones_fire_in_order" time="0.000"><skipped type="pytest.skip" message="real-subprocess integration tests require --run-integration-real">/home/egg/Project/DashBoard_vite/tests/integration/test_resource_history_rq_async.py:345: real-subprocess integration tests require --run-integration-real</skipped></testcase><testcase classname="tests.integration.test_resource_history_rq_async.TestResourceHistoryAsyncParity" name="test_pct_envelope_never_decreases" time="0.000"><skipped type="pytest.skip" message="real-subprocess integration tests require --run-integration-real">/home/egg/Project/DashBoard_vite/tests/integration/test_resource_history_rq_async.py:397: real-subprocess integration tests require --run-integration-real</skipped></testcase><testcase classname="tests.integration.test_resource_history_rq_async.TestResourceHistoryAsyncParity" name="test_worker_exception_calls_complete_job_with_error" time="0.000"><skipped type="pytest.skip" message="real-subprocess integration tests require --run-integration-real">/home/egg/Project/DashBoard_vite/tests/integration/test_resource_history_rq_async.py:438: real-subprocess integration tests require --run-integration-real</skipped></testcase><testcase classname="tests.integration.test_resource_history_rq_async.TestResourceHistoryAsyncParity" name="test_job_timeout_produces_terminal_error_status" time="0.000"><skipped type="pytest.skip" message="real-subprocess integration tests require --run-integration-real">/home/egg/Project/DashBoard_vite/tests/integration/test_resource_history_rq_async.py:495: real-subprocess integration tests require --run-integration-real</skipped></testcase><testcase classname="tests.integration.test_resource_history_rq_async.TestResourceHistoryAsyncParity" name="test_worker_fn_does_not_forward_owner_to_execute_primary_query" time="0.000"><skipped type="pytest.skip" message="real-subprocess integration tests require --run-integration-real">/home/egg/Project/DashBoard_vite/tests/integration/test_resource_history_rq_async.py:547: real-subprocess integration tests require --run-integration-real</skipped></testcase></testsuite></testsuites>