<?xml version="1.0" encoding="utf-8"?><testsuites name="pytest tests"><testsuite name="pytest" errors="0" failures="0" skipped="0" tests="111" time="0.826" timestamp="2026-06-20T11:53:34.170359+08:00" hostname="egg-Virtual-Machine"><testcase classname="tests.test_wip_query_job_service.TestMergeChunksAbsentFromModule" name="test_merge_chunks_not_referenced_in_wip_query_job_service" time="0.003" /><testcase classname="tests.test_wip_query_job_service.TestMergeChunksAbsentFromModule" name="test_merge_chunks_string_not_in_service_source" time="0.001" /><testcase classname="tests.test_wip_query_job_service.TestWipDetailJobRegistration" name="test_wip_detail_registered_after_import" time="0.001" /><testcase classname="tests.test_wip_query_job_service.TestWipDetailJobRegistration" name="test_wip_detail_queue_default" time="0.001" /><testcase classname="tests.test_wip_query_job_service.TestWipDetailJobRegistration" name="test_wip_job_timeout_default" time="0.001" /><testcase classname="tests.test_wip_query_job_service.TestWipDetailJobRegistration" name="test_wip_spool_ttl_default" time="0.001" /><testcase classname="tests.test_wip_query_job_service.TestExecuteWipDetailJobSlotPlacement" name="test_slot_entered_exactly_once_per_job" time="0.050" /><testcase classname="tests.test_wip_query_job_service.TestExecuteWipDetailJobSlotPlacement" name="test_slot_released_on_oracle_exception" time="0.003" /><testcase classname="tests.test_wip_query_job_service.TestExecuteWipDetailJobSlotPlacement" name="test_progress_sequence_non_decreasing" time="0.001" /><testcase classname="tests.test_wip_query_job_service.TestExecuteWipDetailJobSlotPlacement" name="test_complete_job_outside_slot" time="0.001" /><testcase classname="tests.test_wip_query_job_service.TestNoOracleAtEnqueueTime" name="test_enqueue_wip_detail_does_not_call_oracle" time="0.001" /><testcase classname="tests.test_job_registry.TestJobRegistryModule" name="test_module_exports_required_symbols" time="0.000" /><testcase classname="tests.test_job_registry.TestJobRegistryModule" name="test_register_returns_stored_config" time="0.001" /><testcase classname="tests.test_job_registry.TestJobRegistryModule" name="test_get_returns_none_for_unknown_job_type" time="0.000" /><testcase classname="tests.test_job_registry.TestJobRegistryModule" name="test_list_returns_all_registered_types" time="0.001" /><testcase classname="tests.test_job_registry.TestEnqueueJobDynamic" name="test_dispatches_registered_job_type" time="0.001" /><testcase classname="tests.test_job_registry.TestEnqueueJobDynamic" name="test_returns_error_tuple_for_unregistered_type" time="0.001" /><testcase classname="tests.test_job_registry.TestEnqueueJobDynamic" name="test_respects_should_enqueue_false" time="0.001" /><testcase classname="tests.test_job_registry.TestJobServiceRegistrations" name="test_each_service_registers_exactly_one_job_type" time="0.010" /><testcase classname="tests.test_job_registry.TestAlwaysAsyncField" name="test_job_type_config_always_async_defaults_false" time="0.001" /><testcase classname="tests.test_job_registry.TestAlwaysAsyncField" name="test_job_type_config_always_async_true" time="0.001" /><testcase classname="tests.test_job_registry.TestAlwaysAsyncField" name="test_eap_alarm_registered_with_always_async_true" time="0.001" /><testcase classname="tests.test_query_cost_policy.TestL0SpoolHit" name="test_l0_spool_hit_returns_sync" time="0.000" /><testcase classname="tests.test_query_cost_policy.TestL0SpoolHit" name="test_l0_short_circuits_l1" time="0.000" /><testcase classname="tests.test_query_cost_policy.TestL0SpoolHit" name="test_l0_short_circuits_l2" time="0.000" /><testcase classname="tests.test_query_cost_policy.TestL0SpoolHit" name="test_l0_short_circuits_l3" time="0.001" /><testcase classname="tests.test_query_cost_policy.TestL1AlwaysAsyncDomain" name="test_l1_always_async_domain_returns_async[eap_alarm]" time="0.001" /><testcase classname="tests.test_query_cost_policy.TestL1AlwaysAsyncDomain" name="test_l1_always_async_domain_returns_async[trace]" time="0.000" /><testcase classname="tests.test_query_cost_policy.TestL1AlwaysAsyncDomain" name="test_l1_always_async_domain_returns_async[msd]" time="0.000" /><testcase classname="tests.test_query_cost_policy.TestL1AlwaysAsyncDomain" name="test_l1_does_not_short_circuit_when_spool_hit" time="0.000" /><testcase classname="tests.test_query_cost_policy.TestL1AlwaysAsyncDomain" name="test_l1_always_async_policy_flag" time="0.000" /><testcase classname="tests.test_query_cost_policy.TestL2DateSpan" name="test_l2_date_span_over_threshold" time="0.000" /><testcase classname="tests.test_query_cost_policy.TestL2DateSpan" name="test_l2_date_span_at_threshold" time="0.001" /><testcase classname="tests.test_query_cost_policy.TestL2DateSpan" name="test_l2_date_span_under_threshold" time="0.000" /><testcase classname="tests.test_query_cost_policy.TestL2DateSpan" name="test_l2_string_dates_accepted" time="0.000" /><testcase classname="tests.test_query_cost_policy.TestL2DateSpan" name="test_l2_missing_dates_skips_check" time="0.000" /><testcase classname="tests.test_query_cost_policy.TestL3RowCount" name="test_l3_rowcount_over_threshold" time="0.001" /><testcase classname="tests.test_query_cost_policy.TestL3RowCount" name="test_l3_rowcount_at_threshold" time="0.001" /><testcase classname="tests.test_query_cost_policy.TestL3RowCount" name="test_l3_rowcount_under_threshold" time="0.001" /><testcase classname="tests.test_query_cost_policy.TestL3RowCount" name="test_l3_row_count_fn_error_does_not_raise" time="0.000" /><testcase classname="tests.test_query_cost_policy.TestL3RowCount" name="test_l2_short_circuits_l3" time="0.001" /><testcase classname="tests.test_query_cost_policy.TestL3RowCount" name="test_all_under_threshold_returns_sync" time="0.001" /><testcase classname="tests.test_query_cost_policy.TestNoPandasAndNoCallers" name="test_no_pandas_import_in_new_modules[module_path0]" time="0.002" /><testcase classname="tests.test_query_cost_policy.TestNoPandasAndNoCallers" name="test_no_pandas_import_in_new_modules[module_path1]" time="0.001" /><testcase classname="tests.test_query_cost_policy.TestNoPandasAndNoCallers" name="test_no_pandas_import_in_new_modules[module_path2]" time="0.002" /><testcase classname="tests.test_query_cost_policy.TestNoPandasAndNoCallers" name="test_no_caller_outside_tests" time="0.018" /><testcase classname="tests.test_batch_query_engine.TestDecomposeByTimeRange" name="test_90_days_yields_3_chunks" time="0.001" /><testcase classname="tests.test_batch_query_engine.TestDecomposeByTimeRange" name="test_31_days_yields_1_chunk" time="0.000" /><testcase classname="tests.test_batch_query_engine.TestDecomposeByTimeRange" name="test_single_day" time="0.000" /><testcase classname="tests.test_batch_query_engine.TestDecomposeByTimeRange" name="test_contiguous_no_overlap_no_gap" time="0.000" /><testcase classname="tests.test_batch_query_engine.TestDecomposeByTimeRange" name="test_final_chunk_may_be_shorter" time="0.000" /><testcase classname="tests.test_batch_query_engine.TestDecomposeByTimeRange" name="test_inverted_range_raises" time="0.001" /><testcase classname="tests.test_batch_query_engine.TestDecomposeByTimeRange" name="test_365_days" time="0.001" /><testcase classname="tests.test_batch_query_engine.TestDecomposeByIds" name="test_2500_ids_yields_3_batches" time="0.000" /><testcase classname="tests.test_batch_query_engine.TestDecomposeByIds" name="test_500_ids_yields_1_batch" time="0.000" /><testcase classname="tests.test_batch_query_engine.TestDecomposeByIds" name="test_empty_ids" time="0.000" /><testcase classname="tests.test_batch_query_engine.TestDecomposeByIds" name="test_exact_batch_size" time="0.000" /><testcase classname="tests.test_batch_query_engine.TestExecutePlanSequential" name="test_sequential_execution_stores_chunks" time="0.008" /><testcase classname="tests.test_batch_query_engine.TestExecutePlanParallel" name="test_parallel_uses_threadpool" time="0.011" /><testcase classname="tests.test_batch_query_engine.TestPartialCacheHit" name="test_skips_cached_chunks" time="0.007" /><testcase classname="tests.test_batch_query_engine.TestMemoryGuard" name="test_oversized_chunk_discarded" time="0.003" /><testcase classname="tests.test_batch_query_engine.TestMaxRowsPerChunk" name="test_max_rows_passed_to_query_fn" time="0.003" /><testcase classname="tests.test_batch_query_engine.TestMergeChunksAbsentFromSource" name="test_merge_chunks_def_absent_from_batch_query_engine" time="0.005" /><testcase classname="tests.test_batch_query_engine.TestMergeChunksAbsentFromSource" name="test_merge_chunks_to_spool_still_present" time="0.005" /><testcase classname="tests.test_batch_query_engine.TestMergeChunksAbsentFromSource" name="test_merge_chunks_max_rows_exceeded_still_present" time="0.004" /><testcase classname="tests.test_batch_query_engine.TestProgressTracking" name="test_hset_updated_after_each_chunk" time="0.064" /><testcase classname="tests.test_batch_query_engine.TestChunkFailureResilience" name="test_one_chunk_fails_others_complete" time="0.006" /><testcase classname="tests.test_batch_query_engine.TestChunkFailureResilience" name="test_chunk_store_failure_is_marked_partial" time="0.005" /><testcase classname="tests.test_batch_query_engine.TestQueryHash" name="test_same_params_different_order" time="0.001" /><testcase classname="tests.test_batch_query_engine.TestQueryHash" name="test_different_params_different_hash" time="0.000" /><testcase classname="tests.test_batch_query_engine.TestQueryHash" name="test_hash_is_16_chars" time="0.000" /><testcase classname="tests.test_batch_query_engine.TestShouldDecompose" name="test_long_range_true" time="0.000" /><testcase classname="tests.test_batch_query_engine.TestShouldDecompose" name="test_short_range_false" time="0.000" /><testcase classname="tests.test_batch_query_engine.TestShouldDecompose" name="test_large_ids_true" time="0.000" /><testcase classname="tests.test_batch_query_engine.TestShouldDecompose" name="test_small_ids_false" time="0.000" /><testcase classname="tests.test_batch_query_engine.TestRetryAndFailedRanges" name="test_transient_failure_retried_once" time="0.004" /><testcase classname="tests.test_batch_query_engine.TestRetryAndFailedRanges" name="test_memory_guard_not_retried" time="0.003" /><testcase classname="tests.test_batch_query_engine.TestRetryAndFailedRanges" name="test_failed_ranges_tracked" time="0.005" /><testcase classname="tests.test_batch_query_engine.TestRetryAndFailedRanges" name="test_id_batch_chunk_no_failed_ranges" time="0.004" /><testcase classname="tests.test_batch_query_engine.TestMergeChunksToSpool" name="test_normal_flow_writes_parquet_and_returns_path" time="0.013" /><testcase classname="tests.test_batch_query_engine.TestMergeChunksToSpool" name="test_empty_result_returns_none_zero" time="0.001" /><testcase classname="tests.test_batch_query_engine.TestMergeChunksToSpool" name="test_overflow_error_raises_and_cleans_up" time="0.003" /><testcase classname="tests.test_batch_query_engine.TestMergeChunksToSpool" name="test_exception_deletes_partial_file" time="0.003" /><testcase classname="tests.test_batch_query_engine.TestMergeChunksToSpool" name="test_precreates_temp_file_before_parquet_writer" time="0.002" /><testcase classname="tests.test_batch_query_engine.TestMergeChunksToSpool" name="test_merge_chunks_to_spool_survives_cleanup_race" time="0.002" /><testcase classname="tests.test_batch_query_engine.TestMergeChunksToSpool" name="test_null_typed_column_in_first_chunk_succeeds" time="0.006" /><testcase classname="tests.test_batch_query_engine.TestMergeChunksToSpool" name="test_null_typed_column_all_chunks_null_still_works" time="0.007" /><testcase classname="tests.test_batch_query_engine.TestMergeChunksToSpool" name="test_promote_null_schema_helper" time="0.001" /><testcase classname="tests.test_batch_query_engine.TestMergeChunksToSpool" name="test_promote_null_schema_noop_when_no_nulls" time="0.001" /><testcase classname="tests.test_batch_query_engine.TestDecomposeByRowCount" name="test_total_rows_zero_returns_empty" time="0.000" /><testcase classname="tests.test_batch_query_engine.TestDecomposeByRowCount" name="test_total_less_than_chunk_returns_single_range" time="0.000" /><testcase classname="tests.test_batch_query_engine.TestDecomposeByRowCount" name="test_total_exact_multiple_yields_n_chunks" time="0.000" /><testcase classname="tests.test_batch_query_engine.TestDecomposeByRowCount" name="test_total_rows_one" time="0.000" /><testcase classname="tests.test_batch_query_engine.TestDecomposeByRowCount" name="test_non_divisor_last_chunk_smaller" time="0.000" /><testcase classname="tests.test_batch_query_engine.TestDecomposeByRowCount" name="test_ranges_are_1based_inclusive" time="0.000" /><testcase classname="tests.test_batch_query_engine.TestDecomposeByRowCount" name="test_negative_raises_value_error" time="0.000" /><testcase classname="tests.test_batch_query_engine.TestDecomposeByRowCount" name="test_chunk_size_zero_raises_value_error" time="0.000" /><testcase classname="tests.test_batch_query_engine.TestDecomposeByRowCount" name="test_no_gap_no_overlap_property" time="0.266" /><testcase classname="tests.test_batch_query_engine.TestShouldDecomposeByRowCount" name="test_above_threshold_returns_true" time="0.000" /><testcase classname="tests.test_batch_query_engine.TestShouldDecomposeByRowCount" name="test_below_threshold_returns_false" time="0.000" /><testcase classname="tests.test_batch_query_engine.TestShouldDecomposeByRowCount" name="test_exact_threshold_returns_false" time="0.001" /><testcase classname="tests.test_batch_query_engine.TestEngineParallelCeiling" name="test_hold_engine_parallel_capped_at_db_slow_pool_size" time="0.000" /><testcase classname="tests.test_batch_query_engine.TestEngineParallelCeiling" name="test_job_engine_parallel_capped" time="0.000" /><testcase classname="tests.test_batch_query_engine.TestEngineParallelCeiling" name="test_msd_engine_parallel_capped" time="0.000" /><testcase classname="tests.test_batch_query_engine.TestEngineParallelCeiling" name="test_parallel_ceiling_within_limit_does_not_raise" time="0.000" /><testcase classname="tests.test_batch_query_engine.TestFlagGating" name="test_flag_false_key_exported" time="0.000" /><testcase classname="tests.test_batch_query_engine.TestFlagGating" name="test_batch_query_rows_per_chunk_exported" time="0.000" /><testcase classname="tests.test_batch_query_engine.TestFlagGating" name="test_flag_false_does_not_call_count_sql" time="0.001" /><testcase classname="tests.test_batch_query_engine.TestFlagGating" name="test_flag_true_calls_count_then_paged_sql" time="0.001" /><testcase classname="tests.test_batch_query_engine.TestExcludedServicesUnmodified" name="test_yield_alert_not_imported_by_batch_engine" time="0.001" /><testcase classname="tests.test_batch_query_engine.TestExcludedServicesUnmodified" name="test_material_trace_not_imported_by_batch_engine" time="0.001" /></testsuite></testsuites>