<?xml version="1.0" encoding="utf-8"?><testsuites name="pytest tests"><testsuite name="pytest" errors="0" failures="0" skipped="0" tests="138" time="2.976" timestamp="2026-07-09T09:31:21.594897+08:00" hostname="EGG"><testcase classname="tests.integration.test_query_tool_rq_async.TestFlagOnOversizedQuery" name="test_flag_on_oversized_query_returns_202_with_job_id" time="0.038" /><testcase classname="tests.integration.test_query_tool_rq_async.TestFlagOnOversizedQuery" name="test_flag_on_oversized_enqueues_rq_job_not_inline" time="0.026" /><testcase classname="tests.integration.test_query_tool_rq_async.TestFlagOffParity" name="test_flag_off_oversized_query_returns_inline_as_before" time="0.027" /><testcase classname="tests.integration.test_query_tool_rq_async.TestFlagOffParity" name="test_flag_off_small_query_identical_to_pre_change" time="0.026" /><testcase classname="tests.integration.test_query_tool_rq_async.TestEquipmentPeriodLotsParity" name="test_async_job_forwards_container_names_same_as_sync_route" time="0.026" /><testcase classname="tests.integration.test_query_tool_rq_async.TestEquipmentPeriodLotsParity" name="test_execute_query_tool_job_lots_branch_binds_container_names_kwarg" time="0.002" /><testcase classname="tests.test_query_tool_routes.TestQueryToolPage" name="test_page_returns_html" time="0.030" /><testcase classname="tests.test_query_tool_routes.TestResolveEndpoint" name="test_non_json_payload_returns_415" time="0.058" /><testcase classname="tests.test_query_tool_routes.TestResolveEndpoint" name="test_malformed_json_returns_400" time="0.024" /><testcase classname="tests.test_query_tool_routes.TestResolveEndpoint" name="test_missing_input_type" time="0.025" /><testcase classname="tests.test_query_tool_routes.TestResolveEndpoint" name="test_missing_values" time="0.026" /><testcase classname="tests.test_query_tool_routes.TestResolveEndpoint" name="test_empty_values" time="0.024" /><testcase classname="tests.test_query_tool_routes.TestResolveEndpoint" name="test_rejects_too_broad_wildcard" time="0.025" /><testcase classname="tests.test_query_tool_routes.TestResolveEndpoint" name="test_resolve_success" time="0.026" /><testcase classname="tests.test_query_tool_routes.TestResolveEndpoint" name="test_resolve_supports_gd_lot_id" time="0.025" /><testcase classname="tests.test_query_tool_routes.TestResolveEndpoint" name="test_resolve_not_found" time="0.078" /><testcase classname="tests.test_query_tool_routes.TestResolveEndpoint" name="test_resolve_cache_hit_skips_service" time="0.029" /><testcase classname="tests.test_query_tool_routes.TestResolveEndpoint" name="test_resolve_success_caches_result" time="0.026" /><testcase classname="tests.test_query_tool_routes.TestLotHistoryEndpoint" name="test_missing_container_id" time="0.026" /><testcase classname="tests.test_query_tool_routes.TestLotHistoryEndpoint" name="test_lot_history_success" time="0.025" /><testcase classname="tests.test_query_tool_routes.TestLotHistoryEndpoint" name="test_lot_history_service_error" time="0.026" /><testcase classname="tests.test_query_tool_routes.TestLotHistoryEndpoint" name="test_lot_history_batch_over_limit_returns_413" time="0.028" /><testcase classname="tests.test_query_tool_routes.TestLotHistoryEndpoint" name="test_lot_history_batch_forwards_pagination_and_quality_meta" time="0.027" /><testcase classname="tests.test_query_tool_routes.TestLotHistoryEndpoint" name="test_lot_history_single_forwards_pagination_and_quality_meta" time="0.025" /><testcase classname="tests.test_query_tool_routes.TestLotHistoryEndpoint" name="test_lot_history_single_complete_status_no_warning_needed" time="0.064" /><testcase classname="tests.test_query_tool_routes.TestAdjacentLotsEndpoint" name="test_missing_equipment_id" time="0.024" /><testcase classname="tests.test_query_tool_routes.TestAdjacentLotsEndpoint" name="test_missing_target_time" time="0.024" /><testcase classname="tests.test_query_tool_routes.TestAdjacentLotsEndpoint" name="test_with_only_equipment_id" time="0.025" /><testcase classname="tests.test_query_tool_routes.TestAdjacentLotsEndpoint" name="test_adjacent_lots_success" time="0.025" /><testcase classname="tests.test_query_tool_routes.TestLotAssociationsEndpoint" name="test_missing_container_id" time="0.025" /><testcase classname="tests.test_query_tool_routes.TestLotAssociationsEndpoint" name="test_missing_type" time="0.023" /><testcase classname="tests.test_query_tool_routes.TestLotAssociationsEndpoint" name="test_invalid_type" time="0.026" /><testcase classname="tests.test_query_tool_routes.TestLotAssociationsEndpoint" name="test_lot_materials_success" time="0.062" /><testcase classname="tests.test_query_tool_routes.TestLotAssociationsEndpoint" name="test_lot_splits_default_fast_mode" time="0.024" /><testcase classname="tests.test_query_tool_routes.TestLotAssociationsEndpoint" name="test_lot_splits_full_history_mode" time="0.024" /><testcase classname="tests.test_query_tool_routes.TestLotAssociationsEndpoint" name="test_lot_associations_batch_over_limit_returns_413" time="0.026" /><testcase classname="tests.test_query_tool_routes.TestLotAssociationsEndpoint" name="test_lot_associations_batch_forwards_pagination_and_quality_meta" time="0.025" /><testcase classname="tests.test_query_tool_routes.TestLotAssociationsEndpoint" name="test_lot_materials_single_forwards_quality_meta" time="0.025" /><testcase classname="tests.test_query_tool_routes.TestLotAssociationsEndpoint" name="test_lot_rejects_single_forwards_quality_meta" time="0.025" /><testcase classname="tests.test_query_tool_routes.TestLotAssociationsEndpoint" name="test_lot_holds_single_forwards_quality_meta" time="0.025" /><testcase classname="tests.test_query_tool_routes.TestQueryToolRateLimit" name="test_resolve_rate_limited_returns_429" time="0.024" /><testcase classname="tests.test_query_tool_routes.TestQueryToolRateLimit" name="test_lot_history_rate_limited_returns_429" time="0.064" /><testcase classname="tests.test_query_tool_routes.TestQueryToolRateLimit" name="test_lot_association_rate_limited_returns_429" time="0.025" /><testcase classname="tests.test_query_tool_routes.TestQueryToolRateLimit" name="test_adjacent_lots_rate_limited_returns_429" time="0.025" /><testcase classname="tests.test_query_tool_routes.TestQueryToolRateLimit" name="test_equipment_period_rate_limited_returns_429" time="0.028" /><testcase classname="tests.test_query_tool_routes.TestQueryToolRateLimit" name="test_export_rate_limited_returns_429" time="0.025" /><testcase classname="tests.test_query_tool_routes.TestEquipmentPeriodEndpoint" name="test_non_json_payload_returns_415" time="0.024" /><testcase classname="tests.test_query_tool_routes.TestEquipmentPeriodEndpoint" name="test_malformed_json_returns_400" time="0.026" /><testcase classname="tests.test_query_tool_routes.TestEquipmentPeriodEndpoint" name="test_missing_query_type" time="0.025" /><testcase classname="tests.test_query_tool_routes.TestEquipmentPeriodEndpoint" name="test_empty_equipment_ids" time="0.070" /><testcase classname="tests.test_query_tool_routes.TestEquipmentPeriodEndpoint" name="test_missing_start_date" time="0.025" /><testcase classname="tests.test_query_tool_routes.TestEquipmentPeriodEndpoint" name="test_missing_end_date" time="0.025" /><testcase classname="tests.test_query_tool_routes.TestEquipmentPeriodEndpoint" name="test_invalid_date_range" time="0.025" /><testcase classname="tests.test_query_tool_routes.TestEquipmentPeriodEndpoint" name="test_date_range_exceeds_limit" time="0.026" /><testcase classname="tests.test_query_tool_routes.TestEquipmentPeriodEndpoint" name="test_invalid_query_type" time="0.026" /><testcase classname="tests.test_query_tool_routes.TestEquipmentPeriodEndpoint" name="test_equipment_status_hours_success" time="0.027" /><testcase classname="tests.test_query_tool_routes.TestEquipmentPeriodEndpoint" name="test_equipment_lots_forwards_pagination" time="0.029" /><testcase classname="tests.test_query_tool_routes.TestEquipmentPeriodEndpoint" name="test_equipment_lots_forwards_container_names_kwarg" time="0.028" /><testcase classname="tests.test_query_tool_routes.TestExportCsvEndpoint" name="test_non_json_payload_returns_415" time="0.068" /><testcase classname="tests.test_query_tool_routes.TestExportCsvEndpoint" name="test_malformed_json_returns_400" time="0.024" /><testcase classname="tests.test_query_tool_routes.TestExportCsvEndpoint" name="test_missing_export_type" time="0.024" /><testcase classname="tests.test_query_tool_routes.TestExportCsvEndpoint" name="test_invalid_export_type" time="0.027" /><testcase classname="tests.test_query_tool_routes.TestExportCsvEndpoint" name="test_export_lot_history_success" time="0.024" /><testcase classname="tests.test_query_tool_routes.TestExportCsvEndpoint" name="test_export_lot_materials_uses_container_name_as_lot_id" time="0.026" /><testcase classname="tests.test_query_tool_routes.TestExportCsvEndpoint" name="test_export_lot_holds_uses_container_name_as_lot_id" time="0.025" /><testcase classname="tests.test_query_tool_routes.TestExportCsvBatchEndpoint" name="test_export_lot_history_batch" time="0.024" /><testcase classname="tests.test_query_tool_routes.TestExportCsvBatchEndpoint" name="test_export_lot_history_single_cid_in_array" time="0.063" /><testcase classname="tests.test_query_tool_routes.TestExportCsvBatchEndpoint" name="test_export_lot_materials_batch" time="0.025" /><testcase classname="tests.test_query_tool_routes.TestExportCsvBatchEndpoint" name="test_export_lot_rejects_batch" time="0.024" /><testcase classname="tests.test_query_tool_routes.TestExportCsvBatchEndpoint" name="test_export_lot_holds_batch" time="0.026" /><testcase classname="tests.test_query_tool_routes.TestExportCsvBatchEndpoint" name="test_export_backward_compat_container_id" time="0.024" /><testcase classname="tests.test_query_tool_routes.TestExportCsvBatchEndpoint" name="test_export_lot_history_no_cids_returns_400" time="0.024" /><testcase classname="tests.test_query_tool_routes.TestExportCsvBatchEndpoint" name="test_export_lot_jobs_calls_with_history" time="0.024" /><testcase classname="tests.test_query_tool_routes.TestEquipmentListEndpoint" name="test_get_equipment_list_success" time="0.025" /><testcase classname="tests.test_query_tool_routes.TestEquipmentListEndpoint" name="test_get_equipment_list_empty" time="0.025" /><testcase classname="tests.test_query_tool_routes.TestEquipmentListEndpoint" name="test_get_equipment_list_exception" time="0.066" /><testcase classname="tests.test_query_tool_routes.TestWorkcenterGroupsEndpoint" name="test_returns_groups_list" time="0.024" /><testcase classname="tests.test_query_tool_routes.TestWorkcenterGroupsEndpoint" name="test_handles_cache_failure" time="0.025" /><testcase classname="tests.test_query_tool_routes.TestWorkcenterGroupsEndpoint" name="test_handles_exception" time="0.027" /><testcase classname="tests.test_query_tool_routes.TestEquipmentRecentJobsEndpoint" name="test_returns_recent_jobs" time="0.025" /><testcase classname="tests.test_query_tool_routes.TestEquipmentRecentJobsEndpoint" name="test_returns_empty_when_no_jobs" time="0.025" /><testcase classname="tests.test_query_tool_routes.TestEquipmentRecentJobsEndpoint" name="test_handles_db_error" time="0.024" /><testcase classname="tests.test_query_tool_routes.TestLotHistoryWithWorkcenterFilter" name="test_accepts_workcenter_groups_param" time="0.024" /><testcase classname="tests.test_query_tool_routes.TestLotHistoryWithWorkcenterFilter" name="test_empty_workcenter_groups_ignored" time="0.065" /><testcase classname="tests.test_query_tool_routes.TestLotHistoryWithWorkcenterFilter" name="test_returns_filtered_by_groups_in_response" time="0.025" /><testcase classname="tests.test_query_tool_routes.TestEquipmentPeriodRejectsDetailSchema" name="test_equipment_period_rejects_detail_schema" time="0.025" /><testcase classname="tests.test_query_tool_routes.TestEquipmentPeriodRejectsDetailSchema" name="test_equipment_period_rejects_empty_equipment_ids_returns_error" time="0.026" /><testcase classname="tests.test_query_tool_routes.TestBatchDetailPostPath" name="test_lot_history_post_batch_reads_container_ids_array" time="0.026" /><testcase classname="tests.test_query_tool_routes.TestBatchDetailPostPath" name="test_lot_history_post_large_batch_that_would_overflow_a_get_url" time="0.026" /><testcase classname="tests.test_query_tool_routes.TestBatchDetailPostPath" name="test_lot_associations_post_batch_reads_container_ids_array" time="0.026" /><testcase classname="tests.test_query_tool_routes.TestBatchDetailPostPath" name="test_lot_history_post_over_limit_returns_413" time="0.027" /><testcase classname="tests.test_query_tool_routes.TestBatchDetailPostPath" name="test_lot_history_get_batch_still_supported" time="0.025" /><testcase classname="tests.test_query_tool_service.TestValidateDateRange" name="test_valid_range" time="0.000" /><testcase classname="tests.test_query_tool_service.TestValidateDateRange" name="test_same_day" time="0.000" /><testcase classname="tests.test_query_tool_service.TestValidateDateRange" name="test_end_before_start" time="0.000" /><testcase classname="tests.test_query_tool_service.TestValidateDateRange" name="test_exceeds_max_range" time="0.000" /><testcase classname="tests.test_query_tool_service.TestValidateDateRange" name="test_exactly_max_range" time="0.000" /><testcase classname="tests.test_query_tool_service.TestValidateDateRange" name="test_one_day_over_max_range" time="0.000" /><testcase classname="tests.test_query_tool_service.TestValidateDateRange" name="test_invalid_date_format" time="0.000" /><testcase classname="tests.test_query_tool_service.TestValidateDateRange" name="test_invalid_start_date" time="0.000" /><testcase classname="tests.test_query_tool_service.TestValidateDateRange" name="test_invalid_end_date" time="0.000" /><testcase classname="tests.test_query_tool_service.TestValidateDateRange" name="test_non_date_string" time="0.000" /><testcase classname="tests.test_query_tool_service.TestValidateLotInput" name="test_valid_lot_ids" time="0.000" /><testcase classname="tests.test_query_tool_service.TestValidateLotInput" name="test_valid_serial_numbers" time="0.000" /><testcase classname="tests.test_query_tool_service.TestValidateLotInput" name="test_valid_work_orders" time="0.000" /><testcase classname="tests.test_query_tool_service.TestValidateLotInput" name="test_empty_values" time="0.000" /><testcase classname="tests.test_query_tool_service.TestValidateLotInput" name="test_large_input_list_allowed_when_no_count_cap" time="0.000" /><testcase classname="tests.test_query_tool_service.TestValidateLotInput" name="test_rejects_too_broad_wildcard_pattern" time="0.000" /><testcase classname="tests.test_query_tool_service.TestValidateLotInput" name="test_accepts_wildcard_with_prefix" time="0.000" /><testcase classname="tests.test_query_tool_service.TestValidateEquipmentInput" name="test_valid_equipment_ids" time="0.000" /><testcase classname="tests.test_query_tool_service.TestValidateEquipmentInput" name="test_empty_equipment_ids" time="0.000" /><testcase classname="tests.test_query_tool_service.TestResolveQueriesUseBindParams" name="test_resolve_by_lot_id_uses_query_builder_params" time="0.002" /><testcase classname="tests.test_query_tool_service.TestResolveQueriesUseBindParams" name="test_resolve_by_lot_id_supports_wildcard_pattern" time="0.001" /><testcase classname="tests.test_query_tool_service.TestResolveQueriesUseBindParams" name="test_resolve_by_wafer_lot_supports_wildcard_pattern" time="0.001" /><testcase classname="tests.test_query_tool_service.TestResolveQueriesUseBindParams" name="test_resolve_by_serial_number_uses_query_builder_params" time="0.043" /><testcase classname="tests.test_query_tool_service.TestResolveQueriesUseBindParams" name="test_resolve_by_work_order_uses_query_builder_params" time="0.001" /><testcase classname="tests.test_query_tool_service.TestResolveQueriesUseBindParams" name="test_resolve_by_work_order_supports_wildcard_pattern" time="0.001" /><testcase classname="tests.test_query_tool_service.TestSplitMergeHistoryMode" name="test_fast_mode_uses_time_window_and_row_limit" time="0.001" /><testcase classname="tests.test_query_tool_service.TestSplitMergeHistoryMode" name="test_full_mode_uses_slow_query_without_limits" time="0.004" /><testcase classname="tests.test_query_tool_service.TestServiceConstants" name="test_batch_size_is_reasonable" time="0.000" /><testcase classname="tests.test_query_tool_service.TestServiceConstants" name="test_max_date_range_is_two_years" time="0.000" /><testcase classname="tests.test_query_tool_service.TestGetWorkcenterForGroups" name="test_calls_filter_cache" time="0.001" /><testcase classname="tests.test_query_tool_service.TestGetWorkcenterForGroups" name="test_returns_empty_list_for_unknown_group" time="0.000" /><testcase classname="tests.test_query_tool_service.TestGetLotHistoryWithWorkcenterFilter" name="test_no_filter_returns_all" time="0.048" /><testcase classname="tests.test_query_tool_service.TestGetLotHistoryWithWorkcenterFilter" name="test_with_filter_adds_condition" time="0.002" /><testcase classname="tests.test_query_tool_service.TestGetLotHistoryWithWorkcenterFilter" name="test_empty_groups_list_no_filter" time="0.001" /><testcase classname="tests.test_query_tool_service.TestGetLotHistoryWithWorkcenterFilter" name="test_filter_with_empty_workcenters_result" time="0.001" /><testcase classname="tests.test_query_tool_service.TestGetEquipmentRejects" name="test_get_equipment_rejects_cross_station_lot" time="0.001" /><testcase classname="tests.test_query_tool_service.TestGetEquipmentRejects" name="test_get_equipment_rejects_no_aggregate_columns" time="0.001" /><testcase classname="tests.test_query_tool_service.TestGetEquipmentRejects" name="test_get_equipment_rejects_empty_short_circuit" time="0.001" /><testcase classname="tests.test_query_tool_service.TestTimeoutClassification" name="test_resolve_lots_maps_call_timeout_to_query_timeout" time="0.001" /><testcase classname="tests.test_query_tool_service.TestTimeoutClassification" name="test_resolve_lots_non_timeout_stays_internal_error" time="0.001" /><testcase classname="tests.test_query_tool_service.TestGetEquipmentLots" name="test_equipment_lots_sql_trims_containername_like_productlinename" time="0.000" /><testcase classname="tests.test_query_tool_service.TestGetEquipmentLots" name="test_equipment_lots_containername_trimmed_char_padded" time="0.004" /><testcase classname="tests.test_query_tool_service.TestGetEquipmentLots" name="test_equipment_lots_char_padded_fixture_returns_nonempty_rows" time="0.003" /><testcase classname="tests.test_query_tool_service.TestGetEquipmentLots" name="test_equipment_lots_container_names_filters_via_upper_trim_in" time="0.003" /><testcase classname="tests.test_query_tool_service.TestGetEquipmentLots" name="test_equipment_lots_container_names_applied_in_sql_where_not_python_postfilter" time="0.003" /><testcase classname="tests.test_query_tool_service.TestGetEquipmentLots" name="test_equipment_lots_omitted_container_names_unchanged_behavior" time="0.004" /></testsuite></testsuites>