<?xml version="1.0" encoding="utf-8"?><testsuites name="pytest tests"><testsuite name="pytest" errors="0" failures="1" skipped="0" tests="17" time="1.760" timestamp="2026-06-19T16:41:37.968915+08:00" hostname="egg-Virtual-Machine"><testcase classname="tests.test_downtime_unified_job.TestDowntimeJobPreQuery" name="test_pre_query_returns_base_and_job_chunks" time="0.008" /><testcase classname="tests.test_downtime_unified_job.TestDowntimeJobPreQuery" name="test_pre_query_sets_spool_key" time="0.000" /><testcase classname="tests.test_downtime_unified_job.TestDowntimeJobPreQuery" name="test_pre_query_chunks_have_date_range" time="0.000" /><testcase classname="tests.test_downtime_unified_job.TestDowntimeJobChunkToDb" name="test_base_chunk_routes_to_base_raw_table" time="0.072" /><testcase classname="tests.test_downtime_unified_job.TestDowntimeJobChunkToDb" name="test_job_chunk_routes_to_job_raw_table" time="0.044" /><testcase classname="tests.test_downtime_unified_job.TestDowntimeJobChunkToDb" name="test_multiple_base_chunks_accumulate" time="0.080" /><testcase classname="tests.test_downtime_unified_job.TestDowntimeJobChunkToDb" name="test_unknown_kind_raises_value_error" time="0.001" /><testcase classname="tests.test_downtime_unified_job.TestDowntimeJobChunkToDb" name="test_chunk_to_duckdb_raises_runtime_error" time="0.001" /><testcase classname="tests.test_downtime_unified_job.TestDowntimeJobPostAggregate" name="test_winner_selection_largest_overlap" time="0.138" /><testcase classname="tests.test_downtime_unified_job.TestDowntimeJobPostAggregate" name="test_match_ambiguous_false_when_runner_up_lt_80pct" time="0.311" /><testcase classname="tests.test_downtime_unified_job.TestDowntimeJobPostAggregate" name="test_match_ambiguous_true_when_runner_up_gte_80pct" time="0.227" /><testcase classname="tests.test_downtime_unified_job.TestDowntimeJobPostAggregate" name="test_orphan_event_match_source_none" time="0.136" /><testcase classname="tests.test_downtime_unified_job.TestDowntimeJobPostAggregate" name="test_path_a_jobid_direct_match" time="0.136" /><testcase classname="tests.test_downtime_unified_job.TestDowntimeJobPostAggregate" name="test_cross_shift_merge_59s_gap_merges" time="0.224" /><testcase classname="tests.test_downtime_unified_job.TestDowntimeJobPostAggregate" name="test_cross_shift_merge_61s_gap_stays_separate" time="0.169" /><testcase classname="tests.test_downtime_unified_job.TestDowntimeFlagDispatch" name="test_flag_off_calls_legacy_path" time="0.053" /><testcase classname="tests.test_downtime_unified_job.TestDowntimeFlagDispatch" name="test_flag_on_routes_to_unified_job" time="0.053"><failure message="assert 500 == 202&#10; +  where 500 = &lt;WrapperTestResponse streamed [500 INTERNAL SERVER ERROR]&gt;.status_code">tests/test_downtime_unified_job.py:752: in test_flag_on_routes_to_unified_job
    assert resp.status_code == 202
E   assert 500 == 202
E    +  where 500 = &lt;WrapperTestResponse streamed [500 INTERNAL SERVER ERROR]&gt;.status_code</failure></testcase></testsuite></testsuites>