<?xml version="1.0" encoding="utf-8"?><testsuites name="pytest tests"><testsuite name="pytest" errors="0" failures="0" skipped="0" tests="58" time="1.610" timestamp="2026-06-19T16:44:07.221133+08:00" hostname="egg-Virtual-Machine"><testcase classname="tests.test_downtime_unified_job.TestDowntimeJobPreQuery" name="test_pre_query_returns_base_and_job_chunks" time="0.009" /><testcase classname="tests.test_downtime_unified_job.TestDowntimeJobPreQuery" name="test_pre_query_sets_spool_key" time="0.001" /><testcase classname="tests.test_downtime_unified_job.TestDowntimeJobPreQuery" name="test_pre_query_chunks_have_date_range" time="0.000" /><testcase classname="tests.test_downtime_unified_job.TestDowntimeJobChunkToDb" name="test_base_chunk_routes_to_base_raw_table" time="0.080" /><testcase classname="tests.test_downtime_unified_job.TestDowntimeJobChunkToDb" name="test_job_chunk_routes_to_job_raw_table" time="0.048" /><testcase classname="tests.test_downtime_unified_job.TestDowntimeJobChunkToDb" name="test_multiple_base_chunks_accumulate" time="0.092" /><testcase classname="tests.test_downtime_unified_job.TestDowntimeJobChunkToDb" name="test_unknown_kind_raises_value_error" time="0.001" /><testcase classname="tests.test_downtime_unified_job.TestDowntimeJobChunkToDb" name="test_chunk_to_duckdb_raises_runtime_error" time="0.001" /><testcase classname="tests.test_downtime_unified_job.TestDowntimeJobPostAggregate" name="test_winner_selection_largest_overlap" time="0.167" /><testcase classname="tests.test_downtime_unified_job.TestDowntimeJobPostAggregate" name="test_match_ambiguous_false_when_runner_up_lt_80pct" time="0.162" /><testcase classname="tests.test_downtime_unified_job.TestDowntimeJobPostAggregate" name="test_match_ambiguous_true_when_runner_up_gte_80pct" time="0.151" /><testcase classname="tests.test_downtime_unified_job.TestDowntimeJobPostAggregate" name="test_orphan_event_match_source_none" time="0.149" /><testcase classname="tests.test_downtime_unified_job.TestDowntimeJobPostAggregate" name="test_path_a_jobid_direct_match" time="0.157" /><testcase classname="tests.test_downtime_unified_job.TestDowntimeJobPostAggregate" name="test_cross_shift_merge_59s_gap_merges" time="0.168" /><testcase classname="tests.test_downtime_unified_job.TestDowntimeJobPostAggregate" name="test_cross_shift_merge_61s_gap_stays_separate" time="0.127" /><testcase classname="tests.test_downtime_unified_job.TestDowntimeFlagDispatch" name="test_flag_off_calls_legacy_path" time="0.064" /><testcase classname="tests.test_downtime_unified_job.TestDowntimeFlagDispatch" name="test_flag_on_routes_to_unified_job" time="0.051" /><testcase classname="tests.test_downtime_unified_job.TestDowntimeJobSpoolKey" name="test_spool_key_matches_legacy_for_same_params" time="0.001" /><testcase classname="tests.test_job_registry.TestJobRegistryModule" name="test_module_exports_required_symbols" time="0.001" /><testcase classname="tests.test_job_registry.TestJobRegistryModule" name="test_register_returns_stored_config" time="0.001" /><testcase classname="tests.test_job_registry.TestJobRegistryModule" name="test_get_returns_none_for_unknown_job_type" time="0.000" /><testcase classname="tests.test_job_registry.TestJobRegistryModule" name="test_list_returns_all_registered_types" time="0.001" /><testcase classname="tests.test_job_registry.TestEnqueueJobDynamic" name="test_dispatches_registered_job_type" time="0.001" /><testcase classname="tests.test_job_registry.TestEnqueueJobDynamic" name="test_returns_error_tuple_for_unregistered_type" time="0.000" /><testcase classname="tests.test_job_registry.TestEnqueueJobDynamic" name="test_respects_should_enqueue_false" time="0.001" /><testcase classname="tests.test_job_registry.TestJobServiceRegistrations" name="test_each_service_registers_exactly_one_job_type" time="0.006" /><testcase classname="tests.test_job_registry.TestAlwaysAsyncField" name="test_job_type_config_always_async_defaults_false" time="0.001" /><testcase classname="tests.test_job_registry.TestAlwaysAsyncField" name="test_job_type_config_always_async_true" time="0.000" /><testcase classname="tests.test_job_registry.TestAlwaysAsyncField" name="test_eap_alarm_registered_with_always_async_true" time="0.001" /><testcase classname="tests.test_query_cost_policy.TestL0SpoolHit" name="test_l0_spool_hit_returns_sync" time="0.002" /><testcase classname="tests.test_query_cost_policy.TestL0SpoolHit" name="test_l0_short_circuits_l1" time="0.001" /><testcase classname="tests.test_query_cost_policy.TestL0SpoolHit" name="test_l0_short_circuits_l2" time="0.000" /><testcase classname="tests.test_query_cost_policy.TestL0SpoolHit" name="test_l0_short_circuits_l3" time="0.001" /><testcase classname="tests.test_query_cost_policy.TestL1AlwaysAsyncDomain" name="test_l1_always_async_domain_returns_async[eap_alarm]" time="0.001" /><testcase classname="tests.test_query_cost_policy.TestL1AlwaysAsyncDomain" name="test_l1_always_async_domain_returns_async[trace]" time="0.001" /><testcase classname="tests.test_query_cost_policy.TestL1AlwaysAsyncDomain" name="test_l1_always_async_domain_returns_async[msd]" time="0.001" /><testcase classname="tests.test_query_cost_policy.TestL1AlwaysAsyncDomain" name="test_l1_does_not_short_circuit_when_spool_hit" time="0.001" /><testcase classname="tests.test_query_cost_policy.TestL1AlwaysAsyncDomain" name="test_l1_always_async_policy_flag" time="0.000" /><testcase classname="tests.test_query_cost_policy.TestL2DateSpan" name="test_l2_date_span_over_threshold" time="0.000" /><testcase classname="tests.test_query_cost_policy.TestL2DateSpan" name="test_l2_date_span_at_threshold" time="0.000" /><testcase classname="tests.test_query_cost_policy.TestL2DateSpan" name="test_l2_date_span_under_threshold" time="0.000" /><testcase classname="tests.test_query_cost_policy.TestL2DateSpan" name="test_l2_string_dates_accepted" time="0.001" /><testcase classname="tests.test_query_cost_policy.TestL2DateSpan" name="test_l2_missing_dates_skips_check" time="0.000" /><testcase classname="tests.test_query_cost_policy.TestL3RowCount" name="test_l3_rowcount_over_threshold" time="0.001" /><testcase classname="tests.test_query_cost_policy.TestL3RowCount" name="test_l3_rowcount_at_threshold" time="0.001" /><testcase classname="tests.test_query_cost_policy.TestL3RowCount" name="test_l3_rowcount_under_threshold" time="0.001" /><testcase classname="tests.test_query_cost_policy.TestL3RowCount" name="test_l3_row_count_fn_error_does_not_raise" time="0.000" /><testcase classname="tests.test_query_cost_policy.TestL3RowCount" name="test_l2_short_circuits_l3" time="0.001" /><testcase classname="tests.test_query_cost_policy.TestL3RowCount" name="test_all_under_threshold_returns_sync" time="0.001" /><testcase classname="tests.test_query_cost_policy.TestDeprecationWarning" name="test_deprecation_warning_for_async_threshold_env[DOWNTIME_ASYNC_DAY_THRESHOLD]" time="0.002" /><testcase classname="tests.test_query_cost_policy.TestDeprecationWarning" name="test_deprecation_warning_for_async_threshold_env[HOLD_ASYNC_DAY_THRESHOLD]" time="0.001" /><testcase classname="tests.test_query_cost_policy.TestDeprecationWarning" name="test_deprecation_warning_for_async_threshold_env[RESOURCE_ASYNC_DAY_THRESHOLD]" time="0.001" /><testcase classname="tests.test_query_cost_policy.TestDeprecationWarning" name="test_deprecation_warning_for_async_threshold_env[REJECT_ASYNC_DAY_THRESHOLD]" time="0.001" /><testcase classname="tests.test_query_cost_policy.TestDeprecationWarning" name="test_no_deprecation_warning_without_env_var" time="0.000" /><testcase classname="tests.test_query_cost_policy.TestNoPandasAndNoCallers" name="test_no_pandas_import_in_new_modules[module_path0]" time="0.002" /><testcase classname="tests.test_query_cost_policy.TestNoPandasAndNoCallers" name="test_no_pandas_import_in_new_modules[module_path1]" time="0.001" /><testcase classname="tests.test_query_cost_policy.TestNoPandasAndNoCallers" name="test_no_pandas_import_in_new_modules[module_path2]" time="0.003" /><testcase classname="tests.test_query_cost_policy.TestNoPandasAndNoCallers" name="test_no_caller_outside_tests" time="0.020" /></testsuite></testsuites>