<?xml version="1.0" encoding="utf-8"?><testsuites name="pytest tests"><testsuite name="pytest" errors="0" failures="0" skipped="0" tests="75" time="134.958" timestamp="2026-06-16T14:40:27.731643+08:00" hostname="egg-Virtual-Machine"><testcase classname="tests.contract.test_capture_samples.TestCaptureSamples" name="test_capture_script_exists" time="0.003" /><testcase classname="tests.contract.test_capture_samples.TestCaptureSamples" name="test_auth_endpoints_get_session_cookie" time="0.080" /><testcase classname="tests.contract.test_capture_samples.TestCaptureSamples" name="test_capture_runs_without_error" time="99.915" /><testcase classname="tests.contract.test_capture_samples.TestCaptureSamples" name="test_samples_dir_has_158_files" time="0.001" /><testcase classname="tests.contract.test_capture_samples.TestCaptureSamples" name="test_manifest_exists_after_capture" time="0.001" /><testcase classname="tests.contract.test_doctor_clean.TestDoctorClean" name="test_doctor_response_shape_zero_warnings" time="3.002" /><testcase classname="tests.contract.test_gate_wiring.TestGateWiring" name="test_ci_yml_contains_validate_contracts_step" time="0.001" /><testcase classname="tests.contract.test_gate_wiring.TestGateWiring" name="test_ci_yml_has_validate_contracts_in_jobs" time="0.001" /><testcase classname="tests.contract.test_manifest_completeness.TestManifestCompleteness" name="test_manifest_exists" time="0.001" /><testcase classname="tests.contract.test_manifest_completeness.TestManifestCompleteness" name="test_manifest_has_at_least_158_entries" time="0.001" /><testcase classname="tests.contract.test_manifest_completeness.TestManifestCompleteness" name="test_manifest_keys_match_known_endpoints" time="0.001" /><testcase classname="tests.contract.test_manifest_completeness.TestManifestCompleteness" name="test_all_sample_files_exist_on_disk" time="0.002" /><testcase classname="tests.contract.test_manifest_completeness.TestManifestCompleteness" name="test_all_sample_files_are_valid_json" time="0.016" /><testcase classname="tests.contract.test_openapi_schema_resolution.TestOpenApiSchemaResolution" name="test_openapi_json_exists" time="0.001" /><testcase classname="tests.contract.test_openapi_schema_resolution.TestOpenApiSchemaResolution" name="test_openapi_json_valid" time="0.002" /><testcase classname="tests.contract.test_openapi_schema_resolution.TestOpenApiSchemaResolution" name="test_openapi_json_no_unresolved_refs" time="0.003" /><testcase classname="tests.contract.test_openapi_schema_resolution.TestOpenApiSchemaResolution" name="test_openapi_operation_count_at_least_158" time="0.002" /><testcase classname="tests.contract.test_openapi_schema_resolution.TestOpenApiSchemaResolution" name="test_operations_have_response_ref_linkages" time="0.002" /><testcase classname="tests.contract.test_openapi_schema_resolution.TestOpenApiSchemaResolution" name="test_response_refs_resolve_to_component_schemas" time="0.002" /><testcase classname="tests.contract.test_schema_coverage.TestSchemaCoverage" name="test_all_endpoints_have_typed_schema_ref" time="0.001" /><testcase classname="tests.contract.test_schema_coverage.TestSchemaCoverage" name="test_no_arrow_prefix_in_table" time="0.001" /><testcase classname="tests.contract.test_schema_coverage.TestSchemaCoverage" name="test_endpoint_count_at_least_158" time="0.001" /><testcase classname="tests.contract.test_schema_coverage.TestSchemaCoverage" name="test_no_prose_success_response_in_table" time="0.001" /><testcase classname="tests.test_api_contract.TestWipRoutesContractCompliance" name="test_wip_routes_has_no_manual_jsonify" time="0.005" /><testcase classname="tests.test_api_contract.TestJsonifyBaselineRegression" name="test_jsonify_count_does_not_exceed_baseline" time="0.066" /><testcase classname="tests.test_api_contract.TestHealthEndpointContractException" name="test_health_frontend_shell_returns_top_level_status" time="0.104" /><testcase classname="tests.test_api_contract.TestHealthEndpointContractException" name="test_health_returns_services_at_top_level" time="0.089" /><testcase classname="tests.test_api_contract.TestHealthEndpointContractException" name="test_health_returns_top_level_status_not_envelope" time="0.066" /><testcase classname="tests.test_api_contract.TestStandardJsonEnvelopeShape" name="test_internal_error_has_standard_error_envelope" time="0.038" /><testcase classname="tests.test_api_contract.TestStandardJsonEnvelopeShape" name="test_not_found_error_has_standard_error_envelope" time="0.038" /><testcase classname="tests.test_api_contract.TestStandardJsonEnvelopeShape" name="test_success_response_has_standard_envelope" time="0.037" /><testcase classname="tests.test_api_contract.TestStandardJsonEnvelopeShape" name="test_validation_error_has_standard_error_envelope" time="0.036" /><testcase classname="tests.test_api_contract.TestEnvelopeRuntimeSweep" name="test_envelope_runtime_sweep" time="30.290" /><testcase classname="tests.test_api_contract.TestRouteMatrixComplete" name="test_route_matrix_complete" time="0.035" /><testcase classname="tests.test_api_contract.TestErrorEnvelopeCodesInAllowlist" name="test_error_codes_are_defined_constants" time="0.042" /><testcase classname="tests.test_api_contract.TestErrorEnvelopeCodesInAllowlist" name="test_internal_error_code_in_envelope" time="0.037" /><testcase classname="tests.test_api_contract.TestErrorEnvelopeCodesInAllowlist" name="test_not_found_error_code_in_envelope" time="0.036" /><testcase classname="tests.test_api_contract.TestErrorEnvelopeCodesInAllowlist" name="test_validation_error_code_in_envelope" time="0.036" /><testcase classname="tests.test_api_contract.TestResourceHistoryProgressContract" name="test_resource_history_progress_endpoint_in_inventory" time="0.001" /><testcase classname="tests.test_api_contract.TestResourceHistoryProgressContract" name="test_resource_history_progress_response_matches_data_shape_contract" time="0.001" /><testcase classname="tests.test_api_contract.TestProductionHistoryQueryModeContract" name="test_query_payload_classification_mode_still_requires_dates" time="0.041" /><testcase classname="tests.test_api_contract.TestProductionHistoryQueryModeContract" name="test_query_payload_dates_optional_with_identifier_tokens" time="0.039" /><testcase classname="tests.test_api_contract.TestProductionHistoryPartialMergeContract" name="test_detail_row_schema_has_partial_count_integer" time="0.076" /><testcase classname="tests.test_api_contract.TestProductionHistoryPartialMergeContract" name="test_production_history_detail_pagination_total_rows_post_aggregation" time="0.040" /><testcase classname="tests.test_api_contract.TestDowntimeSummaryShape" name="test_avg_event_min_is_float" time="0.003" /><testcase classname="tests.test_api_contract.TestDowntimeSummaryShape" name="test_empty_df_returns_zeros" time="0.001" /><testcase classname="tests.test_api_contract.TestDowntimeSummaryShape" name="test_event_count_is_integer" time="0.003" /><testcase classname="tests.test_api_contract.TestDowntimeSummaryShape" name="test_nst_excluded_from_totals" time="0.003" /><testcase classname="tests.test_api_contract.TestDowntimeSummaryShape" name="test_total_hours_present_and_float" time="0.003" /><testcase classname="tests.test_api_contract.TestDowntimeSummaryShape" name="test_udt_sdt_egt_hours_present" time="0.003" /><testcase classname="tests.test_api_contract.TestDailyTrendShape" name="test_date_is_string" time="0.006" /><testcase classname="tests.test_api_contract.TestDailyTrendShape" name="test_hours_are_floats" time="0.004" /><testcase classname="tests.test_api_contract.TestDailyTrendShape" name="test_rows_have_required_fields" time="0.003" /><testcase classname="tests.test_api_contract.TestBigCategoryShape" name="test_category_is_string" time="0.003" /><testcase classname="tests.test_api_contract.TestBigCategoryShape" name="test_pct_sums_to_100" time="0.002" /><testcase classname="tests.test_api_contract.TestBigCategoryShape" name="test_rows_have_required_fields" time="0.002" /><testcase classname="tests.test_api_contract.TestBigCategoryShape" name="test_sorted_by_hours_desc" time="0.002" /><testcase classname="tests.test_api_contract.TestTopReasonsShape" name="test_avg_min_is_float" time="0.003" /><testcase classname="tests.test_api_contract.TestTopReasonsShape" name="test_null_reason_becomes_unfilled" time="0.003" /><testcase classname="tests.test_api_contract.TestTopReasonsShape" name="test_rows_have_required_fields" time="0.003" /><testcase classname="tests.test_api_contract.TestTopReasonsShape" name="test_sorted_by_hours_desc" time="0.004" /><testcase classname="tests.test_api_contract.TestTopReasonsShape" name="test_top_n_respected" time="0.003" /><testcase classname="tests.test_api_contract.TestEquipmentDetailShape" name="test_resource_name_nullable" time="0.008" /><testcase classname="tests.test_api_contract.TestEquipmentDetailShape" name="test_rows_have_required_fields" time="0.006" /><testcase classname="tests.test_api_contract.TestEquipmentDetailShape" name="test_sorted_by_total_hours_desc" time="0.006" /><testcase classname="tests.test_api_contract.TestEventDetailShape" name="test_event_detail_page_has_pagination" time="0.022" /><testcase classname="tests.test_api_contract.TestEventDetailShape" name="test_event_detail_row_has_required_fields" time="0.022" /><testcase classname="tests.test_api_contract.TestEventDetailShape" name="test_job_is_null_when_no_match" time="0.024" /><testcase classname="tests.test_api_contract.TestEventDetailShape" name="test_match_source_closed_enum" time="0.020" /><testcase classname="tests.test_api_contract.TestJobEnrichmentShape" name="test_job_enrichment_fields_present" time="0.042" /><testcase classname="tests.test_api_contract.TestJobEnrichmentShape" name="test_match_ambiguous_is_boolean" time="0.045" /><testcase classname="tests.test_api_contract.TestJobEnrichmentShape" name="test_wait_min_nullable" time="0.044" /><testcase classname="tests.test_api_contract.TestResourceHistoryAsyncContract" name="test_202_response_shape_has_job_id_and_status_url" time="0.114" /><testcase classname="tests.test_api_contract.TestResourceHistoryAsyncContract" name="test_resource_history_query_short_span_returns_200_not_202" time="0.040" /><testcase classname="tests.test_api_contract.TestNoSrcFilesModified" name="test_no_src_files_modified" time="0.006" /></testsuite></testsuites>