<?xml version="1.0" encoding="utf-8"?><testsuites name="pytest tests"><testsuite name="pytest" errors="0" failures="0" skipped="0" tests="7" time="1.359" timestamp="2026-06-24T14:25:41.715803+08:00" hostname="egg-Virtual-Machine"><testcase classname="tests.test_app_factory.AppFactoryTests" name="test_routes_registered" time="0.302" /><testcase classname="tests.test_app_factory.AppFactoryTests" name="test_portal_spa_flag_default_enabled" time="0.052" /><testcase classname="tests.test_app_factory.AppFactoryTests" name="test_portal_spa_flag_disabled_via_env" time="0.039" /><testcase classname="tests.test_app_factory.AppFactoryTests" name="test_portal_spa_flag_enabled_via_env" time="0.037" /><testcase classname="tests.test_app_factory" name="test_status_payload_exposes_portal_spa_enabled" time="0.038" /><testcase classname="tests.test_app_factory" name="test_portal_html_template_deleted" time="0.000" /><testcase classname="tests.test_app_factory" name="test_no_portal_html_reference_in_app_source" time="0.839" /></testsuite></testsuites>