<?xml version="1.0" encoding="utf-8"?><testsuites name="pytest tests"><testsuite name="pytest" errors="0" failures="0" skipped="17" tests="48" time="0.427" timestamp="2026-06-18T09:45:31.057616+08:00" hostname="egg-Virtual-Machine"><testcase classname="tests.test_eap_alarm_service.TestSpoolKeyComposition" name="test_key_format" time="0.002" /><testcase classname="tests.test_eap_alarm_service.TestSpoolKeyComposition" name="test_hash_is_8_chars" time="0.001" /><testcase classname="tests.test_eap_alarm_service.TestSpoolKeyComposition" name="test_sorted_eqp_types_gives_same_key" time="0.001" /><testcase classname="tests.test_eap_alarm_service.TestSpoolKeyComposition" name="test_different_eqp_types_give_different_key" time="0.001" /><testcase classname="tests.test_eap_alarm_service.TestSpoolKeyComposition" name="test_hash_matches_sha256_of_sorted_join" time="0.001" /><testcase classname="tests.test_eap_alarm_service.TestSpoolKeyComposition" name="test_different_dates_give_different_key" time="0.001" /><testcase classname="tests.test_eap_alarm_service.TestSpoolKeyComposition" name="test_schema_version_in_key" time="0.000" /><testcase classname="tests.test_eap_alarm_service.TestMissingDateRangeRaisesValueError" name="test_missing_date_from_spool_key" time="0.001" /><testcase classname="tests.test_eap_alarm_service.TestMissingDateRangeRaisesValueError" name="test_missing_date_to_spool_key" time="0.001" /><testcase classname="tests.test_eap_alarm_service.TestMissingDateRangeRaisesValueError" name="test_empty_date_from_spool_key" time="0.000" /><testcase classname="tests.test_eap_alarm_service.TestMissingDateRangeRaisesValueError" name="test_missing_date_from_validate" time="0.001" /><testcase classname="tests.test_eap_alarm_service.TestMissingDateRangeRaisesValueError" name="test_missing_date_to_validate" time="0.000" /><testcase classname="tests.test_eap_alarm_service.TestMissingDateRangeRaisesValueError" name="test_both_dates_missing_validate" time="0.000" /><testcase classname="tests.test_eap_alarm_service.TestEqpTypeAllowlist" name="test_all_ten_valid_types_no_error" time="0.000" /><testcase classname="tests.test_eap_alarm_service.TestEqpTypeAllowlist" name="test_single_valid_type_no_error" time="0.000" /><testcase classname="tests.test_eap_alarm_service.TestEqpTypeAllowlist" name="test_unknown_type_raises_value_error" time="0.000" /><testcase classname="tests.test_eap_alarm_service.TestEqpTypeAllowlist" name="test_lowercase_invalid" time="0.000" /><testcase classname="tests.test_eap_alarm_service.TestEqpTypeAllowlist" name="test_empty_list_raises_value_error" time="0.001" /><testcase classname="tests.test_eap_alarm_service.TestEqpTypeAllowlist" name="test_none_list_raises_value_error" time="0.000" /><testcase classname="tests.test_eap_alarm_service.TestAlarmCategoryDecode" name="test_all_nine_known_codes" time="0.000" /><testcase classname="tests.test_eap_alarm_service.TestAlarmCategoryDecode" name="test_unknown_code_99_returns_unknown" time="0.000" /><testcase classname="tests.test_eap_alarm_service.TestAlarmCategoryDecode" name="test_unknown_code_255_returns_unknown" time="0.000" /><testcase classname="tests.test_eap_alarm_service.TestAlarmCategoryDecode" name="test_none_returns_unknown" time="0.000" /><testcase classname="tests.test_eap_alarm_service.TestAlarmCategoryDecode" name="test_string_code_coerced" time="0.000" /><testcase classname="tests.test_eap_alarm_service.TestAlarmCategoryDecode" name="test_string_unknown_code_returns_unknown" time="0.001" /><testcase classname="tests.test_eap_alarm_service.TestAlarmCategoryDecode" name="test_float_code_coerced" time="0.001" /><testcase classname="tests.test_eap_alarm_service.TestAlarmCategoryDecode" name="test_negative_code_returns_unknown" time="0.000" /><testcase classname="tests.test_eap_alarm_service.TestAlarmCategoryDecode" name="test_service_decode_matches_cache_decode" time="0.000" /><testcase classname="tests.test_eap_alarm_service.TestSchemaVersionIsPinned" name="test_schema_version_is_integer" time="0.000" /><testcase classname="tests.test_eap_alarm_service.TestSchemaVersionIsPinned" name="test_schema_version_equals_one" time="0.000" /><testcase classname="tests.test_spool_routes" name="test_eap_alarm_in_allowed_namespaces" time="0.001" /><testcase classname="tests.integration.test_eap_alarm_resilience" name="test_oracle_failure_during_spool" time="0.000"><skipped type="pytest.skip" message="need --run-integration option to run">/home/egg/Project/DashBoard_vite/tests/integration/test_eap_alarm_resilience.py:29: need --run-integration option to run</skipped></testcase><testcase classname="tests.integration.test_eap_alarm_resilience" name="test_redis_failure_returns_503" time="0.000"><skipped type="pytest.skip" message="need --run-integration option to run">/home/egg/Project/DashBoard_vite/tests/integration/test_eap_alarm_resilience.py:68: need --run-integration option to run</skipped></testcase><testcase classname="tests.integration.test_eap_alarm_resilience" name="test_spool_miss_fine_filter_returns_410[/api/eap-alarm/filter-options?query_id=expired_key]" time="0.000"><skipped type="pytest.skip" message="need --run-integration option to run">/home/egg/Project/DashBoard_vite/tests/integration/test_eap_alarm_resilience.py:102: need --run-integration option to run</skipped></testcase><testcase classname="tests.integration.test_eap_alarm_resilience" name="test_spool_miss_fine_filter_returns_410[/api/eap-alarm/summary?query_id=expired_key]" time="0.000"><skipped type="pytest.skip" message="need --run-integration option to run">/home/egg/Project/DashBoard_vite/tests/integration/test_eap_alarm_resilience.py:102: need --run-integration option to run</skipped></testcase><testcase classname="tests.integration.test_eap_alarm_resilience" name="test_spool_miss_fine_filter_returns_410[/api/eap-alarm/pareto?query_id=expired_key]" time="0.000"><skipped type="pytest.skip" message="need --run-integration option to run">/home/egg/Project/DashBoard_vite/tests/integration/test_eap_alarm_resilience.py:102: need --run-integration option to run</skipped></testcase><testcase classname="tests.integration.test_eap_alarm_resilience" name="test_spool_miss_fine_filter_returns_410[/api/eap-alarm/trend?query_id=expired_key]" time="0.000"><skipped type="pytest.skip" message="need --run-integration option to run">/home/egg/Project/DashBoard_vite/tests/integration/test_eap_alarm_resilience.py:102: need --run-integration option to run</skipped></testcase><testcase classname="tests.integration.test_eap_alarm_resilience" name="test_spool_miss_fine_filter_returns_410[/api/eap-alarm/detail?query_id=expired_key]" time="0.000"><skipped type="pytest.skip" message="need --run-integration option to run">/home/egg/Project/DashBoard_vite/tests/integration/test_eap_alarm_resilience.py:102: need --run-integration option to run</skipped></testcase><testcase classname="tests.integration.test_eap_alarm_data_boundary" name="test_unknown_alarm_category_code_fallback" time="0.000"><skipped type="pytest.skip" message="need --run-integration option to run">/home/egg/Project/DashBoard_vite/tests/integration/test_eap_alarm_data_boundary.py:77: need --run-integration option to run</skipped></testcase><testcase classname="tests.integration.test_eap_alarm_data_boundary" name="test_null_detail_params" time="0.000"><skipped type="pytest.skip" message="need --run-integration option to run">/home/egg/Project/DashBoard_vite/tests/integration/test_eap_alarm_data_boundary.py:94: need --run-integration option to run</skipped></testcase><testcase classname="tests.integration.test_eap_alarm_data_boundary" name="test_null_lot_id" time="0.000"><skipped type="pytest.skip" message="need --run-integration option to run">/home/egg/Project/DashBoard_vite/tests/integration/test_eap_alarm_data_boundary.py:107: need --run-integration option to run</skipped></testcase><testcase classname="tests.integration.test_eap_alarm_data_boundary" name="test_empty_alarm_text_rows" time="0.000"><skipped type="pytest.skip" message="need --run-integration option to run">/home/egg/Project/DashBoard_vite/tests/integration/test_eap_alarm_data_boundary.py:120: need --run-integration option to run</skipped></testcase><testcase classname="tests.integration.test_eap_alarm_data_boundary" name="test_null_alarm_text_excluded_from_filter_options" time="0.000"><skipped type="pytest.skip" message="need --run-integration option to run">/home/egg/Project/DashBoard_vite/tests/integration/test_eap_alarm_data_boundary.py:135: need --run-integration option to run</skipped></testcase><testcase classname="tests.integration.test_eap_alarm_data_boundary" name="test_large_alarm_text" time="0.000"><skipped type="pytest.skip" message="need --run-integration option to run">/home/egg/Project/DashBoard_vite/tests/integration/test_eap_alarm_data_boundary.py:150: need --run-integration option to run</skipped></testcase><testcase classname="tests.integration.test_eap_alarm_data_boundary" name="test_zero_row_spool" time="0.000"><skipped type="pytest.skip" message="need --run-integration option to run">/home/egg/Project/DashBoard_vite/tests/integration/test_eap_alarm_data_boundary.py:167: need --run-integration option to run</skipped></testcase><testcase classname="tests.integration.test_eap_alarm_data_boundary" name="test_detail_params_json_object" time="0.000"><skipped type="pytest.skip" message="need --run-integration option to run">/home/egg/Project/DashBoard_vite/tests/integration/test_eap_alarm_data_boundary.py:197: need --run-integration option to run</skipped></testcase><testcase classname="tests.integration.test_eap_alarm_data_boundary" name="test_summary_top_equipment" time="0.000"><skipped type="pytest.skip" message="need --run-integration option to run">/home/egg/Project/DashBoard_vite/tests/integration/test_eap_alarm_data_boundary.py:211: need --run-integration option to run</skipped></testcase><testcase classname="tests.integration.test_eap_alarm_data_boundary" name="test_per_page_capped_at_200" time="0.000"><skipped type="pytest.skip" message="need --run-integration option to run">/home/egg/Project/DashBoard_vite/tests/integration/test_eap_alarm_data_boundary.py:228: need --run-integration option to run</skipped></testcase></testsuite></testsuites>