<?xml version="1.0" encoding="utf-8"?><testsuites name="pytest tests"><testsuite name="pytest" errors="0" failures="1" skipped="0" tests="25" time="0.442" timestamp="2026-07-01T14:23:32.395083+08:00" hostname="egg-Virtual-Machine"><testcase classname="tests.test_yield_alert_sql_runtime.TestQidHelper" name="test_simple_identifier_quoted" time="0.002" /><testcase classname="tests.test_yield_alert_sql_runtime.TestQidHelper" name="test_double_quotes_in_name_escaped" time="0.000" /><testcase classname="tests.test_yield_alert_sql_runtime.TestQidHelper" name="test_result_wrapped_in_double_quotes" time="0.000" /><testcase classname="tests.test_yield_alert_sql_runtime.TestSqlStrLiteralHelper" name="test_plain_string" time="0.000" /><testcase classname="tests.test_yield_alert_sql_runtime.TestSqlStrLiteralHelper" name="test_single_quote_escaped" time="0.000" /><testcase classname="tests.test_yield_alert_sql_runtime.TestSqlStrLiteralHelper" name="test_path_string" time="0.000" /><testcase classname="tests.test_yield_alert_sql_runtime.TestAttachSpoolView" name="test_creates_yield_alert_src_view" time="0.001" /><testcase classname="tests.test_yield_alert_sql_runtime.TestAttachSpoolView" name="test_creates_or_replaces_view" time="0.001" /><testcase classname="tests.test_yield_alert_sql_runtime.TestFallbackConstants" name="test_disabled_constant" time="0.000" /><testcase classname="tests.test_yield_alert_sql_runtime.TestFallbackConstants" name="test_dep_missing_constant" time="0.000" /><testcase classname="tests.test_yield_alert_sql_runtime.TestFallbackConstants" name="test_spool_miss_constant" time="0.000" /><testcase classname="tests.test_yield_alert_sql_runtime.TestFallbackConstants" name="test_runtime_error_constant" time="0.000" /><testcase classname="tests.test_yield_alert_sql_runtime.TestSpoolNamespace" name="test_namespace_matches_dataset" time="0.000" /><testcase classname="tests.test_yield_alert_sql_runtime.TestDeptSeqMap" name="test_seq_map_covers_all_workcenter_groups" time="0.000" /><testcase classname="tests.test_yield_alert_sql_runtime.TestDeptSeqMap" name="test_seq_map_values_are_unique_indices" time="0.000" /><testcase classname="tests.test_yield_alert_sql_runtime.TestDeptSeqMap" name="test_seq_map_starts_at_zero" time="0.000" /><testcase classname="tests.test_yield_alert_sql_runtime.TestCrossFilterOptions" name="test_compute_cross_filter_options_applies_other_dimension_filters" time="0.032" /><testcase classname="tests.test_yield_alert_sql_runtime.TestCrossFilterOptions" name="test_compute_cross_filter_options_includes_departments_dimension" time="0.019" /><testcase classname="tests.test_yield_alert_sql_runtime.TestCrossFilterOptions" name="test_departments_use_raw_department_name_not_department_group" time="0.021" /><testcase classname="tests.test_yield_alert_sql_runtime.TestCrossFilterOptions" name="test_selecting_department_narrows_lines_packages_types_functions" time="0.020" /><testcase classname="tests.test_yield_alert_sql_runtime.TestCrossFilterOptions" name="test_selecting_line_narrows_departments" time="0.019" /><testcase classname="tests.test_yield_alert_sql_runtime.TestCrossFilterOptions" name="test_workcenter_groups_change_with_process_type_query_id" time="0.040" /><testcase classname="tests.test_yield_alert_sql_runtime.TestQueryFilterOptions" name="test_query_filter_options_returns_departments_from_spool_distinct" time="0.021" /><testcase classname="tests.test_yield_alert_sql_runtime.TestQueryFilterOptions" name="test_query_filter_options_empty_spool_returns_empty_workcenter_groups" time="0.018" /><testcase classname="tests.test_yield_alert_sql_runtime.TestQuerySummaryAlertScopeParity" name="test_transaction_qty_matches_tx_extra_cols_dedup_sum_of_alert_candidates" time="0.012"><failure message="TypeError: _query_summary() got an unexpected keyword argument 'risk_threshold'">tests/test_yield_alert_sql_runtime.py:446: in test_transaction_qty_matches_tx_extra_cols_dedup_sum_of_alert_candidates
    summary = _query_summary(
E   TypeError: _query_summary() got an unexpected keyword argument 'risk_threshold'</failure></testcase></testsuite></testsuites>