<?xml version="1.0" encoding="utf-8"?><testsuites name="pytest tests"><testsuite name="pytest" errors="0" failures="0" skipped="0" tests="31" time="0.344" timestamp="2026-06-18T09:45:22.885136+08:00" hostname="egg-Virtual-Machine"><testcase classname="tests.test_eap_alarm_service.TestSpoolKeyComposition" name="test_key_format" time="0.003" /><testcase classname="tests.test_eap_alarm_service.TestSpoolKeyComposition" name="test_hash_is_8_chars" time="0.001" /><testcase classname="tests.test_eap_alarm_service.TestSpoolKeyComposition" name="test_sorted_eqp_types_gives_same_key" time="0.001" /><testcase classname="tests.test_eap_alarm_service.TestSpoolKeyComposition" name="test_different_eqp_types_give_different_key" time="0.000" /><testcase classname="tests.test_eap_alarm_service.TestSpoolKeyComposition" name="test_hash_matches_sha256_of_sorted_join" time="0.000" /><testcase classname="tests.test_eap_alarm_service.TestSpoolKeyComposition" name="test_different_dates_give_different_key" time="0.000" /><testcase classname="tests.test_eap_alarm_service.TestSpoolKeyComposition" name="test_schema_version_in_key" time="0.000" /><testcase classname="tests.test_eap_alarm_service.TestMissingDateRangeRaisesValueError" name="test_missing_date_from_spool_key" time="0.000" /><testcase classname="tests.test_eap_alarm_service.TestMissingDateRangeRaisesValueError" name="test_missing_date_to_spool_key" time="0.000" /><testcase classname="tests.test_eap_alarm_service.TestMissingDateRangeRaisesValueError" name="test_empty_date_from_spool_key" time="0.000" /><testcase classname="tests.test_eap_alarm_service.TestMissingDateRangeRaisesValueError" name="test_missing_date_from_validate" time="0.003" /><testcase classname="tests.test_eap_alarm_service.TestMissingDateRangeRaisesValueError" name="test_missing_date_to_validate" time="0.000" /><testcase classname="tests.test_eap_alarm_service.TestMissingDateRangeRaisesValueError" name="test_both_dates_missing_validate" time="0.000" /><testcase classname="tests.test_eap_alarm_service.TestEqpTypeAllowlist" name="test_all_ten_valid_types_no_error" time="0.000" /><testcase classname="tests.test_eap_alarm_service.TestEqpTypeAllowlist" name="test_single_valid_type_no_error" time="0.001" /><testcase classname="tests.test_eap_alarm_service.TestEqpTypeAllowlist" name="test_unknown_type_raises_value_error" time="0.001" /><testcase classname="tests.test_eap_alarm_service.TestEqpTypeAllowlist" name="test_lowercase_invalid" time="0.000" /><testcase classname="tests.test_eap_alarm_service.TestEqpTypeAllowlist" name="test_empty_list_raises_value_error" time="0.000" /><testcase classname="tests.test_eap_alarm_service.TestEqpTypeAllowlist" name="test_none_list_raises_value_error" time="0.000" /><testcase classname="tests.test_eap_alarm_service.TestAlarmCategoryDecode" name="test_all_nine_known_codes" time="0.000" /><testcase classname="tests.test_eap_alarm_service.TestAlarmCategoryDecode" name="test_unknown_code_99_returns_unknown" time="0.000" /><testcase classname="tests.test_eap_alarm_service.TestAlarmCategoryDecode" name="test_unknown_code_255_returns_unknown" time="0.000" /><testcase classname="tests.test_eap_alarm_service.TestAlarmCategoryDecode" name="test_none_returns_unknown" time="0.000" /><testcase classname="tests.test_eap_alarm_service.TestAlarmCategoryDecode" name="test_string_code_coerced" time="0.000" /><testcase classname="tests.test_eap_alarm_service.TestAlarmCategoryDecode" name="test_string_unknown_code_returns_unknown" time="0.000" /><testcase classname="tests.test_eap_alarm_service.TestAlarmCategoryDecode" name="test_float_code_coerced" time="0.000" /><testcase classname="tests.test_eap_alarm_service.TestAlarmCategoryDecode" name="test_negative_code_returns_unknown" time="0.000" /><testcase classname="tests.test_eap_alarm_service.TestAlarmCategoryDecode" name="test_service_decode_matches_cache_decode" time="0.000" /><testcase classname="tests.test_eap_alarm_service.TestSchemaVersionIsPinned" name="test_schema_version_is_integer" time="0.000" /><testcase classname="tests.test_eap_alarm_service.TestSchemaVersionIsPinned" name="test_schema_version_equals_one" time="0.000" /><testcase classname="tests.test_spool_routes" name="test_eap_alarm_in_allowed_namespaces" time="0.000" /></testsuite></testsuites>